#-----------------------------------------------------------
# Vivado v2024.2 (64-bit)
# SW Build 5239630 on Fri Nov 08 22:35:27 MST 2024
# IP Build 5239520 on Sun Nov 10 16:12:51 MST 2024
# SharedData Build 5239561 on Fri Nov 08 14:39:27 MST 2024
# Start of session at: Fri Dec 20 10:29:38 2024
# Process ID         : 32604
# Current directory  : C:/Users/skstu/Documents/GitHub/Trabajo-SED-FPGA/Trabajo-FPGA
# Command line       : vivado.exe -gui_launcher_event rodinguilauncherevent40628 C:\Users\skstu\Documents\GitHub\Trabajo-SED-FPGA\Trabajo-FPGA\Trabajo-FPGA.xpr
# Log file           : C:/Users/skstu/Documents/GitHub/Trabajo-SED-FPGA/Trabajo-FPGA/vivado.log
# Journal file       : C:/Users/skstu/Documents/GitHub/Trabajo-SED-FPGA/Trabajo-FPGA\vivado.jou
# Running On         : Saraa
# Platform           : Windows Server 2016 or Windows 10
# Operating System   : 22631
# Processor Detail   : AMD Ryzen 7 7735HS with Radeon Graphics        
# CPU Frequency      : 3194 MHz
# CPU Physical cores : 8
# CPU Logical cores  : 16
# Host memory        : 16438 MB
# Swap memory        : 11274 MB
# Total Virtual      : 27712 MB
# Available Virtual  : 13815 MB
#-----------------------------------------------------------
start_gui
open_project C:/Users/skstu/Documents/GitHub/Trabajo-SED-FPGA/Trabajo-FPGA/Trabajo-FPGA.xpr
Scanning sources...
Finished scanning sources
INFO: [IP_Flow 19-234] Refreshing IP repositories
INFO: [IP_Flow 19-1704] No user IP repositories specified
INFO: [IP_Flow 19-2313] Loaded Vivado IP repository 'C:/Xilinx/Vivado/2024.2/data/ip'.
close [ open C:/Users/skstu/Documents/GitHub/Trabajo-SED-FPGA/Trabajo-FPGA/Trabajo-FPGA.srcs/sources_1/new/raw_to_fix16_14.vhd w ]
add_files C:/Users/skstu/Documents/GitHub/Trabajo-SED-FPGA/Trabajo-FPGA/Trabajo-FPGA.srcs/sources_1/new/raw_to_fix16_14.vhd
set_property SOURCE_SET sources_1 [get_filesets sim_1]
close [ open C:/Users/skstu/Documents/GitHub/Trabajo-SED-FPGA/Trabajo-FPGA/Trabajo-FPGA.srcs/sim_1/new/tb_raw_to_fix16_14.vhd w ]
add_files -fileset sim_1 C:/Users/skstu/Documents/GitHub/Trabajo-SED-FPGA/Trabajo-FPGA/Trabajo-FPGA.srcs/sim_1/new/tb_raw_to_fix16_14.vhd
WARNING: [filemgmt 56-199] Attempt to get parsing info during refresh. "On-the-fly" syntax checking information may be incorrect. [C:\Users\skstu\Documents\GitHub\Trabajo-SED-FPGA\Trabajo-FPGA\Trabajo-FPGA.srcs\sim_1\new\tb_raw_to_fix16_14.vhd:]
WARNING: [filemgmt 56-199] Attempt to get parsing info during refresh. "On-the-fly" syntax checking information may be incorrect. [C:\Users\skstu\Documents\GitHub\Trabajo-SED-FPGA\Trabajo-FPGA\Trabajo-FPGA.srcs\sources_1\new\raw_to_fix16_14.vhd:]
WARNING: [filemgmt 56-199] Attempt to get parsing info during refresh. "On-the-fly" syntax checking information may be incorrect. [C:\Users\skstu\Documents\GitHub\Trabajo-SED-FPGA\Trabajo-FPGA\Trabajo-FPGA.srcs\sim_1\new\tb_raw_to_fix16_14.vhd:]
WARNING: [filemgmt 56-199] Attempt to get parsing info during refresh. "On-the-fly" syntax checking information may be incorrect. [C:\Users\skstu\Documents\GitHub\Trabajo-SED-FPGA\Trabajo-FPGA\Trabajo-FPGA.srcs\sim_1\new\tb_raw_to_fix16_14.vhd:]
ERROR: [Common 17-180] Spawn failed: No error
set_property top tb_raw_to_fix16_14 [get_filesets sim_1]
set_property top_lib xil_defaultlib [get_filesets sim_1]
WARNING: [filemgmt 56-199] Attempt to get parsing info during refresh. "On-the-fly" syntax checking information may be incorrect. [C:\Users\skstu\Documents\GitHub\Trabajo-SED-FPGA\Trabajo-FPGA\Trabajo-FPGA.srcs\sim_1\new\tb_raw_to_fix16_14.vhd:]
WARNING: [filemgmt 56-199] Attempt to get parsing info during refresh. "On-the-fly" syntax checking information may be incorrect. [C:\Users\skstu\Documents\GitHub\Trabajo-SED-FPGA\Trabajo-FPGA\Trabajo-FPGA.srcs\sources_1\new\raw_to_fix16_14.vhd:]
WARNING: [filemgmt 56-199] Attempt to get parsing info during refresh. "On-the-fly" syntax checking information may be incorrect. [C:\Users\skstu\Documents\GitHub\Trabajo-SED-FPGA\Trabajo-FPGA\Trabajo-FPGA.srcs\sim_1\new\tb_raw_to_fix16_14.vhd:]
WARNING: [filemgmt 56-199] Attempt to get parsing info during refresh. "On-the-fly" syntax checking information may be incorrect. [C:\Users\skstu\Documents\GitHub\Trabajo-SED-FPGA\Trabajo-FPGA\Trabajo-FPGA.srcs\sim_1\new\tb_raw_to_fix16_14.vhd:]
ERROR: [Common 17-180] Spawn failed: No error
launch_simulation
Command: launch_simulation 
INFO: [Vivado 12-12493] Simulation top is 'tb_raw_to_fix16_14'
WARNING: [Vivado 12-13340] Unable to auto find GCC executables from simulator install path! (path not set)
INFO: [Vivado 12-5698] Checking validity of IPs in the design for the 'XSim' simulator...
INFO: [Vivado 12-5682] Launching behavioral simulation in 'C:/Users/skstu/Documents/GitHub/Trabajo-SED-FPGA/Trabajo-FPGA/Trabajo-FPGA.sim/sim_1/behav/xsim'
INFO: [Vivado 12-4795] Using compiled simulation libraries for IPs
INFO: [SIM-utils-51] Simulation object is 'sim_1'
INFO: [SIM-utils-72] Using boost library from 'C:/Xilinx/Vivado/2024.2/tps/boost_1_72_0'
INFO: [USF-XSim-7] Finding pre-compiled libraries...
INFO: [USF-XSim-11] File 'C:/Xilinx/Vivado/2024.2/data/xsim/xsim.ini' copied to run dir:'C:/Users/skstu/Documents/GitHub/Trabajo-SED-FPGA/Trabajo-FPGA/Trabajo-FPGA.sim/sim_1/behav/xsim'
INFO: [SIM-utils-54] Inspecting design source files for 'tb_raw_to_fix16_14' in fileset 'sim_1'...
INFO: [USF-XSim-97] Finding global include files...
INFO: [USF-XSim-100] Fetching design files from 'sources_1'...(this may take a while)...
INFO: [USF-XSim-101] Fetching design files from 'sim_1'...
INFO: [USF-XSim-2] XSim::Compile design
INFO: [USF-XSim-61] Executing 'COMPILE and ANALYZE' step in 'C:/Users/skstu/Documents/GitHub/Trabajo-SED-FPGA/Trabajo-FPGA/Trabajo-FPGA.sim/sim_1/behav/xsim'
"xvhdl --incr --relax -prj tb_raw_to_fix16_14_vhdl.prj"
INFO: [VRFC 10-163] Analyzing VHDL file "C:/Users/skstu/Documents/GitHub/Trabajo-SED-FPGA/Trabajo-FPGA/Trabajo-FPGA.gen/sources_1/ip/cordic_0/demo_tb/tb_cordic_0.vhd" into library xil_defaultlib
INFO: [VRFC 10-3107] analyzing entity 'tb_cordic_0'
INFO: [VRFC 10-163] Analyzing VHDL file "C:/Users/skstu/Documents/GitHub/Trabajo-SED-FPGA/Trabajo-FPGA/Trabajo-FPGA.gen/sources_1/ip/cordic_0/sim/cordic_0.vhd" into library xil_defaultlib
INFO: [VRFC 10-3107] analyzing entity 'cordic_0'
INFO: [VRFC 10-163] Analyzing VHDL file "C:/Users/skstu/Documents/GitHub/Trabajo-SED-FPGA/Trabajo-FPGA/Trabajo-FPGA.srcs/sources_1/imports/new/ADXL362Ctrl.vhd" into library xil_defaultlib
INFO: [VRFC 10-3107] analyzing entity 'ADXL362Ctrl'
INFO: [VRFC 10-163] Analyzing VHDL file "C:/Users/skstu/Documents/GitHub/Trabajo-SED-FPGA/Trabajo-FPGA/Trabajo-FPGA.srcs/sources_1/imports/new/AccelerometerCtl.vhd" into library xil_defaultlib
INFO: [VRFC 10-3107] analyzing entity 'AccelerometerCtl'
INFO: [VRFC 10-163] Analyzing VHDL file "C:/Users/skstu/Documents/GitHub/Trabajo-SED-FPGA/Trabajo-FPGA/Trabajo-FPGA.srcs/sources_1/new/AngleCalculator.vhd" into library xil_defaultlib
INFO: [VRFC 10-3107] analyzing entity 'AngleCalculator'
INFO: [VRFC 10-163] Analyzing VHDL file "C:/Users/skstu/Documents/GitHub/Trabajo-SED-FPGA/Trabajo-FPGA/Trabajo-FPGA.srcs/sources_1/new/Converter.vhd" into library xil_defaultlib
INFO: [VRFC 10-3107] analyzing entity 'Converter'
INFO: [VRFC 10-163] Analyzing VHDL file "C:/Users/skstu/Documents/GitHub/Trabajo-SED-FPGA/Trabajo-FPGA/Trabajo-FPGA.srcs/sources_1/new/ExpandAccel.vhd" into library xil_defaultlib
INFO: [VRFC 10-3107] analyzing entity 'ExpandAccel'
INFO: [VRFC 10-163] Analyzing VHDL file "C:/Users/skstu/Documents/GitHub/Trabajo-SED-FPGA/Trabajo-FPGA/Trabajo-FPGA.srcs/sources_1/new/FSM.vhd" into library xil_defaultlib
INFO: [VRFC 10-3107] analyzing entity 'FSM'
INFO: [VRFC 10-163] Analyzing VHDL file "C:/Users/skstu/Documents/GitHub/Trabajo-SED-FPGA/Trabajo-FPGA/Trabajo-FPGA.srcs/sources_1/new/Fix16_13_to_Radians.vhd" into library xil_defaultlib
INFO: [VRFC 10-3107] analyzing entity 'Fix16_13_to_Radians'
INFO: [VRFC 10-163] Analyzing VHDL file "C:/Users/skstu/Documents/GitHub/Trabajo-SED-FPGA/Trabajo-FPGA/Trabajo-FPGA.srcs/sources_1/imports/new/SPI_If.vhd" into library xil_defaultlib
INFO: [VRFC 10-3107] analyzing entity 'SPI_If'
INFO: [VRFC 10-163] Analyzing VHDL file "C:/Users/skstu/Documents/GitHub/Trabajo-SED-FPGA/Trabajo-FPGA/Trabajo-FPGA.srcs/sources_1/new/decoder.vhd" into library xil_defaultlib
INFO: [VRFC 10-3107] analyzing entity 'decoder'
INFO: [VRFC 10-163] Analyzing VHDL file "C:/Users/skstu/Documents/GitHub/Trabajo-SED-FPGA/Trabajo-FPGA/Trabajo-FPGA.srcs/sources_1/new/seven_segment_dynamic.vhd" into library xil_defaultlib
INFO: [VRFC 10-3107] analyzing entity 'seven_segment_dynamic'
INFO: [VRFC 10-163] Analyzing VHDL file "C:/Users/skstu/Documents/GitHub/Trabajo-SED-FPGA/Trabajo-FPGA/Trabajo-FPGA.srcs/sources_1/new/split_real_number_bin.vhd" into library xil_defaultlib
INFO: [VRFC 10-3107] analyzing entity 'split_integer_number_bin'
INFO: [VRFC 10-163] Analyzing VHDL file "C:/Users/skstu/Documents/GitHub/Trabajo-SED-FPGA/Trabajo-FPGA/Trabajo-FPGA.srcs/sources_1/new/top1.vhd" into library xil_defaultlib
INFO: [VRFC 10-3107] analyzing entity 'Top'
INFO: [VRFC 10-163] Analyzing VHDL file "C:/Users/skstu/Documents/GitHub/Trabajo-SED-FPGA/Trabajo-FPGA/Trabajo-FPGA.srcs/sources_1/new/mux_display.vhd" into library xil_defaultlib
INFO: [VRFC 10-3107] analyzing entity 'mux_display'
INFO: [VRFC 10-163] Analyzing VHDL file "C:/Users/skstu/Documents/GitHub/Trabajo-SED-FPGA/Trabajo-FPGA/Trabajo-FPGA.srcs/sources_1/new/FrequencyDivider.vhd" into library xil_defaultlib
INFO: [VRFC 10-3107] analyzing entity 'FrequencyDivider'
INFO: [VRFC 10-163] Analyzing VHDL file "C:/Users/skstu/Documents/GitHub/Trabajo-SED-FPGA/Trabajo-FPGA/Trabajo-FPGA.srcs/sources_1/new/RingCounter.vhd" into library xil_defaultlib
INFO: [VRFC 10-3107] analyzing entity 'RingCounter'
INFO: [VRFC 10-163] Analyzing VHDL file "C:/Users/skstu/Documents/GitHub/Trabajo-SED-FPGA/Trabajo-FPGA/Trabajo-FPGA.srcs/sources_1/new/SelectorDisplay.vhd" into library xil_defaultlib
INFO: [VRFC 10-3107] analyzing entity 'SelectorDisplay'
INFO: [VRFC 10-163] Analyzing VHDL file "C:/Users/skstu/Documents/GitHub/Trabajo-SED-FPGA/Trabajo-FPGA/Trabajo-FPGA.srcs/sources_1/new/raw_to_fix16_14.vhd" into library xil_defaultlib
INFO: [VRFC 10-3107] analyzing entity 'raw_to_fix16_14'
INFO: [VRFC 10-163] Analyzing VHDL file "C:/Users/skstu/Documents/GitHub/Trabajo-SED-FPGA/Trabajo-FPGA/Trabajo-FPGA.srcs/sim_1/new/tb_split_real_number_bin.vhd" into library xil_defaultlib
INFO: [VRFC 10-3107] analyzing entity 'tb_split_real_number_bin'
INFO: [VRFC 10-163] Analyzing VHDL file "C:/Users/skstu/Documents/GitHub/Trabajo-SED-FPGA/Trabajo-FPGA/Trabajo-FPGA.srcs/sim_1/new/Tb_AngleCalculator.vhd" into library xil_defaultlib
INFO: [VRFC 10-3107] analyzing entity 'tb_AngleCalculator'
INFO: [VRFC 10-163] Analyzing VHDL file "C:/Users/skstu/Documents/GitHub/Trabajo-SED-FPGA/Trabajo-FPGA/Trabajo-FPGA.srcs/sim_1/new/Converter_tb.vhd" into library xil_defaultlib
INFO: [VRFC 10-3107] analyzing entity 'Converter_tb'
ERROR: [VRFC 10-719] formal port/generic <grados_real> is not declared in <converter> [C:/Users/skstu/Documents/GitHub/Trabajo-SED-FPGA/Trabajo-FPGA/Trabajo-FPGA.srcs/sim_1/new/Converter_tb.vhd:19]
ERROR: [VRFC 10-9458] unit 'behavioral' is ignored due to previous errors [C:/Users/skstu/Documents/GitHub/Trabajo-SED-FPGA/Trabajo-FPGA/Trabajo-FPGA.srcs/sim_1/new/Converter_tb.vhd:9]
INFO: [VRFC 10-8704] VHDL file 'C:/Users/skstu/Documents/GitHub/Trabajo-SED-FPGA/Trabajo-FPGA/Trabajo-FPGA.srcs/sim_1/new/Converter_tb.vhd' is ignored due to errors
INFO: [USF-XSim-69] 'compile' step finished in '4' seconds
INFO: [USF-XSim-99] Step results log file:'C:/Users/skstu/Documents/GitHub/Trabajo-SED-FPGA/Trabajo-FPGA/Trabajo-FPGA.sim/sim_1/behav/xsim/xvhdl.log'
ERROR: [USF-XSim-62] 'compile' step failed with error(s). Please check the Tcl console output or 'C:/Users/skstu/Documents/GitHub/Trabajo-SED-FPGA/Trabajo-FPGA/Trabajo-FPGA.sim/sim_1/behav/xsim/xvhdl.log' file for more information.
ERROR: [Vivado 12-4473] Detected error while running simulation. Please correct the issue and retry this operation.
ERROR: [Common 17-39] 'launch_simulation' failed due to earlier errors.
launch_simulation
Command: launch_simulation 
INFO: [Vivado 12-12493] Simulation top is 'tb_raw_to_fix16_14'
WARNING: [Vivado 12-13340] Unable to auto find GCC executables from simulator install path! (path not set)
INFO: [Vivado 12-5698] Checking validity of IPs in the design for the 'XSim' simulator...
INFO: [Vivado 12-5682] Launching behavioral simulation in 'C:/Users/skstu/Documents/GitHub/Trabajo-SED-FPGA/Trabajo-FPGA/Trabajo-FPGA.sim/sim_1/behav/xsim'
INFO: [Vivado 12-4795] Using compiled simulation libraries for IPs
INFO: [SIM-utils-51] Simulation object is 'sim_1'
INFO: [SIM-utils-72] Using boost library from 'C:/Xilinx/Vivado/2024.2/tps/boost_1_72_0'
INFO: [USF-XSim-7] Finding pre-compiled libraries...
INFO: [USF-XSim-11] File 'C:/Xilinx/Vivado/2024.2/data/xsim/xsim.ini' copied to run dir:'C:/Users/skstu/Documents/GitHub/Trabajo-SED-FPGA/Trabajo-FPGA/Trabajo-FPGA.sim/sim_1/behav/xsim'
INFO: [SIM-utils-54] Inspecting design source files for 'tb_raw_to_fix16_14' in fileset 'sim_1'...
INFO: [USF-XSim-97] Finding global include files...
INFO: [USF-XSim-100] Fetching design files from 'sources_1'...(this may take a while)...
INFO: [USF-XSim-101] Fetching design files from 'sim_1'...
INFO: [USF-XSim-2] XSim::Compile design
INFO: [USF-XSim-61] Executing 'COMPILE and ANALYZE' step in 'C:/Users/skstu/Documents/GitHub/Trabajo-SED-FPGA/Trabajo-FPGA/Trabajo-FPGA.sim/sim_1/behav/xsim'
"xvhdl --incr --relax -prj tb_raw_to_fix16_14_vhdl.prj"
INFO: [VRFC 10-163] Analyzing VHDL file "C:/Users/skstu/Documents/GitHub/Trabajo-SED-FPGA/Trabajo-FPGA/Trabajo-FPGA.gen/sources_1/ip/cordic_0/demo_tb/tb_cordic_0.vhd" into library xil_defaultlib
INFO: [VRFC 10-3107] analyzing entity 'tb_cordic_0'
INFO: [VRFC 10-163] Analyzing VHDL file "C:/Users/skstu/Documents/GitHub/Trabajo-SED-FPGA/Trabajo-FPGA/Trabajo-FPGA.gen/sources_1/ip/cordic_0/sim/cordic_0.vhd" into library xil_defaultlib
INFO: [VRFC 10-3107] analyzing entity 'cordic_0'
INFO: [VRFC 10-163] Analyzing VHDL file "C:/Users/skstu/Documents/GitHub/Trabajo-SED-FPGA/Trabajo-FPGA/Trabajo-FPGA.srcs/sources_1/imports/new/ADXL362Ctrl.vhd" into library xil_defaultlib
INFO: [VRFC 10-3107] analyzing entity 'ADXL362Ctrl'
INFO: [VRFC 10-163] Analyzing VHDL file "C:/Users/skstu/Documents/GitHub/Trabajo-SED-FPGA/Trabajo-FPGA/Trabajo-FPGA.srcs/sources_1/imports/new/AccelerometerCtl.vhd" into library xil_defaultlib
INFO: [VRFC 10-3107] analyzing entity 'AccelerometerCtl'
INFO: [VRFC 10-163] Analyzing VHDL file "C:/Users/skstu/Documents/GitHub/Trabajo-SED-FPGA/Trabajo-FPGA/Trabajo-FPGA.srcs/sources_1/new/AngleCalculator.vhd" into library xil_defaultlib
INFO: [VRFC 10-3107] analyzing entity 'AngleCalculator'
INFO: [VRFC 10-163] Analyzing VHDL file "C:/Users/skstu/Documents/GitHub/Trabajo-SED-FPGA/Trabajo-FPGA/Trabajo-FPGA.srcs/sources_1/new/Converter.vhd" into library xil_defaultlib
INFO: [VRFC 10-3107] analyzing entity 'Converter'
INFO: [VRFC 10-163] Analyzing VHDL file "C:/Users/skstu/Documents/GitHub/Trabajo-SED-FPGA/Trabajo-FPGA/Trabajo-FPGA.srcs/sources_1/new/ExpandAccel.vhd" into library xil_defaultlib
INFO: [VRFC 10-3107] analyzing entity 'ExpandAccel'
INFO: [VRFC 10-163] Analyzing VHDL file "C:/Users/skstu/Documents/GitHub/Trabajo-SED-FPGA/Trabajo-FPGA/Trabajo-FPGA.srcs/sources_1/new/FSM.vhd" into library xil_defaultlib
INFO: [VRFC 10-3107] analyzing entity 'FSM'
INFO: [VRFC 10-163] Analyzing VHDL file "C:/Users/skstu/Documents/GitHub/Trabajo-SED-FPGA/Trabajo-FPGA/Trabajo-FPGA.srcs/sources_1/new/Fix16_13_to_Radians.vhd" into library xil_defaultlib
INFO: [VRFC 10-3107] analyzing entity 'Fix16_13_to_Radians'
INFO: [VRFC 10-163] Analyzing VHDL file "C:/Users/skstu/Documents/GitHub/Trabajo-SED-FPGA/Trabajo-FPGA/Trabajo-FPGA.srcs/sources_1/imports/new/SPI_If.vhd" into library xil_defaultlib
INFO: [VRFC 10-3107] analyzing entity 'SPI_If'
INFO: [VRFC 10-163] Analyzing VHDL file "C:/Users/skstu/Documents/GitHub/Trabajo-SED-FPGA/Trabajo-FPGA/Trabajo-FPGA.srcs/sources_1/new/decoder.vhd" into library xil_defaultlib
INFO: [VRFC 10-3107] analyzing entity 'decoder'
INFO: [VRFC 10-163] Analyzing VHDL file "C:/Users/skstu/Documents/GitHub/Trabajo-SED-FPGA/Trabajo-FPGA/Trabajo-FPGA.srcs/sources_1/new/seven_segment_dynamic.vhd" into library xil_defaultlib
INFO: [VRFC 10-3107] analyzing entity 'seven_segment_dynamic'
INFO: [VRFC 10-163] Analyzing VHDL file "C:/Users/skstu/Documents/GitHub/Trabajo-SED-FPGA/Trabajo-FPGA/Trabajo-FPGA.srcs/sources_1/new/split_real_number_bin.vhd" into library xil_defaultlib
INFO: [VRFC 10-3107] analyzing entity 'split_integer_number_bin'
INFO: [VRFC 10-163] Analyzing VHDL file "C:/Users/skstu/Documents/GitHub/Trabajo-SED-FPGA/Trabajo-FPGA/Trabajo-FPGA.srcs/sources_1/new/top1.vhd" into library xil_defaultlib
INFO: [VRFC 10-3107] analyzing entity 'Top'
INFO: [VRFC 10-163] Analyzing VHDL file "C:/Users/skstu/Documents/GitHub/Trabajo-SED-FPGA/Trabajo-FPGA/Trabajo-FPGA.srcs/sources_1/new/mux_display.vhd" into library xil_defaultlib
INFO: [VRFC 10-3107] analyzing entity 'mux_display'
INFO: [VRFC 10-163] Analyzing VHDL file "C:/Users/skstu/Documents/GitHub/Trabajo-SED-FPGA/Trabajo-FPGA/Trabajo-FPGA.srcs/sources_1/new/FrequencyDivider.vhd" into library xil_defaultlib
INFO: [VRFC 10-3107] analyzing entity 'FrequencyDivider'
INFO: [VRFC 10-163] Analyzing VHDL file "C:/Users/skstu/Documents/GitHub/Trabajo-SED-FPGA/Trabajo-FPGA/Trabajo-FPGA.srcs/sources_1/new/RingCounter.vhd" into library xil_defaultlib
INFO: [VRFC 10-3107] analyzing entity 'RingCounter'
INFO: [VRFC 10-163] Analyzing VHDL file "C:/Users/skstu/Documents/GitHub/Trabajo-SED-FPGA/Trabajo-FPGA/Trabajo-FPGA.srcs/sources_1/new/SelectorDisplay.vhd" into library xil_defaultlib
INFO: [VRFC 10-3107] analyzing entity 'SelectorDisplay'
INFO: [VRFC 10-163] Analyzing VHDL file "C:/Users/skstu/Documents/GitHub/Trabajo-SED-FPGA/Trabajo-FPGA/Trabajo-FPGA.srcs/sources_1/new/raw_to_fix16_14.vhd" into library xil_defaultlib
INFO: [VRFC 10-3107] analyzing entity 'raw_to_fix16_14'
INFO: [VRFC 10-163] Analyzing VHDL file "C:/Users/skstu/Documents/GitHub/Trabajo-SED-FPGA/Trabajo-FPGA/Trabajo-FPGA.srcs/sim_1/new/tb_split_real_number_bin.vhd" into library xil_defaultlib
INFO: [VRFC 10-3107] analyzing entity 'tb_split_real_number_bin'
INFO: [VRFC 10-163] Analyzing VHDL file "C:/Users/skstu/Documents/GitHub/Trabajo-SED-FPGA/Trabajo-FPGA/Trabajo-FPGA.srcs/sim_1/new/Tb_AngleCalculator.vhd" into library xil_defaultlib
INFO: [VRFC 10-3107] analyzing entity 'tb_AngleCalculator'
INFO: [VRFC 10-163] Analyzing VHDL file "C:/Users/skstu/Documents/GitHub/Trabajo-SED-FPGA/Trabajo-FPGA/Trabajo-FPGA.srcs/sim_1/new/Converter_tb.vhd" into library xil_defaultlib
INFO: [VRFC 10-3107] analyzing entity 'Converter_tb'
ERROR: [VRFC 10-719] formal port/generic <grados_real> is not declared in <converter> [C:/Users/skstu/Documents/GitHub/Trabajo-SED-FPGA/Trabajo-FPGA/Trabajo-FPGA.srcs/sim_1/new/Converter_tb.vhd:19]
ERROR: [VRFC 10-9458] unit 'behavioral' is ignored due to previous errors [C:/Users/skstu/Documents/GitHub/Trabajo-SED-FPGA/Trabajo-FPGA/Trabajo-FPGA.srcs/sim_1/new/Converter_tb.vhd:9]
INFO: [VRFC 10-8704] VHDL file 'C:/Users/skstu/Documents/GitHub/Trabajo-SED-FPGA/Trabajo-FPGA/Trabajo-FPGA.srcs/sim_1/new/Converter_tb.vhd' is ignored due to errors
INFO: [USF-XSim-69] 'compile' step finished in '3' seconds
INFO: [USF-XSim-99] Step results log file:'C:/Users/skstu/Documents/GitHub/Trabajo-SED-FPGA/Trabajo-FPGA/Trabajo-FPGA.sim/sim_1/behav/xsim/xvhdl.log'
ERROR: [USF-XSim-62] 'compile' step failed with error(s). Please check the Tcl console output or 'C:/Users/skstu/Documents/GitHub/Trabajo-SED-FPGA/Trabajo-FPGA/Trabajo-FPGA.sim/sim_1/behav/xsim/xvhdl.log' file for more information.
ERROR: [Vivado 12-4473] Detected error while running simulation. Please correct the issue and retry this operation.
ERROR: [Common 17-39] 'launch_simulation' failed due to earlier errors.
WARNING: [filemgmt 56-199] Attempt to get parsing info during refresh. "On-the-fly" syntax checking information may be incorrect. [C:\Users\skstu\Documents\GitHub\Trabajo-SED-FPGA\Trabajo-FPGA\Trabajo-FPGA.srcs\sim_1\new\tb_raw_to_fix16_14.vhd:]
WARNING: [filemgmt 56-199] Attempt to get parsing info during refresh. "On-the-fly" syntax checking information may be incorrect. [C:\Users\skstu\Documents\GitHub\Trabajo-SED-FPGA\Trabajo-FPGA\Trabajo-FPGA.srcs\sources_1\new\raw_to_fix16_14.vhd:]
WARNING: [filemgmt 56-199] Attempt to get parsing info during refresh. "On-the-fly" syntax checking information may be incorrect. [C:\Users\skstu\Documents\GitHub\Trabajo-SED-FPGA\Trabajo-FPGA\Trabajo-FPGA.srcs\sim_1\new\tb_raw_to_fix16_14.vhd:]
WARNING: [filemgmt 56-199] Attempt to get parsing info during refresh. "On-the-fly" syntax checking information may be incorrect. [C:\Users\skstu\Documents\GitHub\Trabajo-SED-FPGA\Trabajo-FPGA\Trabajo-FPGA.srcs\sim_1\new\tb_raw_to_fix16_14.vhd:]
ERROR: [Common 17-180] Spawn failed: No error
launch_simulation
Command: launch_simulation 
INFO: [Vivado 12-12493] Simulation top is 'tb_raw_to_fix16_14'
WARNING: [Vivado 12-13340] Unable to auto find GCC executables from simulator install path! (path not set)
INFO: [Vivado 12-5698] Checking validity of IPs in the design for the 'XSim' simulator...
INFO: [Vivado 12-5682] Launching behavioral simulation in 'C:/Users/skstu/Documents/GitHub/Trabajo-SED-FPGA/Trabajo-FPGA/Trabajo-FPGA.sim/sim_1/behav/xsim'
INFO: [Vivado 12-4795] Using compiled simulation libraries for IPs
INFO: [SIM-utils-51] Simulation object is 'sim_1'
INFO: [SIM-utils-72] Using boost library from 'C:/Xilinx/Vivado/2024.2/tps/boost_1_72_0'
INFO: [USF-XSim-7] Finding pre-compiled libraries...
INFO: [USF-XSim-11] File 'C:/Xilinx/Vivado/2024.2/data/xsim/xsim.ini' copied to run dir:'C:/Users/skstu/Documents/GitHub/Trabajo-SED-FPGA/Trabajo-FPGA/Trabajo-FPGA.sim/sim_1/behav/xsim'
INFO: [SIM-utils-54] Inspecting design source files for 'tb_raw_to_fix16_14' in fileset 'sim_1'...
INFO: [USF-XSim-97] Finding global include files...
INFO: [USF-XSim-100] Fetching design files from 'sources_1'...(this may take a while)...
INFO: [USF-XSim-101] Fetching design files from 'sim_1'...
INFO: [USF-XSim-2] XSim::Compile design
INFO: [USF-XSim-61] Executing 'COMPILE and ANALYZE' step in 'C:/Users/skstu/Documents/GitHub/Trabajo-SED-FPGA/Trabajo-FPGA/Trabajo-FPGA.sim/sim_1/behav/xsim'
"xvhdl --incr --relax -prj tb_raw_to_fix16_14_vhdl.prj"
INFO: [VRFC 10-163] Analyzing VHDL file "C:/Users/skstu/Documents/GitHub/Trabajo-SED-FPGA/Trabajo-FPGA/Trabajo-FPGA.gen/sources_1/ip/cordic_0/demo_tb/tb_cordic_0.vhd" into library xil_defaultlib
INFO: [VRFC 10-3107] analyzing entity 'tb_cordic_0'
INFO: [VRFC 10-163] Analyzing VHDL file "C:/Users/skstu/Documents/GitHub/Trabajo-SED-FPGA/Trabajo-FPGA/Trabajo-FPGA.gen/sources_1/ip/cordic_0/sim/cordic_0.vhd" into library xil_defaultlib
INFO: [VRFC 10-3107] analyzing entity 'cordic_0'
INFO: [VRFC 10-163] Analyzing VHDL file "C:/Users/skstu/Documents/GitHub/Trabajo-SED-FPGA/Trabajo-FPGA/Trabajo-FPGA.srcs/sources_1/imports/new/ADXL362Ctrl.vhd" into library xil_defaultlib
INFO: [VRFC 10-3107] analyzing entity 'ADXL362Ctrl'
INFO: [VRFC 10-163] Analyzing VHDL file "C:/Users/skstu/Documents/GitHub/Trabajo-SED-FPGA/Trabajo-FPGA/Trabajo-FPGA.srcs/sources_1/imports/new/AccelerometerCtl.vhd" into library xil_defaultlib
INFO: [VRFC 10-3107] analyzing entity 'AccelerometerCtl'
INFO: [VRFC 10-163] Analyzing VHDL file "C:/Users/skstu/Documents/GitHub/Trabajo-SED-FPGA/Trabajo-FPGA/Trabajo-FPGA.srcs/sources_1/new/AngleCalculator.vhd" into library xil_defaultlib
INFO: [VRFC 10-3107] analyzing entity 'AngleCalculator'
INFO: [VRFC 10-163] Analyzing VHDL file "C:/Users/skstu/Documents/GitHub/Trabajo-SED-FPGA/Trabajo-FPGA/Trabajo-FPGA.srcs/sources_1/new/Converter.vhd" into library xil_defaultlib
INFO: [VRFC 10-3107] analyzing entity 'Converter'
INFO: [VRFC 10-163] Analyzing VHDL file "C:/Users/skstu/Documents/GitHub/Trabajo-SED-FPGA/Trabajo-FPGA/Trabajo-FPGA.srcs/sources_1/new/ExpandAccel.vhd" into library xil_defaultlib
INFO: [VRFC 10-3107] analyzing entity 'ExpandAccel'
INFO: [VRFC 10-163] Analyzing VHDL file "C:/Users/skstu/Documents/GitHub/Trabajo-SED-FPGA/Trabajo-FPGA/Trabajo-FPGA.srcs/sources_1/new/FSM.vhd" into library xil_defaultlib
INFO: [VRFC 10-3107] analyzing entity 'FSM'
INFO: [VRFC 10-163] Analyzing VHDL file "C:/Users/skstu/Documents/GitHub/Trabajo-SED-FPGA/Trabajo-FPGA/Trabajo-FPGA.srcs/sources_1/new/Fix16_13_to_Radians.vhd" into library xil_defaultlib
INFO: [VRFC 10-3107] analyzing entity 'Fix16_13_to_Radians'
INFO: [VRFC 10-163] Analyzing VHDL file "C:/Users/skstu/Documents/GitHub/Trabajo-SED-FPGA/Trabajo-FPGA/Trabajo-FPGA.srcs/sources_1/imports/new/SPI_If.vhd" into library xil_defaultlib
INFO: [VRFC 10-3107] analyzing entity 'SPI_If'
INFO: [VRFC 10-163] Analyzing VHDL file "C:/Users/skstu/Documents/GitHub/Trabajo-SED-FPGA/Trabajo-FPGA/Trabajo-FPGA.srcs/sources_1/new/decoder.vhd" into library xil_defaultlib
INFO: [VRFC 10-3107] analyzing entity 'decoder'
INFO: [VRFC 10-163] Analyzing VHDL file "C:/Users/skstu/Documents/GitHub/Trabajo-SED-FPGA/Trabajo-FPGA/Trabajo-FPGA.srcs/sources_1/new/seven_segment_dynamic.vhd" into library xil_defaultlib
INFO: [VRFC 10-3107] analyzing entity 'seven_segment_dynamic'
INFO: [VRFC 10-163] Analyzing VHDL file "C:/Users/skstu/Documents/GitHub/Trabajo-SED-FPGA/Trabajo-FPGA/Trabajo-FPGA.srcs/sources_1/new/split_real_number_bin.vhd" into library xil_defaultlib
INFO: [VRFC 10-3107] analyzing entity 'split_integer_number_bin'
INFO: [VRFC 10-163] Analyzing VHDL file "C:/Users/skstu/Documents/GitHub/Trabajo-SED-FPGA/Trabajo-FPGA/Trabajo-FPGA.srcs/sources_1/new/top1.vhd" into library xil_defaultlib
INFO: [VRFC 10-3107] analyzing entity 'Top'
INFO: [VRFC 10-163] Analyzing VHDL file "C:/Users/skstu/Documents/GitHub/Trabajo-SED-FPGA/Trabajo-FPGA/Trabajo-FPGA.srcs/sources_1/new/mux_display.vhd" into library xil_defaultlib
INFO: [VRFC 10-3107] analyzing entity 'mux_display'
INFO: [VRFC 10-163] Analyzing VHDL file "C:/Users/skstu/Documents/GitHub/Trabajo-SED-FPGA/Trabajo-FPGA/Trabajo-FPGA.srcs/sources_1/new/FrequencyDivider.vhd" into library xil_defaultlib
INFO: [VRFC 10-3107] analyzing entity 'FrequencyDivider'
INFO: [VRFC 10-163] Analyzing VHDL file "C:/Users/skstu/Documents/GitHub/Trabajo-SED-FPGA/Trabajo-FPGA/Trabajo-FPGA.srcs/sources_1/new/RingCounter.vhd" into library xil_defaultlib
INFO: [VRFC 10-3107] analyzing entity 'RingCounter'
INFO: [VRFC 10-163] Analyzing VHDL file "C:/Users/skstu/Documents/GitHub/Trabajo-SED-FPGA/Trabajo-FPGA/Trabajo-FPGA.srcs/sources_1/new/SelectorDisplay.vhd" into library xil_defaultlib
INFO: [VRFC 10-3107] analyzing entity 'SelectorDisplay'
INFO: [VRFC 10-163] Analyzing VHDL file "C:/Users/skstu/Documents/GitHub/Trabajo-SED-FPGA/Trabajo-FPGA/Trabajo-FPGA.srcs/sources_1/new/raw_to_fix16_14.vhd" into library xil_defaultlib
INFO: [VRFC 10-3107] analyzing entity 'raw_to_fix16_14'
INFO: [VRFC 10-163] Analyzing VHDL file "C:/Users/skstu/Documents/GitHub/Trabajo-SED-FPGA/Trabajo-FPGA/Trabajo-FPGA.srcs/sim_1/new/tb_split_real_number_bin.vhd" into library xil_defaultlib
INFO: [VRFC 10-3107] analyzing entity 'tb_split_real_number_bin'
INFO: [VRFC 10-163] Analyzing VHDL file "C:/Users/skstu/Documents/GitHub/Trabajo-SED-FPGA/Trabajo-FPGA/Trabajo-FPGA.srcs/sim_1/new/Tb_AngleCalculator.vhd" into library xil_defaultlib
INFO: [VRFC 10-3107] analyzing entity 'tb_AngleCalculator'
INFO: [VRFC 10-163] Analyzing VHDL file "C:/Users/skstu/Documents/GitHub/Trabajo-SED-FPGA/Trabajo-FPGA/Trabajo-FPGA.srcs/sim_1/new/Converter_tb.vhd" into library xil_defaultlib
INFO: [VRFC 10-3107] analyzing entity 'Converter_tb'
ERROR: [VRFC 10-719] formal port/generic <grados_real> is not declared in <converter> [C:/Users/skstu/Documents/GitHub/Trabajo-SED-FPGA/Trabajo-FPGA/Trabajo-FPGA.srcs/sim_1/new/Converter_tb.vhd:19]
ERROR: [VRFC 10-9458] unit 'behavioral' is ignored due to previous errors [C:/Users/skstu/Documents/GitHub/Trabajo-SED-FPGA/Trabajo-FPGA/Trabajo-FPGA.srcs/sim_1/new/Converter_tb.vhd:9]
INFO: [VRFC 10-8704] VHDL file 'C:/Users/skstu/Documents/GitHub/Trabajo-SED-FPGA/Trabajo-FPGA/Trabajo-FPGA.srcs/sim_1/new/Converter_tb.vhd' is ignored due to errors
INFO: [USF-XSim-69] 'compile' step finished in '3' seconds
INFO: [USF-XSim-99] Step results log file:'C:/Users/skstu/Documents/GitHub/Trabajo-SED-FPGA/Trabajo-FPGA/Trabajo-FPGA.sim/sim_1/behav/xsim/xvhdl.log'
ERROR: [USF-XSim-62] 'compile' step failed with error(s). Please check the Tcl console output or 'C:/Users/skstu/Documents/GitHub/Trabajo-SED-FPGA/Trabajo-FPGA/Trabajo-FPGA.sim/sim_1/behav/xsim/xvhdl.log' file for more information.
ERROR: [Vivado 12-4473] Detected error while running simulation. Please correct the issue and retry this operation.
ERROR: [Common 17-39] 'launch_simulation' failed due to earlier errors.
exit
INFO: [Common 17-206] Exiting Vivado at Fri Dec 20 10:36:27 2024...
