#-----------------------------------------------------------
# Vivado v2024.2 (64-bit)
# SW Build 5239630 on Fri Nov 08 22:35:27 MST 2024
# IP Build 5239520 on Sun Nov 10 16:12:51 MST 2024
# SharedData Build 5239561 on Fri Nov 08 14:39:27 MST 2024
# Start of session at: Fri Dec 13 16:20:14 2024
# Process ID         : 159304
# Current directory  : C:/Users/skstu/Documents/GitHub/Trabajo-SED-FPGA/Trabajo-FPGA
# Command line       : vivado.exe -gui_launcher_event rodinguilauncherevent154460 C:\Users\skstu\Documents\GitHub\Trabajo-SED-FPGA\Trabajo-FPGA\Trabajo-FPGA.xpr
# Log file           : C:/Users/skstu/Documents/GitHub/Trabajo-SED-FPGA/Trabajo-FPGA/vivado.log
# Journal file       : C:/Users/skstu/Documents/GitHub/Trabajo-SED-FPGA/Trabajo-FPGA\vivado.jou
# Running On         : Saraa
# Platform           : Windows Server 2016 or Windows 10
# Operating System   : 22631
# Processor Detail   : AMD Ryzen 7 7735HS with Radeon Graphics        
# CPU Frequency      : 3194 MHz
# CPU Physical cores : 8
# CPU Logical cores  : 16
# Host memory        : 16438 MB
# Swap memory        : 12348 MB
# Total Virtual      : 28786 MB
# Available Virtual  : 5958 MB
#-----------------------------------------------------------
start_gui
open_project C:/Users/skstu/Documents/GitHub/Trabajo-SED-FPGA/Trabajo-FPGA/Trabajo-FPGA.xpr
Scanning sources...
Finished scanning sources
INFO: [IP_Flow 19-234] Refreshing IP repositories
INFO: [IP_Flow 19-1704] No user IP repositories specified
INFO: [IP_Flow 19-2313] Loaded Vivado IP repository 'C:/Xilinx/Vivado/2024.2/data/ip'.
open_project: Time (s): cpu = 00:00:03 ; elapsed = 00:00:05 . Memory (MB): peak = 1121.801 ; gain = 72.082
update_compile_order -fileset sources_1
exit
INFO: [Common 17-206] Exiting Vivado at Fri Dec 13 16:24:56 2024...
