#-----------------------------------------------------------
# Vivado v2024.2 (64-bit)
# SW Build 5239630 on Fri Nov 08 22:35:27 MST 2024
# IP Build 5239520 on Sun Nov 10 16:12:51 MST 2024
# SharedData Build 5239561 on Fri Nov 08 14:39:27 MST 2024
# Start of session at: Tue Dec 17 18:18:12 2024
# Process ID         : 15120
# Current directory  : C:/Users/carlo/Desktop/Trabajo-SED-FPGA/Trabajo-FPGA
# Command line       : vivado.exe -gui_launcher_event rodinguilauncherevent8904 C:\Users\carlo\Desktop\Trabajo-SED-FPGA\Trabajo-FPGA\Trabajo-FPGA.xpr
# Log file           : C:/Users/carlo/Desktop/Trabajo-SED-FPGA/Trabajo-FPGA/vivado.log
# Journal file       : C:/Users/carlo/Desktop/Trabajo-SED-FPGA/Trabajo-FPGA\vivado.jou
# Running On         : DESKTOP-TUDSMRQ
# Platform           : Windows Server 2016 or Windows 10
# Operating System   : 22631
# Processor Detail   : AMD Ryzen 7 5700U with Radeon Graphics         
# CPU Frequency      : 1797 MHz
# CPU Physical cores : 8
# CPU Logical cores  : 16
# Host memory        : 7883 MB
# Swap memory        : 7516 MB
# Total Virtual      : 15399 MB
# Available Virtual  : 6171 MB
#-----------------------------------------------------------
start_gui
open_project C:/Users/carlo/Desktop/Trabajo-SED-FPGA/Trabajo-FPGA/Trabajo-FPGA.xpr
INFO: [Project 1-313] Project file moved from 'C:/Users/fpuya/SED/Trabajo-SED-FPGA/Trabajo-FPGA' since last save.
Scanning sources...
Finished scanning sources
INFO: [IP_Flow 19-234] Refreshing IP repositories
INFO: [IP_Flow 19-1704] No user IP repositories specified
INFO: [IP_Flow 19-2313] Loaded Vivado IP repository 'C:/Xilinx/Vivado/2024.2/data/ip'.
open_project: Time (s): cpu = 00:00:05 ; elapsed = 00:00:05 . Memory (MB): peak = 1129.320 ; gain = 75.652
update_compile_order -fileset sources_1
