#-----------------------------------------------------------
# Vivado v2024.2 (64-bit)
# SW Build 5239630 on Fri Nov 08 22:35:27 MST 2024
# IP Build 5239520 on Sun Nov 10 16:12:51 MST 2024
# SharedData Build 5239561 on Fri Nov 08 14:39:27 MST 2024
# Start of session at: Tue Dec 31 15:13:21 2024
# Process ID         : 5528
# Current directory  : C:/Users/skstu/Documents/GitHub/Trabajo-SED-FPGA/Trabajo-FPGA
# Command line       : vivado.exe -gui_launcher_event rodinguilauncherevent23336 C:\Users\skstu\Documents\GitHub\Trabajo-SED-FPGA\Trabajo-FPGA\Trabajo-FPGA.xpr
# Log file           : C:/Users/skstu/Documents/GitHub/Trabajo-SED-FPGA/Trabajo-FPGA/vivado.log
# Journal file       : C:/Users/skstu/Documents/GitHub/Trabajo-SED-FPGA/Trabajo-FPGA\vivado.jou
# Running On         : Saraa
# Platform           : Windows Server 2016 or Windows 10
# Operating System   : 22631
# Processor Detail   : AMD Ryzen 7 7735HS with Radeon Graphics        
# CPU Frequency      : 3194 MHz
# CPU Physical cores : 8
# CPU Logical cores  : 16
# Host memory        : 16438 MB
# Swap memory        : 3087 MB
# Total Virtual      : 19525 MB
# Available Virtual  : 4361 MB
#-----------------------------------------------------------
start_gui
open_project C:/Users/skstu/Documents/GitHub/Trabajo-SED-FPGA/Trabajo-FPGA/Trabajo-FPGA.xpr
INFO: [Project 1-313] Project file moved from 'C:/Users/carlo/Desktop/Trabajo-SED-FPGA/Trabajo-FPGA' since last save.
Scanning sources...
Finished scanning sources
INFO: [IP_Flow 19-234] Refreshing IP repositories
INFO: [IP_Flow 19-1704] No user IP repositories specified
INFO: [IP_Flow 19-2313] Loaded Vivado IP repository 'C:/Xilinx/Vivado/2024.2/data/ip'.
open_project: Time (s): cpu = 00:00:06 ; elapsed = 00:00:05 . Memory (MB): peak = 1142.129 ; gain = 83.309
close [ open C:/Users/skstu/Documents/GitHub/Trabajo-SED-FPGA/Trabajo-FPGA/Trabajo-FPGA.srcs/sources_1/new/mux_state.vhd w ]
add_files C:/Users/skstu/Documents/GitHub/Trabajo-SED-FPGA/Trabajo-FPGA/Trabajo-FPGA.srcs/sources_1/new/mux_state.vhd
WARNING: [filemgmt 56-199] Attempt to get parsing info during refresh. "On-the-fly" syntax checking information may be incorrect. [C:\Users\skstu\Documents\GitHub\Trabajo-SED-FPGA\Trabajo-FPGA\Trabajo-FPGA.srcs\sources_1\new\SYNCHRNZR.vhd:]
WARNING: [filemgmt 56-199] Attempt to get parsing info during refresh. "On-the-fly" syntax checking information may be incorrect. [C:\Users\skstu\Documents\GitHub\Trabajo-SED-FPGA\Trabajo-FPGA\Trabajo-FPGA.srcs\sources_1\new\FSM.vhd:]
WARNING: [filemgmt 56-199] Attempt to get parsing info during refresh. "On-the-fly" syntax checking information may be incorrect. [C:\Users\skstu\Documents\GitHub\Trabajo-SED-FPGA\Trabajo-FPGA\Trabajo-FPGA.srcs\sources_1\new\FSM.vhd:]
WARNING: [filemgmt 56-199] Attempt to get parsing info during refresh. "On-the-fly" syntax checking information may be incorrect. [C:\Users\skstu\Documents\GitHub\Trabajo-SED-FPGA\Trabajo-FPGA\Trabajo-FPGA.srcs\sources_1\new\FSM.vhd:]
ERROR: [Common 17-180] Spawn failed: No error
WARNING: [filemgmt 56-199] Attempt to get parsing info during refresh. "On-the-fly" syntax checking information may be incorrect. [C:\Users\skstu\Documents\GitHub\Trabajo-SED-FPGA\Trabajo-FPGA\Trabajo-FPGA.srcs\sources_1\new\SYNCHRNZR.vhd:]
WARNING: [filemgmt 56-199] Attempt to get parsing info during refresh. "On-the-fly" syntax checking information may be incorrect. [C:\Users\skstu\Documents\GitHub\Trabajo-SED-FPGA\Trabajo-FPGA\Trabajo-FPGA.srcs\sources_1\new\FSM.vhd:]
WARNING: [filemgmt 56-199] Attempt to get parsing info during refresh. "On-the-fly" syntax checking information may be incorrect. [C:\Users\skstu\Documents\GitHub\Trabajo-SED-FPGA\Trabajo-FPGA\Trabajo-FPGA.srcs\sources_1\new\FSM.vhd:]
WARNING: [filemgmt 56-199] Attempt to get parsing info during refresh. "On-the-fly" syntax checking information may be incorrect. [C:\Users\skstu\Documents\GitHub\Trabajo-SED-FPGA\Trabajo-FPGA\Trabajo-FPGA.srcs\sources_1\new\FSM.vhd:]
ERROR: [Common 17-180] Spawn failed: No error
WARNING: [filemgmt 56-199] Attempt to get parsing info during refresh. "On-the-fly" syntax checking information may be incorrect. [C:\Users\skstu\Documents\GitHub\Trabajo-SED-FPGA\Trabajo-FPGA\Trabajo-FPGA.srcs\sources_1\new\SYNCHRNZR.vhd:]
WARNING: [filemgmt 56-199] Attempt to get parsing info during refresh. "On-the-fly" syntax checking information may be incorrect. [C:\Users\skstu\Documents\GitHub\Trabajo-SED-FPGA\Trabajo-FPGA\Trabajo-FPGA.srcs\sources_1\new\mux_state.vhd:]
WARNING: [filemgmt 56-199] Attempt to get parsing info during refresh. "On-the-fly" syntax checking information may be incorrect. [C:\Users\skstu\Documents\GitHub\Trabajo-SED-FPGA\Trabajo-FPGA\Trabajo-FPGA.srcs\sources_1\new\decoder.vhd:]
WARNING: [filemgmt 56-199] Attempt to get parsing info during refresh. "On-the-fly" syntax checking information may be incorrect. [C:\Users\skstu\Documents\GitHub\Trabajo-SED-FPGA\Trabajo-FPGA\Trabajo-FPGA.srcs\sources_1\new\FSM.vhd:]
WARNING: [filemgmt 56-199] Attempt to get parsing info during refresh. "On-the-fly" syntax checking information may be incorrect. [C:\Users\skstu\Documents\GitHub\Trabajo-SED-FPGA\Trabajo-FPGA\Trabajo-FPGA.srcs\sources_1\new\FSM.vhd:]
WARNING: [filemgmt 56-199] Attempt to get parsing info during refresh. "On-the-fly" syntax checking information may be incorrect. [C:\Users\skstu\Documents\GitHub\Trabajo-SED-FPGA\Trabajo-FPGA\Trabajo-FPGA.srcs\sources_1\new\FSM.vhd:]
WARNING: [filemgmt 56-199] Attempt to get parsing info during refresh. "On-the-fly" syntax checking information may be incorrect. [C:\Users\skstu\Documents\GitHub\Trabajo-SED-FPGA\Trabajo-FPGA\Trabajo-FPGA.srcs\sources_1\new\SYNCHRNZR.vhd:]
WARNING: [filemgmt 56-199] Attempt to get parsing info during refresh. "On-the-fly" syntax checking information may be incorrect. [C:\Users\skstu\Documents\GitHub\Trabajo-SED-FPGA\Trabajo-FPGA\Trabajo-FPGA.srcs\sources_1\new\mux_state.vhd:]
WARNING: [filemgmt 56-199] Attempt to get parsing info during refresh. "On-the-fly" syntax checking information may be incorrect. [C:\Users\skstu\Documents\GitHub\Trabajo-SED-FPGA\Trabajo-FPGA\Trabajo-FPGA.srcs\sources_1\new\decoder.vhd:]
WARNING: [filemgmt 56-199] Attempt to get parsing info during refresh. "On-the-fly" syntax checking information may be incorrect. [C:\Users\skstu\Documents\GitHub\Trabajo-SED-FPGA\Trabajo-FPGA\Trabajo-FPGA.srcs\sources_1\new\FSM.vhd:]
WARNING: [filemgmt 56-199] Attempt to get parsing info during refresh. "On-the-fly" syntax checking information may be incorrect. [C:\Users\skstu\Documents\GitHub\Trabajo-SED-FPGA\Trabajo-FPGA\Trabajo-FPGA.srcs\sources_1\new\decoder.vhd:]
WARNING: [filemgmt 56-199] Attempt to get parsing info during refresh. "On-the-fly" syntax checking information may be incorrect. [C:\Users\skstu\Documents\GitHub\Trabajo-SED-FPGA\Trabajo-FPGA\Trabajo-FPGA.srcs\sources_1\new\decoder.vhd:]
ERROR: [Common 17-180] Spawn failed: No error
WARNING: [filemgmt 56-199] Attempt to get parsing info during refresh. "On-the-fly" syntax checking information may be incorrect. [C:\Users\skstu\Documents\GitHub\Trabajo-SED-FPGA\Trabajo-FPGA\Trabajo-FPGA.srcs\sources_1\new\SYNCHRNZR.vhd:]
WARNING: [filemgmt 56-199] Attempt to get parsing info during refresh. "On-the-fly" syntax checking information may be incorrect. [C:\Users\skstu\Documents\GitHub\Trabajo-SED-FPGA\Trabajo-FPGA\Trabajo-FPGA.srcs\sources_1\new\mux_state.vhd:]
WARNING: [filemgmt 56-199] Attempt to get parsing info during refresh. "On-the-fly" syntax checking information may be incorrect. [C:\Users\skstu\Documents\GitHub\Trabajo-SED-FPGA\Trabajo-FPGA\Trabajo-FPGA.srcs\sources_1\new\decoder.vhd:]
WARNING: [filemgmt 56-199] Attempt to get parsing info during refresh. "On-the-fly" syntax checking information may be incorrect. [C:\Users\skstu\Documents\GitHub\Trabajo-SED-FPGA\Trabajo-FPGA\Trabajo-FPGA.srcs\sources_1\new\FSM.vhd:]
WARNING: [filemgmt 56-199] Attempt to get parsing info during refresh. "On-the-fly" syntax checking information may be incorrect. [C:\Users\skstu\Documents\GitHub\Trabajo-SED-FPGA\Trabajo-FPGA\Trabajo-FPGA.srcs\sources_1\new\SYNCHRNZR.vhd:]
WARNING: [filemgmt 56-199] Attempt to get parsing info during refresh. "On-the-fly" syntax checking information may be incorrect. [C:\Users\skstu\Documents\GitHub\Trabajo-SED-FPGA\Trabajo-FPGA\Trabajo-FPGA.srcs\sources_1\new\SYNCHRNZR.vhd:]
ERROR: [Common 17-180] Spawn failed: No error
WARNING: [filemgmt 56-199] Attempt to get parsing info during refresh. "On-the-fly" syntax checking information may be incorrect. [C:\Users\skstu\Documents\GitHub\Trabajo-SED-FPGA\Trabajo-FPGA\Trabajo-FPGA.srcs\sources_1\new\SYNCHRNZR.vhd:]
WARNING: [filemgmt 56-199] Attempt to get parsing info during refresh. "On-the-fly" syntax checking information may be incorrect. [C:\Users\skstu\Documents\GitHub\Trabajo-SED-FPGA\Trabajo-FPGA\Trabajo-FPGA.srcs\sources_1\new\mux_state.vhd:]
WARNING: [filemgmt 56-199] Attempt to get parsing info during refresh. "On-the-fly" syntax checking information may be incorrect. [C:\Users\skstu\Documents\GitHub\Trabajo-SED-FPGA\Trabajo-FPGA\Trabajo-FPGA.srcs\sources_1\new\decoder.vhd:]
WARNING: [filemgmt 56-199] Attempt to get parsing info during refresh. "On-the-fly" syntax checking information may be incorrect. [C:\Users\skstu\Documents\GitHub\Trabajo-SED-FPGA\Trabajo-FPGA\Trabajo-FPGA.srcs\sources_1\new\FSM.vhd:]
WARNING: [filemgmt 56-199] Attempt to get parsing info during refresh. "On-the-fly" syntax checking information may be incorrect. [C:\Users\skstu\Documents\GitHub\Trabajo-SED-FPGA\Trabajo-FPGA\Trabajo-FPGA.srcs\sources_1\new\FSM.vhd:]
WARNING: [filemgmt 56-199] Attempt to get parsing info during refresh. "On-the-fly" syntax checking information may be incorrect. [C:\Users\skstu\Documents\GitHub\Trabajo-SED-FPGA\Trabajo-FPGA\Trabajo-FPGA.srcs\sources_1\new\FSM.vhd:]
WARNING: [filemgmt 56-199] Attempt to get parsing info during refresh. "On-the-fly" syntax checking information may be incorrect. [C:\Users\skstu\Documents\GitHub\Trabajo-SED-FPGA\Trabajo-FPGA\Trabajo-FPGA.srcs\sources_1\new\SYNCHRNZR.vhd:]
WARNING: [filemgmt 56-199] Attempt to get parsing info during refresh. "On-the-fly" syntax checking information may be incorrect. [C:\Users\skstu\Documents\GitHub\Trabajo-SED-FPGA\Trabajo-FPGA\Trabajo-FPGA.srcs\sources_1\new\mux_state.vhd:]
WARNING: [filemgmt 56-199] Attempt to get parsing info during refresh. "On-the-fly" syntax checking information may be incorrect. [C:\Users\skstu\Documents\GitHub\Trabajo-SED-FPGA\Trabajo-FPGA\Trabajo-FPGA.srcs\sources_1\new\decoder.vhd:]
WARNING: [filemgmt 56-199] Attempt to get parsing info during refresh. "On-the-fly" syntax checking information may be incorrect. [C:\Users\skstu\Documents\GitHub\Trabajo-SED-FPGA\Trabajo-FPGA\Trabajo-FPGA.srcs\sources_1\new\FSM.vhd:]
WARNING: [filemgmt 56-199] Attempt to get parsing info during refresh. "On-the-fly" syntax checking information may be incorrect. [C:\Users\skstu\Documents\GitHub\Trabajo-SED-FPGA\Trabajo-FPGA\Trabajo-FPGA.srcs\sources_1\new\decoder.vhd:]
WARNING: [filemgmt 56-199] Attempt to get parsing info during refresh. "On-the-fly" syntax checking information may be incorrect. [C:\Users\skstu\Documents\GitHub\Trabajo-SED-FPGA\Trabajo-FPGA\Trabajo-FPGA.srcs\sources_1\new\decoder.vhd:]
ERROR: [Common 17-180] Spawn failed: No error
WARNING: [filemgmt 56-199] Attempt to get parsing info during refresh. "On-the-fly" syntax checking information may be incorrect. [C:\Users\skstu\Documents\GitHub\Trabajo-SED-FPGA\Trabajo-FPGA\Trabajo-FPGA.srcs\sources_1\new\SYNCHRNZR.vhd:]
WARNING: [filemgmt 56-199] Attempt to get parsing info during refresh. "On-the-fly" syntax checking information may be incorrect. [C:\Users\skstu\Documents\GitHub\Trabajo-SED-FPGA\Trabajo-FPGA\Trabajo-FPGA.srcs\sources_1\new\mux_state.vhd:]
WARNING: [filemgmt 56-199] Attempt to get parsing info during refresh. "On-the-fly" syntax checking information may be incorrect. [C:\Users\skstu\Documents\GitHub\Trabajo-SED-FPGA\Trabajo-FPGA\Trabajo-FPGA.srcs\sources_1\new\decoder.vhd:]
WARNING: [filemgmt 56-199] Attempt to get parsing info during refresh. "On-the-fly" syntax checking information may be incorrect. [C:\Users\skstu\Documents\GitHub\Trabajo-SED-FPGA\Trabajo-FPGA\Trabajo-FPGA.srcs\sources_1\new\FSM.vhd:]
WARNING: [filemgmt 56-199] Attempt to get parsing info during refresh. "On-the-fly" syntax checking information may be incorrect. [C:\Users\skstu\Documents\GitHub\Trabajo-SED-FPGA\Trabajo-FPGA\Trabajo-FPGA.srcs\sources_1\new\mux_state.vhd:]
WARNING: [filemgmt 56-199] Attempt to get parsing info during refresh. "On-the-fly" syntax checking information may be incorrect. [C:\Users\skstu\Documents\GitHub\Trabajo-SED-FPGA\Trabajo-FPGA\Trabajo-FPGA.srcs\sources_1\new\mux_state.vhd:]
ERROR: [Common 17-180] Spawn failed: No error
WARNING: [filemgmt 56-199] Attempt to get parsing info during refresh. "On-the-fly" syntax checking information may be incorrect. [C:\Users\skstu\Documents\GitHub\Trabajo-SED-FPGA\Trabajo-FPGA\Trabajo-FPGA.srcs\sources_1\new\SYNCHRNZR.vhd:]
WARNING: [filemgmt 56-199] Attempt to get parsing info during refresh. "On-the-fly" syntax checking information may be incorrect. [C:\Users\skstu\Documents\GitHub\Trabajo-SED-FPGA\Trabajo-FPGA\Trabajo-FPGA.srcs\sources_1\new\mux_state.vhd:]
WARNING: [filemgmt 56-199] Attempt to get parsing info during refresh. "On-the-fly" syntax checking information may be incorrect. [C:\Users\skstu\Documents\GitHub\Trabajo-SED-FPGA\Trabajo-FPGA\Trabajo-FPGA.srcs\sources_1\new\decoder.vhd:]
WARNING: [filemgmt 56-199] Attempt to get parsing info during refresh. "On-the-fly" syntax checking information may be incorrect. [C:\Users\skstu\Documents\GitHub\Trabajo-SED-FPGA\Trabajo-FPGA\Trabajo-FPGA.srcs\sources_1\new\top1.vhd:]
WARNING: [filemgmt 56-199] Attempt to get parsing info during refresh. "On-the-fly" syntax checking information may be incorrect. [C:\Users\skstu\Documents\GitHub\Trabajo-SED-FPGA\Trabajo-FPGA\Trabajo-FPGA.srcs\sources_1\new\FSM.vhd:]
WARNING: [filemgmt 56-199] Attempt to get parsing info during refresh. "On-the-fly" syntax checking information may be incorrect. [C:\Users\skstu\Documents\GitHub\Trabajo-SED-FPGA\Trabajo-FPGA\Trabajo-FPGA.srcs\sources_1\new\mux_display.vhd:]
WARNING: [filemgmt 56-199] Attempt to get parsing info during refresh. "On-the-fly" syntax checking information may be incorrect. [C:\Users\skstu\Documents\GitHub\Trabajo-SED-FPGA\Trabajo-FPGA\Trabajo-FPGA.srcs\sources_1\new\FSM.vhd:]
WARNING: [filemgmt 56-199] Attempt to get parsing info during refresh. "On-the-fly" syntax checking information may be incorrect. [C:\Users\skstu\Documents\GitHub\Trabajo-SED-FPGA\Trabajo-FPGA\Trabajo-FPGA.srcs\sources_1\new\FSM.vhd:]
WARNING: [filemgmt 56-199] Attempt to get parsing info during refresh. "On-the-fly" syntax checking information may be incorrect. [C:\Users\skstu\Documents\GitHub\Trabajo-SED-FPGA\Trabajo-FPGA\Trabajo-FPGA.srcs\sources_1\new\SYNCHRNZR.vhd:]
WARNING: [filemgmt 56-199] Attempt to get parsing info during refresh. "On-the-fly" syntax checking information may be incorrect. [C:\Users\skstu\Documents\GitHub\Trabajo-SED-FPGA\Trabajo-FPGA\Trabajo-FPGA.srcs\sources_1\new\mux_state.vhd:]
WARNING: [filemgmt 56-199] Attempt to get parsing info during refresh. "On-the-fly" syntax checking information may be incorrect. [C:\Users\skstu\Documents\GitHub\Trabajo-SED-FPGA\Trabajo-FPGA\Trabajo-FPGA.srcs\sources_1\new\decoder.vhd:]
WARNING: [filemgmt 56-199] Attempt to get parsing info during refresh. "On-the-fly" syntax checking information may be incorrect. [C:\Users\skstu\Documents\GitHub\Trabajo-SED-FPGA\Trabajo-FPGA\Trabajo-FPGA.srcs\sources_1\new\top1.vhd:]
WARNING: [filemgmt 56-199] Attempt to get parsing info during refresh. "On-the-fly" syntax checking information may be incorrect. [C:\Users\skstu\Documents\GitHub\Trabajo-SED-FPGA\Trabajo-FPGA\Trabajo-FPGA.srcs\sources_1\new\FSM.vhd:]
WARNING: [filemgmt 56-199] Attempt to get parsing info during refresh. "On-the-fly" syntax checking information may be incorrect. [C:\Users\skstu\Documents\GitHub\Trabajo-SED-FPGA\Trabajo-FPGA\Trabajo-FPGA.srcs\sources_1\new\mux_display.vhd:]
WARNING: [filemgmt 56-199] Attempt to get parsing info during refresh. "On-the-fly" syntax checking information may be incorrect. [C:\Users\skstu\Documents\GitHub\Trabajo-SED-FPGA\Trabajo-FPGA\Trabajo-FPGA.srcs\sources_1\new\decoder.vhd:]
WARNING: [filemgmt 56-199] Attempt to get parsing info during refresh. "On-the-fly" syntax checking information may be incorrect. [C:\Users\skstu\Documents\GitHub\Trabajo-SED-FPGA\Trabajo-FPGA\Trabajo-FPGA.srcs\sources_1\new\decoder.vhd:]
WARNING: [filemgmt 56-199] Attempt to get parsing info during refresh. "On-the-fly" syntax checking information may be incorrect. [C:\Users\skstu\Documents\GitHub\Trabajo-SED-FPGA\Trabajo-FPGA\Trabajo-FPGA.srcs\sources_1\new\SYNCHRNZR.vhd:]
WARNING: [filemgmt 56-199] Attempt to get parsing info during refresh. "On-the-fly" syntax checking information may be incorrect. [C:\Users\skstu\Documents\GitHub\Trabajo-SED-FPGA\Trabajo-FPGA\Trabajo-FPGA.srcs\sources_1\new\mux_state.vhd:]
WARNING: [filemgmt 56-199] Attempt to get parsing info during refresh. "On-the-fly" syntax checking information may be incorrect. [C:\Users\skstu\Documents\GitHub\Trabajo-SED-FPGA\Trabajo-FPGA\Trabajo-FPGA.srcs\sources_1\new\decoder.vhd:]
WARNING: [filemgmt 56-199] Attempt to get parsing info during refresh. "On-the-fly" syntax checking information may be incorrect. [C:\Users\skstu\Documents\GitHub\Trabajo-SED-FPGA\Trabajo-FPGA\Trabajo-FPGA.srcs\sources_1\new\top1.vhd:]
WARNING: [filemgmt 56-199] Attempt to get parsing info during refresh. "On-the-fly" syntax checking information may be incorrect. [C:\Users\skstu\Documents\GitHub\Trabajo-SED-FPGA\Trabajo-FPGA\Trabajo-FPGA.srcs\sources_1\new\FSM.vhd:]
WARNING: [filemgmt 56-199] Attempt to get parsing info during refresh. "On-the-fly" syntax checking information may be incorrect. [C:\Users\skstu\Documents\GitHub\Trabajo-SED-FPGA\Trabajo-FPGA\Trabajo-FPGA.srcs\sources_1\new\mux_display.vhd:]
WARNING: [filemgmt 56-199] Attempt to get parsing info during refresh. "On-the-fly" syntax checking information may be incorrect. [C:\Users\skstu\Documents\GitHub\Trabajo-SED-FPGA\Trabajo-FPGA\Trabajo-FPGA.srcs\sources_1\new\top1.vhd:]
WARNING: [filemgmt 56-199] Attempt to get parsing info during refresh. "On-the-fly" syntax checking information may be incorrect. [C:\Users\skstu\Documents\GitHub\Trabajo-SED-FPGA\Trabajo-FPGA\Trabajo-FPGA.srcs\sources_1\new\top1.vhd:]
ERROR: [Common 17-180] Spawn failed: No error
WARNING: [filemgmt 56-199] Attempt to get parsing info during refresh. "On-the-fly" syntax checking information may be incorrect. [C:\Users\skstu\Documents\GitHub\Trabajo-SED-FPGA\Trabajo-FPGA\Trabajo-FPGA.srcs\sources_1\new\SYNCHRNZR.vhd:]
WARNING: [filemgmt 56-199] Attempt to get parsing info during refresh. "On-the-fly" syntax checking information may be incorrect. [C:\Users\skstu\Documents\GitHub\Trabajo-SED-FPGA\Trabajo-FPGA\Trabajo-FPGA.srcs\sources_1\new\mux_state.vhd:]
WARNING: [filemgmt 56-199] Attempt to get parsing info during refresh. "On-the-fly" syntax checking information may be incorrect. [C:\Users\skstu\Documents\GitHub\Trabajo-SED-FPGA\Trabajo-FPGA\Trabajo-FPGA.srcs\sources_1\new\decoder.vhd:]
WARNING: [filemgmt 56-199] Attempt to get parsing info during refresh. "On-the-fly" syntax checking information may be incorrect. [C:\Users\skstu\Documents\GitHub\Trabajo-SED-FPGA\Trabajo-FPGA\Trabajo-FPGA.srcs\sources_1\new\top1.vhd:]
WARNING: [filemgmt 56-199] Attempt to get parsing info during refresh. "On-the-fly" syntax checking information may be incorrect. [C:\Users\skstu\Documents\GitHub\Trabajo-SED-FPGA\Trabajo-FPGA\Trabajo-FPGA.srcs\sources_1\new\FSM.vhd:]
WARNING: [filemgmt 56-199] Attempt to get parsing info during refresh. "On-the-fly" syntax checking information may be incorrect. [C:\Users\skstu\Documents\GitHub\Trabajo-SED-FPGA\Trabajo-FPGA\Trabajo-FPGA.srcs\sources_1\new\mux_display.vhd:]
WARNING: [filemgmt 56-199] Attempt to get parsing info during refresh. "On-the-fly" syntax checking information may be incorrect. [C:\Users\skstu\Documents\GitHub\Trabajo-SED-FPGA\Trabajo-FPGA\Trabajo-FPGA.srcs\sources_1\new\mux_display.vhd:]
WARNING: [filemgmt 56-199] Attempt to get parsing info during refresh. "On-the-fly" syntax checking information may be incorrect. [C:\Users\skstu\Documents\GitHub\Trabajo-SED-FPGA\Trabajo-FPGA\Trabajo-FPGA.srcs\sources_1\new\mux_display.vhd:]
ERROR: [Common 17-180] Spawn failed: No error
WARNING: [filemgmt 56-199] Attempt to get parsing info during refresh. "On-the-fly" syntax checking information may be incorrect. [C:\Users\skstu\Documents\GitHub\Trabajo-SED-FPGA\Trabajo-FPGA\Trabajo-FPGA.srcs\sources_1\new\SYNCHRNZR.vhd:]
WARNING: [filemgmt 56-199] Attempt to get parsing info during refresh. "On-the-fly" syntax checking information may be incorrect. [C:\Users\skstu\Documents\GitHub\Trabajo-SED-FPGA\Trabajo-FPGA\Trabajo-FPGA.srcs\sources_1\new\mux_state.vhd:]
WARNING: [filemgmt 56-199] Attempt to get parsing info during refresh. "On-the-fly" syntax checking information may be incorrect. [C:\Users\skstu\Documents\GitHub\Trabajo-SED-FPGA\Trabajo-FPGA\Trabajo-FPGA.srcs\sources_1\new\decoder.vhd:]
WARNING: [filemgmt 56-199] Attempt to get parsing info during refresh. "On-the-fly" syntax checking information may be incorrect. [C:\Users\skstu\Documents\GitHub\Trabajo-SED-FPGA\Trabajo-FPGA\Trabajo-FPGA.srcs\sources_1\new\top1.vhd:]
WARNING: [filemgmt 56-199] Attempt to get parsing info during refresh. "On-the-fly" syntax checking information may be incorrect. [C:\Users\skstu\Documents\GitHub\Trabajo-SED-FPGA\Trabajo-FPGA\Trabajo-FPGA.srcs\sources_1\new\FSM.vhd:]
WARNING: [filemgmt 56-199] Attempt to get parsing info during refresh. "On-the-fly" syntax checking information may be incorrect. [C:\Users\skstu\Documents\GitHub\Trabajo-SED-FPGA\Trabajo-FPGA\Trabajo-FPGA.srcs\sources_1\new\mux_display.vhd:]
WARNING: [filemgmt 56-199] Attempt to get parsing info during refresh. "On-the-fly" syntax checking information may be incorrect. [C:\Users\skstu\Documents\GitHub\Trabajo-SED-FPGA\Trabajo-FPGA\Trabajo-FPGA.srcs\sources_1\new\mux_state.vhd:]
WARNING: [filemgmt 56-199] Attempt to get parsing info during refresh. "On-the-fly" syntax checking information may be incorrect. [C:\Users\skstu\Documents\GitHub\Trabajo-SED-FPGA\Trabajo-FPGA\Trabajo-FPGA.srcs\sources_1\new\mux_state.vhd:]
ERROR: [Common 17-180] Spawn failed: No error
WARNING: [filemgmt 56-199] Attempt to get parsing info during refresh. "On-the-fly" syntax checking information may be incorrect. [C:\Users\skstu\Documents\GitHub\Trabajo-SED-FPGA\Trabajo-FPGA\Trabajo-FPGA.srcs\sources_1\new\SYNCHRNZR.vhd:]
WARNING: [filemgmt 56-199] Attempt to get parsing info during refresh. "On-the-fly" syntax checking information may be incorrect. [C:\Users\skstu\Documents\GitHub\Trabajo-SED-FPGA\Trabajo-FPGA\Trabajo-FPGA.srcs\sources_1\new\mux_state.vhd:]
WARNING: [filemgmt 56-199] Attempt to get parsing info during refresh. "On-the-fly" syntax checking information may be incorrect. [C:\Users\skstu\Documents\GitHub\Trabajo-SED-FPGA\Trabajo-FPGA\Trabajo-FPGA.srcs\sources_1\new\decoder.vhd:]
WARNING: [filemgmt 56-199] Attempt to get parsing info during refresh. "On-the-fly" syntax checking information may be incorrect. [C:\Users\skstu\Documents\GitHub\Trabajo-SED-FPGA\Trabajo-FPGA\Trabajo-FPGA.srcs\sources_1\new\top1.vhd:]
WARNING: [filemgmt 56-199] Attempt to get parsing info during refresh. "On-the-fly" syntax checking information may be incorrect. [C:\Users\skstu\Documents\GitHub\Trabajo-SED-FPGA\Trabajo-FPGA\Trabajo-FPGA.srcs\sources_1\new\FSM.vhd:]
WARNING: [filemgmt 56-199] Attempt to get parsing info during refresh. "On-the-fly" syntax checking information may be incorrect. [C:\Users\skstu\Documents\GitHub\Trabajo-SED-FPGA\Trabajo-FPGA\Trabajo-FPGA.srcs\sources_1\new\mux_display.vhd:]
WARNING: [filemgmt 56-199] Attempt to get parsing info during refresh. "On-the-fly" syntax checking information may be incorrect. [C:\Users\skstu\Documents\GitHub\Trabajo-SED-FPGA\Trabajo-FPGA\Trabajo-FPGA.srcs\sources_1\new\decoder.vhd:]
WARNING: [filemgmt 56-199] Attempt to get parsing info during refresh. "On-the-fly" syntax checking information may be incorrect. [C:\Users\skstu\Documents\GitHub\Trabajo-SED-FPGA\Trabajo-FPGA\Trabajo-FPGA.srcs\sources_1\new\decoder.vhd:]
WARNING: [filemgmt 56-199] Attempt to get parsing info during refresh. "On-the-fly" syntax checking information may be incorrect. [C:\Users\skstu\Documents\GitHub\Trabajo-SED-FPGA\Trabajo-FPGA\Trabajo-FPGA.srcs\sources_1\new\SYNCHRNZR.vhd:]
WARNING: [filemgmt 56-199] Attempt to get parsing info during refresh. "On-the-fly" syntax checking information may be incorrect. [C:\Users\skstu\Documents\GitHub\Trabajo-SED-FPGA\Trabajo-FPGA\Trabajo-FPGA.srcs\sources_1\new\mux_state.vhd:]
WARNING: [filemgmt 56-199] Attempt to get parsing info during refresh. "On-the-fly" syntax checking information may be incorrect. [C:\Users\skstu\Documents\GitHub\Trabajo-SED-FPGA\Trabajo-FPGA\Trabajo-FPGA.srcs\sources_1\new\decoder.vhd:]
WARNING: [filemgmt 56-199] Attempt to get parsing info during refresh. "On-the-fly" syntax checking information may be incorrect. [C:\Users\skstu\Documents\GitHub\Trabajo-SED-FPGA\Trabajo-FPGA\Trabajo-FPGA.srcs\sources_1\new\top1.vhd:]
WARNING: [filemgmt 56-199] Attempt to get parsing info during refresh. "On-the-fly" syntax checking information may be incorrect. [C:\Users\skstu\Documents\GitHub\Trabajo-SED-FPGA\Trabajo-FPGA\Trabajo-FPGA.srcs\sources_1\new\FSM.vhd:]
WARNING: [filemgmt 56-199] Attempt to get parsing info during refresh. "On-the-fly" syntax checking information may be incorrect. [C:\Users\skstu\Documents\GitHub\Trabajo-SED-FPGA\Trabajo-FPGA\Trabajo-FPGA.srcs\sources_1\new\mux_display.vhd:]
WARNING: [filemgmt 56-199] Attempt to get parsing info during refresh. "On-the-fly" syntax checking information may be incorrect. [C:\Users\skstu\Documents\GitHub\Trabajo-SED-FPGA\Trabajo-FPGA\Trabajo-FPGA.srcs\sources_1\new\top1.vhd:]
WARNING: [filemgmt 56-199] Attempt to get parsing info during refresh. "On-the-fly" syntax checking information may be incorrect. [C:\Users\skstu\Documents\GitHub\Trabajo-SED-FPGA\Trabajo-FPGA\Trabajo-FPGA.srcs\sources_1\new\top1.vhd:]
WARNING: [filemgmt 56-199] Attempt to get parsing info during refresh. "On-the-fly" syntax checking information may be incorrect. [C:\Users\skstu\Documents\GitHub\Trabajo-SED-FPGA\Trabajo-FPGA\Trabajo-FPGA.srcs\sources_1\new\SYNCHRNZR.vhd:]
WARNING: [filemgmt 56-199] Attempt to get parsing info during refresh. "On-the-fly" syntax checking information may be incorrect. [C:\Users\skstu\Documents\GitHub\Trabajo-SED-FPGA\Trabajo-FPGA\Trabajo-FPGA.srcs\sources_1\new\mux_state.vhd:]
WARNING: [filemgmt 56-199] Attempt to get parsing info during refresh. "On-the-fly" syntax checking information may be incorrect. [C:\Users\skstu\Documents\GitHub\Trabajo-SED-FPGA\Trabajo-FPGA\Trabajo-FPGA.srcs\sources_1\new\decoder.vhd:]
WARNING: [filemgmt 56-199] Attempt to get parsing info during refresh. "On-the-fly" syntax checking information may be incorrect. [C:\Users\skstu\Documents\GitHub\Trabajo-SED-FPGA\Trabajo-FPGA\Trabajo-FPGA.srcs\sources_1\new\top1.vhd:]
WARNING: [filemgmt 56-199] Attempt to get parsing info during refresh. "On-the-fly" syntax checking information may be incorrect. [C:\Users\skstu\Documents\GitHub\Trabajo-SED-FPGA\Trabajo-FPGA\Trabajo-FPGA.srcs\sources_1\new\FSM.vhd:]
WARNING: [filemgmt 56-199] Attempt to get parsing info during refresh. "On-the-fly" syntax checking information may be incorrect. [C:\Users\skstu\Documents\GitHub\Trabajo-SED-FPGA\Trabajo-FPGA\Trabajo-FPGA.srcs\sources_1\new\mux_display.vhd:]
WARNING: [filemgmt 56-199] Attempt to get parsing info during refresh. "On-the-fly" syntax checking information may be incorrect. [C:\Users\skstu\Documents\GitHub\Trabajo-SED-FPGA\Trabajo-FPGA\Trabajo-FPGA.srcs\sources_1\new\FSM.vhd:]
WARNING: [filemgmt 56-199] Attempt to get parsing info during refresh. "On-the-fly" syntax checking information may be incorrect. [C:\Users\skstu\Documents\GitHub\Trabajo-SED-FPGA\Trabajo-FPGA\Trabajo-FPGA.srcs\sources_1\new\FSM.vhd:]
ERROR: [Common 17-180] Spawn failed: No error
WARNING: [filemgmt 56-199] Attempt to get parsing info during refresh. "On-the-fly" syntax checking information may be incorrect. [C:\Users\skstu\Documents\GitHub\Trabajo-SED-FPGA\Trabajo-FPGA\Trabajo-FPGA.srcs\sources_1\new\SYNCHRNZR.vhd:]
WARNING: [filemgmt 56-199] Attempt to get parsing info during refresh. "On-the-fly" syntax checking information may be incorrect. [C:\Users\skstu\Documents\GitHub\Trabajo-SED-FPGA\Trabajo-FPGA\Trabajo-FPGA.srcs\sources_1\new\mux_state.vhd:]
WARNING: [filemgmt 56-199] Attempt to get parsing info during refresh. "On-the-fly" syntax checking information may be incorrect. [C:\Users\skstu\Documents\GitHub\Trabajo-SED-FPGA\Trabajo-FPGA\Trabajo-FPGA.srcs\sources_1\new\decoder.vhd:]
WARNING: [filemgmt 56-199] Attempt to get parsing info during refresh. "On-the-fly" syntax checking information may be incorrect. [C:\Users\skstu\Documents\GitHub\Trabajo-SED-FPGA\Trabajo-FPGA\Trabajo-FPGA.srcs\sources_1\new\top1.vhd:]
WARNING: [filemgmt 56-199] Attempt to get parsing info during refresh. "On-the-fly" syntax checking information may be incorrect. [C:\Users\skstu\Documents\GitHub\Trabajo-SED-FPGA\Trabajo-FPGA\Trabajo-FPGA.srcs\sources_1\new\FSM.vhd:]
WARNING: [filemgmt 56-199] Attempt to get parsing info during refresh. "On-the-fly" syntax checking information may be incorrect. [C:\Users\skstu\Documents\GitHub\Trabajo-SED-FPGA\Trabajo-FPGA\Trabajo-FPGA.srcs\sources_1\new\mux_display.vhd:]
WARNING: [filemgmt 56-199] Attempt to get parsing info during refresh. "On-the-fly" syntax checking information may be incorrect. [C:\Users\skstu\Documents\GitHub\Trabajo-SED-FPGA\Trabajo-FPGA\Trabajo-FPGA.srcs\sources_1\new\mux_state.vhd:]
WARNING: [filemgmt 56-199] Attempt to get parsing info during refresh. "On-the-fly" syntax checking information may be incorrect. [C:\Users\skstu\Documents\GitHub\Trabajo-SED-FPGA\Trabajo-FPGA\Trabajo-FPGA.srcs\sources_1\new\mux_state.vhd:]
ERROR: [Common 17-180] Spawn failed: No error
WARNING: [filemgmt 56-199] Attempt to get parsing info during refresh. "On-the-fly" syntax checking information may be incorrect. [C:\Users\skstu\Documents\GitHub\Trabajo-SED-FPGA\Trabajo-FPGA\Trabajo-FPGA.srcs\sources_1\new\SYNCHRNZR.vhd:]
WARNING: [filemgmt 56-199] Attempt to get parsing info during refresh. "On-the-fly" syntax checking information may be incorrect. [C:\Users\skstu\Documents\GitHub\Trabajo-SED-FPGA\Trabajo-FPGA\Trabajo-FPGA.srcs\sources_1\new\mux_state.vhd:]
WARNING: [filemgmt 56-199] Attempt to get parsing info during refresh. "On-the-fly" syntax checking information may be incorrect. [C:\Users\skstu\Documents\GitHub\Trabajo-SED-FPGA\Trabajo-FPGA\Trabajo-FPGA.srcs\sources_1\new\decoder.vhd:]
WARNING: [filemgmt 56-199] Attempt to get parsing info during refresh. "On-the-fly" syntax checking information may be incorrect. [C:\Users\skstu\Documents\GitHub\Trabajo-SED-FPGA\Trabajo-FPGA\Trabajo-FPGA.srcs\sources_1\new\top1.vhd:]
WARNING: [filemgmt 56-199] Attempt to get parsing info during refresh. "On-the-fly" syntax checking information may be incorrect. [C:\Users\skstu\Documents\GitHub\Trabajo-SED-FPGA\Trabajo-FPGA\Trabajo-FPGA.srcs\sources_1\new\FSM.vhd:]
WARNING: [filemgmt 56-199] Attempt to get parsing info during refresh. "On-the-fly" syntax checking information may be incorrect. [C:\Users\skstu\Documents\GitHub\Trabajo-SED-FPGA\Trabajo-FPGA\Trabajo-FPGA.srcs\sources_1\new\mux_display.vhd:]
WARNING: [filemgmt 56-199] Attempt to get parsing info during refresh. "On-the-fly" syntax checking information may be incorrect. [C:\Users\skstu\Documents\GitHub\Trabajo-SED-FPGA\Trabajo-FPGA\Trabajo-FPGA.srcs\sources_1\new\mux_display.vhd:]
WARNING: [filemgmt 56-199] Attempt to get parsing info during refresh. "On-the-fly" syntax checking information may be incorrect. [C:\Users\skstu\Documents\GitHub\Trabajo-SED-FPGA\Trabajo-FPGA\Trabajo-FPGA.srcs\sources_1\new\mux_display.vhd:]
ERROR: [Common 17-180] Spawn failed: No error
WARNING: [filemgmt 56-199] Attempt to get parsing info during refresh. "On-the-fly" syntax checking information may be incorrect. [C:\Users\skstu\Documents\GitHub\Trabajo-SED-FPGA\Trabajo-FPGA\Trabajo-FPGA.srcs\sources_1\new\SYNCHRNZR.vhd:]
WARNING: [filemgmt 56-199] Attempt to get parsing info during refresh. "On-the-fly" syntax checking information may be incorrect. [C:\Users\skstu\Documents\GitHub\Trabajo-SED-FPGA\Trabajo-FPGA\Trabajo-FPGA.srcs\sources_1\new\mux_state.vhd:]
WARNING: [filemgmt 56-199] Attempt to get parsing info during refresh. "On-the-fly" syntax checking information may be incorrect. [C:\Users\skstu\Documents\GitHub\Trabajo-SED-FPGA\Trabajo-FPGA\Trabajo-FPGA.srcs\sources_1\new\decoder.vhd:]
WARNING: [filemgmt 56-199] Attempt to get parsing info during refresh. "On-the-fly" syntax checking information may be incorrect. [C:\Users\skstu\Documents\GitHub\Trabajo-SED-FPGA\Trabajo-FPGA\Trabajo-FPGA.srcs\sources_1\new\top1.vhd:]
WARNING: [filemgmt 56-199] Attempt to get parsing info during refresh. "On-the-fly" syntax checking information may be incorrect. [C:\Users\skstu\Documents\GitHub\Trabajo-SED-FPGA\Trabajo-FPGA\Trabajo-FPGA.srcs\sources_1\new\FSM.vhd:]
WARNING: [filemgmt 56-199] Attempt to get parsing info during refresh. "On-the-fly" syntax checking information may be incorrect. [C:\Users\skstu\Documents\GitHub\Trabajo-SED-FPGA\Trabajo-FPGA\Trabajo-FPGA.srcs\sources_1\new\mux_display.vhd:]
WARNING: [filemgmt 56-199] Attempt to get parsing info during refresh. "On-the-fly" syntax checking information may be incorrect. [C:\Users\skstu\Documents\GitHub\Trabajo-SED-FPGA\Trabajo-FPGA\Trabajo-FPGA.srcs\sources_1\new\FSM.vhd:]
WARNING: [filemgmt 56-199] Attempt to get parsing info during refresh. "On-the-fly" syntax checking information may be incorrect. [C:\Users\skstu\Documents\GitHub\Trabajo-SED-FPGA\Trabajo-FPGA\Trabajo-FPGA.srcs\sources_1\new\FSM.vhd:]
WARNING: [filemgmt 56-199] Attempt to get parsing info during refresh. "On-the-fly" syntax checking information may be incorrect. [C:\Users\skstu\Documents\GitHub\Trabajo-SED-FPGA\Trabajo-FPGA\Trabajo-FPGA.srcs\sources_1\new\SYNCHRNZR.vhd:]
WARNING: [filemgmt 56-199] Attempt to get parsing info during refresh. "On-the-fly" syntax checking information may be incorrect. [C:\Users\skstu\Documents\GitHub\Trabajo-SED-FPGA\Trabajo-FPGA\Trabajo-FPGA.srcs\sources_1\new\mux_state.vhd:]
WARNING: [filemgmt 56-199] Attempt to get parsing info during refresh. "On-the-fly" syntax checking information may be incorrect. [C:\Users\skstu\Documents\GitHub\Trabajo-SED-FPGA\Trabajo-FPGA\Trabajo-FPGA.srcs\sources_1\new\decoder.vhd:]
WARNING: [filemgmt 56-199] Attempt to get parsing info during refresh. "On-the-fly" syntax checking information may be incorrect. [C:\Users\skstu\Documents\GitHub\Trabajo-SED-FPGA\Trabajo-FPGA\Trabajo-FPGA.srcs\sources_1\new\top1.vhd:]
WARNING: [filemgmt 56-199] Attempt to get parsing info during refresh. "On-the-fly" syntax checking information may be incorrect. [C:\Users\skstu\Documents\GitHub\Trabajo-SED-FPGA\Trabajo-FPGA\Trabajo-FPGA.srcs\sources_1\new\FSM.vhd:]
WARNING: [filemgmt 56-199] Attempt to get parsing info during refresh. "On-the-fly" syntax checking information may be incorrect. [C:\Users\skstu\Documents\GitHub\Trabajo-SED-FPGA\Trabajo-FPGA\Trabajo-FPGA.srcs\sources_1\new\mux_display.vhd:]
WARNING: [filemgmt 56-199] Attempt to get parsing info during refresh. "On-the-fly" syntax checking information may be incorrect. [C:\Users\skstu\Documents\GitHub\Trabajo-SED-FPGA\Trabajo-FPGA\Trabajo-FPGA.srcs\sources_1\new\decoder.vhd:]
WARNING: [filemgmt 56-199] Attempt to get parsing info during refresh. "On-the-fly" syntax checking information may be incorrect. [C:\Users\skstu\Documents\GitHub\Trabajo-SED-FPGA\Trabajo-FPGA\Trabajo-FPGA.srcs\sources_1\new\decoder.vhd:]
WARNING: [filemgmt 56-199] Attempt to get parsing info during refresh. "On-the-fly" syntax checking information may be incorrect. [C:\Users\skstu\Documents\GitHub\Trabajo-SED-FPGA\Trabajo-FPGA\Trabajo-FPGA.srcs\sources_1\new\SYNCHRNZR.vhd:]
WARNING: [filemgmt 56-199] Attempt to get parsing info during refresh. "On-the-fly" syntax checking information may be incorrect. [C:\Users\skstu\Documents\GitHub\Trabajo-SED-FPGA\Trabajo-FPGA\Trabajo-FPGA.srcs\sources_1\new\mux_state.vhd:]
WARNING: [filemgmt 56-199] Attempt to get parsing info during refresh. "On-the-fly" syntax checking information may be incorrect. [C:\Users\skstu\Documents\GitHub\Trabajo-SED-FPGA\Trabajo-FPGA\Trabajo-FPGA.srcs\sources_1\new\decoder.vhd:]
WARNING: [filemgmt 56-199] Attempt to get parsing info during refresh. "On-the-fly" syntax checking information may be incorrect. [C:\Users\skstu\Documents\GitHub\Trabajo-SED-FPGA\Trabajo-FPGA\Trabajo-FPGA.srcs\sources_1\new\top1.vhd:]
WARNING: [filemgmt 56-199] Attempt to get parsing info during refresh. "On-the-fly" syntax checking information may be incorrect. [C:\Users\skstu\Documents\GitHub\Trabajo-SED-FPGA\Trabajo-FPGA\Trabajo-FPGA.srcs\sources_1\new\FSM.vhd:]
WARNING: [filemgmt 56-199] Attempt to get parsing info during refresh. "On-the-fly" syntax checking information may be incorrect. [C:\Users\skstu\Documents\GitHub\Trabajo-SED-FPGA\Trabajo-FPGA\Trabajo-FPGA.srcs\sources_1\new\mux_display.vhd:]
WARNING: [filemgmt 56-199] Attempt to get parsing info during refresh. "On-the-fly" syntax checking information may be incorrect. [C:\Users\skstu\Documents\GitHub\Trabajo-SED-FPGA\Trabajo-FPGA\Trabajo-FPGA.srcs\sources_1\new\top1.vhd:]
WARNING: [filemgmt 56-199] Attempt to get parsing info during refresh. "On-the-fly" syntax checking information may be incorrect. [C:\Users\skstu\Documents\GitHub\Trabajo-SED-FPGA\Trabajo-FPGA\Trabajo-FPGA.srcs\sources_1\new\top1.vhd:]
ERROR: [Common 17-180] Spawn failed: No error
WARNING: [filemgmt 56-199] Attempt to get parsing info during refresh. "On-the-fly" syntax checking information may be incorrect. [C:\Users\skstu\Documents\GitHub\Trabajo-SED-FPGA\Trabajo-FPGA\Trabajo-FPGA.srcs\sources_1\new\SYNCHRNZR.vhd:]
WARNING: [filemgmt 56-199] Attempt to get parsing info during refresh. "On-the-fly" syntax checking information may be incorrect. [C:\Users\skstu\Documents\GitHub\Trabajo-SED-FPGA\Trabajo-FPGA\Trabajo-FPGA.srcs\sources_1\new\mux_state.vhd:]
WARNING: [filemgmt 56-199] Attempt to get parsing info during refresh. "On-the-fly" syntax checking information may be incorrect. [C:\Users\skstu\Documents\GitHub\Trabajo-SED-FPGA\Trabajo-FPGA\Trabajo-FPGA.srcs\sources_1\new\decoder.vhd:]
WARNING: [filemgmt 56-199] Attempt to get parsing info during refresh. "On-the-fly" syntax checking information may be incorrect. [C:\Users\skstu\Documents\GitHub\Trabajo-SED-FPGA\Trabajo-FPGA\Trabajo-FPGA.srcs\sources_1\new\top1.vhd:]
WARNING: [filemgmt 56-199] Attempt to get parsing info during refresh. "On-the-fly" syntax checking information may be incorrect. [C:\Users\skstu\Documents\GitHub\Trabajo-SED-FPGA\Trabajo-FPGA\Trabajo-FPGA.srcs\sources_1\new\FSM.vhd:]
WARNING: [filemgmt 56-199] Attempt to get parsing info during refresh. "On-the-fly" syntax checking information may be incorrect. [C:\Users\skstu\Documents\GitHub\Trabajo-SED-FPGA\Trabajo-FPGA\Trabajo-FPGA.srcs\sources_1\new\mux_display.vhd:]
WARNING: [filemgmt 56-199] Attempt to get parsing info during refresh. "On-the-fly" syntax checking information may be incorrect. [C:\Users\skstu\Documents\GitHub\Trabajo-SED-FPGA\Trabajo-FPGA\Trabajo-FPGA.srcs\sources_1\new\mux_display.vhd:]
WARNING: [filemgmt 56-199] Attempt to get parsing info during refresh. "On-the-fly" syntax checking information may be incorrect. [C:\Users\skstu\Documents\GitHub\Trabajo-SED-FPGA\Trabajo-FPGA\Trabajo-FPGA.srcs\sources_1\new\mux_display.vhd:]
ERROR: [Common 17-180] Spawn failed: No error
WARNING: [filemgmt 56-199] Attempt to get parsing info during refresh. "On-the-fly" syntax checking information may be incorrect. [C:\Users\skstu\Documents\GitHub\Trabajo-SED-FPGA\Trabajo-FPGA\Trabajo-FPGA.srcs\sources_1\new\SYNCHRNZR.vhd:]
WARNING: [filemgmt 56-199] Attempt to get parsing info during refresh. "On-the-fly" syntax checking information may be incorrect. [C:\Users\skstu\Documents\GitHub\Trabajo-SED-FPGA\Trabajo-FPGA\Trabajo-FPGA.srcs\sources_1\new\mux_state.vhd:]
WARNING: [filemgmt 56-199] Attempt to get parsing info during refresh. "On-the-fly" syntax checking information may be incorrect. [C:\Users\skstu\Documents\GitHub\Trabajo-SED-FPGA\Trabajo-FPGA\Trabajo-FPGA.srcs\sources_1\new\decoder.vhd:]
WARNING: [filemgmt 56-199] Attempt to get parsing info during refresh. "On-the-fly" syntax checking information may be incorrect. [C:\Users\skstu\Documents\GitHub\Trabajo-SED-FPGA\Trabajo-FPGA\Trabajo-FPGA.srcs\sources_1\new\top1.vhd:]
WARNING: [filemgmt 56-199] Attempt to get parsing info during refresh. "On-the-fly" syntax checking information may be incorrect. [C:\Users\skstu\Documents\GitHub\Trabajo-SED-FPGA\Trabajo-FPGA\Trabajo-FPGA.srcs\sources_1\new\FSM.vhd:]
WARNING: [filemgmt 56-199] Attempt to get parsing info during refresh. "On-the-fly" syntax checking information may be incorrect. [C:\Users\skstu\Documents\GitHub\Trabajo-SED-FPGA\Trabajo-FPGA\Trabajo-FPGA.srcs\sources_1\new\mux_display.vhd:]
WARNING: [filemgmt 56-199] Attempt to get parsing info during refresh. "On-the-fly" syntax checking information may be incorrect. [C:\Users\skstu\Documents\GitHub\Trabajo-SED-FPGA\Trabajo-FPGA\Trabajo-FPGA.srcs\sources_1\new\mux_state.vhd:]
WARNING: [filemgmt 56-199] Attempt to get parsing info during refresh. "On-the-fly" syntax checking information may be incorrect. [C:\Users\skstu\Documents\GitHub\Trabajo-SED-FPGA\Trabajo-FPGA\Trabajo-FPGA.srcs\sources_1\new\mux_state.vhd:]
ERROR: [Common 17-180] Spawn failed: No error
exit
INFO: [Common 17-206] Exiting Vivado at Tue Dec 31 16:37:34 2024...
