#-----------------------------------------------------------
# Vivado v2024.2 (64-bit)
# SW Build 5239630 on Fri Nov 08 22:35:27 MST 2024
# IP Build 5239520 on Sun Nov 10 16:12:51 MST 2024
# SharedData Build 5239561 on Fri Nov 08 14:39:27 MST 2024
# Start of session at: Thu Dec 19 12:42:04 2024
# Process ID         : 2324
# Current directory  : C:/Users/skstu/Documents/GitHub/Trabajo-SED-FPGA/Trabajo-FPGA
# Command line       : vivado.exe -gui_launcher_event rodinguilauncherevent41956 C:\Users\skstu\Documents\GitHub\Trabajo-SED-FPGA\Trabajo-FPGA\Trabajo-FPGA.xpr
# Log file           : C:/Users/skstu/Documents/GitHub/Trabajo-SED-FPGA/Trabajo-FPGA/vivado.log
# Journal file       : C:/Users/skstu/Documents/GitHub/Trabajo-SED-FPGA/Trabajo-FPGA\vivado.jou
# Running On         : Saraa
# Platform           : Windows Server 2016 or Windows 10
# Operating System   : 22631
# Processor Detail   : AMD Ryzen 7 7735HS with Radeon Graphics        
# CPU Frequency      : 3194 MHz
# CPU Physical cores : 8
# CPU Logical cores  : 16
# Host memory        : 16438 MB
# Swap memory        : 11274 MB
# Total Virtual      : 27712 MB
# Available Virtual  : 12411 MB
#-----------------------------------------------------------
start_gui
open_project C:/Users/skstu/Documents/GitHub/Trabajo-SED-FPGA/Trabajo-FPGA/Trabajo-FPGA.xpr
Scanning sources...
Finished scanning sources
INFO: [IP_Flow 19-234] Refreshing IP repositories
INFO: [IP_Flow 19-1704] No user IP repositories specified
INFO: [IP_Flow 19-2313] Loaded Vivado IP repository 'C:/Xilinx/Vivado/2024.2/data/ip'.
WARNING: [filemgmt 56-199] Attempt to get parsing info during refresh. "On-the-fly" syntax checking information may be incorrect. [C:\Users\skstu\Documents\GitHub\Trabajo-SED-FPGA\Trabajo-FPGA\Trabajo-FPGA.srcs\sources_1\new\top1.vhd:]
WARNING: [filemgmt 56-199] Attempt to get parsing info during refresh. "On-the-fly" syntax checking information may be incorrect. [C:\Users\skstu\Documents\GitHub\Trabajo-SED-FPGA\Trabajo-FPGA\Trabajo-FPGA.srcs\sources_1\new\split_real_number_bin.vhd:]
WARNING: [filemgmt 56-199] Attempt to get parsing info during refresh. "On-the-fly" syntax checking information may be incorrect. [C:\Users\skstu\Documents\GitHub\Trabajo-SED-FPGA\Trabajo-FPGA\Trabajo-FPGA.srcs\sources_1\new\split_real_number_bin.vhd:]
WARNING: [filemgmt 56-199] Attempt to get parsing info during refresh. "On-the-fly" syntax checking information may be incorrect. [C:\Users\skstu\Documents\GitHub\Trabajo-SED-FPGA\Trabajo-FPGA\Trabajo-FPGA.srcs\sources_1\new\split_real_number_bin.vhd:]
ERROR: [Common 17-180] Spawn failed: No error
reset_run synth_1
launch_runs impl_1 -jobs 8
[Thu Dec 19 12:44:20 2024] Launched synth_1...
Run output will be captured here: C:/Users/skstu/Documents/GitHub/Trabajo-SED-FPGA/Trabajo-FPGA/Trabajo-FPGA.runs/synth_1/runme.log
[Thu Dec 19 12:44:20 2024] Launched impl_1...
Run output will be captured here: C:/Users/skstu/Documents/GitHub/Trabajo-SED-FPGA/Trabajo-FPGA/Trabajo-FPGA.runs/impl_1/runme.log
WARNING: [filemgmt 56-199] Attempt to get parsing info during refresh. "On-the-fly" syntax checking information may be incorrect. [C:\Users\skstu\Documents\GitHub\Trabajo-SED-FPGA\Trabajo-FPGA\Trabajo-FPGA.srcs\sources_1\new\top1.vhd:]
WARNING: [filemgmt 56-199] Attempt to get parsing info during refresh. "On-the-fly" syntax checking information may be incorrect. [C:\Users\skstu\Documents\GitHub\Trabajo-SED-FPGA\Trabajo-FPGA\Trabajo-FPGA.srcs\sources_1\new\split_real_number_bin.vhd:]
WARNING: [filemgmt 56-199] Attempt to get parsing info during refresh. "On-the-fly" syntax checking information may be incorrect. [C:\Users\skstu\Documents\GitHub\Trabajo-SED-FPGA\Trabajo-FPGA\Trabajo-FPGA.srcs\sources_1\new\seven_segment_dynamic.vhd:]
WARNING: [filemgmt 56-199] Attempt to get parsing info during refresh. "On-the-fly" syntax checking information may be incorrect. [C:\Users\skstu\Documents\GitHub\Trabajo-SED-FPGA\Trabajo-FPGA\Trabajo-FPGA.srcs\sources_1\new\split_real_number_bin.vhd:]
WARNING: [filemgmt 56-199] Attempt to get parsing info during refresh. "On-the-fly" syntax checking information may be incorrect. [C:\Users\skstu\Documents\GitHub\Trabajo-SED-FPGA\Trabajo-FPGA\Trabajo-FPGA.srcs\sources_1\new\split_real_number_bin.vhd:]
WARNING: [filemgmt 56-199] Attempt to get parsing info during refresh. "On-the-fly" syntax checking information may be incorrect. [C:\Users\skstu\Documents\GitHub\Trabajo-SED-FPGA\Trabajo-FPGA\Trabajo-FPGA.srcs\sources_1\new\top1.vhd:]
WARNING: [filemgmt 56-199] Attempt to get parsing info during refresh. "On-the-fly" syntax checking information may be incorrect. [C:\Users\skstu\Documents\GitHub\Trabajo-SED-FPGA\Trabajo-FPGA\Trabajo-FPGA.srcs\sources_1\new\split_real_number_bin.vhd:]
WARNING: [filemgmt 56-199] Attempt to get parsing info during refresh. "On-the-fly" syntax checking information may be incorrect. [C:\Users\skstu\Documents\GitHub\Trabajo-SED-FPGA\Trabajo-FPGA\Trabajo-FPGA.srcs\sources_1\new\seven_segment_dynamic.vhd:]
WARNING: [filemgmt 56-199] Attempt to get parsing info during refresh. "On-the-fly" syntax checking information may be incorrect. [C:\Users\skstu\Documents\GitHub\Trabajo-SED-FPGA\Trabajo-FPGA\Trabajo-FPGA.srcs\sources_1\new\seven_segment_dynamic.vhd:]
WARNING: [filemgmt 56-199] Attempt to get parsing info during refresh. "On-the-fly" syntax checking information may be incorrect. [C:\Users\skstu\Documents\GitHub\Trabajo-SED-FPGA\Trabajo-FPGA\Trabajo-FPGA.srcs\sources_1\new\seven_segment_dynamic.vhd:]
WARNING: [filemgmt 56-199] Attempt to get parsing info during refresh. "On-the-fly" syntax checking information may be incorrect. [C:\Users\skstu\Documents\GitHub\Trabajo-SED-FPGA\Trabajo-FPGA\Trabajo-FPGA.srcs\sources_1\new\top1.vhd:]
WARNING: [filemgmt 56-199] Attempt to get parsing info during refresh. "On-the-fly" syntax checking information may be incorrect. [C:\Users\skstu\Documents\GitHub\Trabajo-SED-FPGA\Trabajo-FPGA\Trabajo-FPGA.srcs\sources_1\new\split_real_number_bin.vhd:]
WARNING: [filemgmt 56-199] Attempt to get parsing info during refresh. "On-the-fly" syntax checking information may be incorrect. [C:\Users\skstu\Documents\GitHub\Trabajo-SED-FPGA\Trabajo-FPGA\Trabajo-FPGA.srcs\sources_1\new\seven_segment_dynamic.vhd:]
WARNING: [filemgmt 56-199] Attempt to get parsing info during refresh. "On-the-fly" syntax checking information may be incorrect. [C:\Users\skstu\Documents\GitHub\Trabajo-SED-FPGA\Trabajo-FPGA\Trabajo-FPGA.srcs\sources_1\new\split_real_number_bin.vhd:]
WARNING: [filemgmt 56-199] Attempt to get parsing info during refresh. "On-the-fly" syntax checking information may be incorrect. [C:\Users\skstu\Documents\GitHub\Trabajo-SED-FPGA\Trabajo-FPGA\Trabajo-FPGA.srcs\sources_1\new\split_real_number_bin.vhd:]
WARNING: [filemgmt 56-199] Attempt to get parsing info during refresh. "On-the-fly" syntax checking information may be incorrect. [C:\Users\skstu\Documents\GitHub\Trabajo-SED-FPGA\Trabajo-FPGA\Trabajo-FPGA.srcs\sources_1\new\top1.vhd:]
WARNING: [filemgmt 56-199] Attempt to get parsing info during refresh. "On-the-fly" syntax checking information may be incorrect. [C:\Users\skstu\Documents\GitHub\Trabajo-SED-FPGA\Trabajo-FPGA\Trabajo-FPGA.srcs\sources_1\new\split_real_number_bin.vhd:]
WARNING: [filemgmt 56-199] Attempt to get parsing info during refresh. "On-the-fly" syntax checking information may be incorrect. [C:\Users\skstu\Documents\GitHub\Trabajo-SED-FPGA\Trabajo-FPGA\Trabajo-FPGA.srcs\sources_1\new\seven_segment_dynamic.vhd:]
WARNING: [filemgmt 56-199] Attempt to get parsing info during refresh. "On-the-fly" syntax checking information may be incorrect. [C:\Users\skstu\Documents\GitHub\Trabajo-SED-FPGA\Trabajo-FPGA\Trabajo-FPGA.srcs\sources_1\new\seven_segment_dynamic.vhd:]
WARNING: [filemgmt 56-199] Attempt to get parsing info during refresh. "On-the-fly" syntax checking information may be incorrect. [C:\Users\skstu\Documents\GitHub\Trabajo-SED-FPGA\Trabajo-FPGA\Trabajo-FPGA.srcs\sources_1\new\seven_segment_dynamic.vhd:]
reset_run synth_1
launch_runs impl_1 -jobs 8
[Thu Dec 19 12:46:40 2024] Launched synth_1...
Run output will be captured here: C:/Users/skstu/Documents/GitHub/Trabajo-SED-FPGA/Trabajo-FPGA/Trabajo-FPGA.runs/synth_1/runme.log
[Thu Dec 19 12:46:40 2024] Launched impl_1...
Run output will be captured here: C:/Users/skstu/Documents/GitHub/Trabajo-SED-FPGA/Trabajo-FPGA/Trabajo-FPGA.runs/impl_1/runme.log
WARNING: [filemgmt 56-199] Attempt to get parsing info during refresh. "On-the-fly" syntax checking information may be incorrect. [C:\Users\skstu\Documents\GitHub\Trabajo-SED-FPGA\Trabajo-FPGA\Trabajo-FPGA.srcs\sources_1\new\top1.vhd:]
WARNING: [filemgmt 56-199] Attempt to get parsing info during refresh. "On-the-fly" syntax checking information may be incorrect. [C:\Users\skstu\Documents\GitHub\Trabajo-SED-FPGA\Trabajo-FPGA\Trabajo-FPGA.srcs\sources_1\new\split_real_number_bin.vhd:]
WARNING: [filemgmt 56-199] Attempt to get parsing info during refresh. "On-the-fly" syntax checking information may be incorrect. [C:\Users\skstu\Documents\GitHub\Trabajo-SED-FPGA\Trabajo-FPGA\Trabajo-FPGA.srcs\sources_1\new\seven_segment_dynamic.vhd:]
WARNING: [filemgmt 56-199] Attempt to get parsing info during refresh. "On-the-fly" syntax checking information may be incorrect. [C:\Users\skstu\Documents\GitHub\Trabajo-SED-FPGA\Trabajo-FPGA\Trabajo-FPGA.srcs\sources_1\new\split_real_number_bin.vhd:]
WARNING: [filemgmt 56-199] Attempt to get parsing info during refresh. "On-the-fly" syntax checking information may be incorrect. [C:\Users\skstu\Documents\GitHub\Trabajo-SED-FPGA\Trabajo-FPGA\Trabajo-FPGA.srcs\sources_1\new\split_real_number_bin.vhd:]
WARNING: [filemgmt 56-199] Attempt to get parsing info during refresh. "On-the-fly" syntax checking information may be incorrect. [C:\Users\skstu\Documents\GitHub\Trabajo-SED-FPGA\Trabajo-FPGA\Trabajo-FPGA.srcs\sources_1\new\top1.vhd:]
WARNING: [filemgmt 56-199] Attempt to get parsing info during refresh. "On-the-fly" syntax checking information may be incorrect. [C:\Users\skstu\Documents\GitHub\Trabajo-SED-FPGA\Trabajo-FPGA\Trabajo-FPGA.srcs\sources_1\new\split_real_number_bin.vhd:]
WARNING: [filemgmt 56-199] Attempt to get parsing info during refresh. "On-the-fly" syntax checking information may be incorrect. [C:\Users\skstu\Documents\GitHub\Trabajo-SED-FPGA\Trabajo-FPGA\Trabajo-FPGA.srcs\sources_1\new\seven_segment_dynamic.vhd:]
WARNING: [filemgmt 56-199] Attempt to get parsing info during refresh. "On-the-fly" syntax checking information may be incorrect. [C:\Users\skstu\Documents\GitHub\Trabajo-SED-FPGA\Trabajo-FPGA\Trabajo-FPGA.srcs\sources_1\new\seven_segment_dynamic.vhd:]
WARNING: [filemgmt 56-199] Attempt to get parsing info during refresh. "On-the-fly" syntax checking information may be incorrect. [C:\Users\skstu\Documents\GitHub\Trabajo-SED-FPGA\Trabajo-FPGA\Trabajo-FPGA.srcs\sources_1\new\seven_segment_dynamic.vhd:]
reset_run synth_1
INFO: [Project 1-1161] Replacing file C:/Users/skstu/Documents/GitHub/Trabajo-SED-FPGA/Trabajo-FPGA/Trabajo-FPGA.srcs/utils_1/imports/synth_1/AccelerometerCtl.dcp with file C:/Users/skstu/Documents/GitHub/Trabajo-SED-FPGA/Trabajo-FPGA/Trabajo-FPGA.runs/synth_1/Top.dcp
launch_runs impl_1 -jobs 8
[Thu Dec 19 12:50:34 2024] Launched synth_1...
Run output will be captured here: C:/Users/skstu/Documents/GitHub/Trabajo-SED-FPGA/Trabajo-FPGA/Trabajo-FPGA.runs/synth_1/runme.log
[Thu Dec 19 12:50:34 2024] Launched impl_1...
Run output will be captured here: C:/Users/skstu/Documents/GitHub/Trabajo-SED-FPGA/Trabajo-FPGA/Trabajo-FPGA.runs/impl_1/runme.log
WARNING: [filemgmt 56-199] Attempt to get parsing info during refresh. "On-the-fly" syntax checking information may be incorrect. [C:\Users\skstu\Documents\GitHub\Trabajo-SED-FPGA\Trabajo-FPGA\Trabajo-FPGA.srcs\sources_1\new\top1.vhd:]
WARNING: [filemgmt 56-199] Attempt to get parsing info during refresh. "On-the-fly" syntax checking information may be incorrect. [C:\Users\skstu\Documents\GitHub\Trabajo-SED-FPGA\Trabajo-FPGA\Trabajo-FPGA.srcs\sources_1\new\split_real_number_bin.vhd:]
WARNING: [filemgmt 56-199] Attempt to get parsing info during refresh. "On-the-fly" syntax checking information may be incorrect. [C:\Users\skstu\Documents\GitHub\Trabajo-SED-FPGA\Trabajo-FPGA\Trabajo-FPGA.srcs\sources_1\new\seven_segment_dynamic.vhd:]
WARNING: [filemgmt 56-199] Attempt to get parsing info during refresh. "On-the-fly" syntax checking information may be incorrect. [C:\Users\skstu\Documents\GitHub\Trabajo-SED-FPGA\Trabajo-FPGA\Trabajo-FPGA.srcs\sources_1\new\split_real_number_bin.vhd:]
WARNING: [filemgmt 56-199] Attempt to get parsing info during refresh. "On-the-fly" syntax checking information may be incorrect. [C:\Users\skstu\Documents\GitHub\Trabajo-SED-FPGA\Trabajo-FPGA\Trabajo-FPGA.srcs\sources_1\new\split_real_number_bin.vhd:]
WARNING: [filemgmt 56-199] Attempt to get parsing info during refresh. "On-the-fly" syntax checking information may be incorrect. [C:\Users\skstu\Documents\GitHub\Trabajo-SED-FPGA\Trabajo-FPGA\Trabajo-FPGA.srcs\sources_1\new\top1.vhd:]
WARNING: [filemgmt 56-199] Attempt to get parsing info during refresh. "On-the-fly" syntax checking information may be incorrect. [C:\Users\skstu\Documents\GitHub\Trabajo-SED-FPGA\Trabajo-FPGA\Trabajo-FPGA.srcs\sources_1\new\split_real_number_bin.vhd:]
WARNING: [filemgmt 56-199] Attempt to get parsing info during refresh. "On-the-fly" syntax checking information may be incorrect. [C:\Users\skstu\Documents\GitHub\Trabajo-SED-FPGA\Trabajo-FPGA\Trabajo-FPGA.srcs\sources_1\new\seven_segment_dynamic.vhd:]
WARNING: [filemgmt 56-199] Attempt to get parsing info during refresh. "On-the-fly" syntax checking information may be incorrect. [C:\Users\skstu\Documents\GitHub\Trabajo-SED-FPGA\Trabajo-FPGA\Trabajo-FPGA.srcs\sources_1\new\seven_segment_dynamic.vhd:]
WARNING: [filemgmt 56-199] Attempt to get parsing info during refresh. "On-the-fly" syntax checking information may be incorrect. [C:\Users\skstu\Documents\GitHub\Trabajo-SED-FPGA\Trabajo-FPGA\Trabajo-FPGA.srcs\sources_1\new\seven_segment_dynamic.vhd:]
WARNING: [filemgmt 56-199] Attempt to get parsing info during refresh. "On-the-fly" syntax checking information may be incorrect. [C:\Users\skstu\Documents\GitHub\Trabajo-SED-FPGA\Trabajo-FPGA\Trabajo-FPGA.srcs\sources_1\new\top1.vhd:]
WARNING: [filemgmt 56-199] Attempt to get parsing info during refresh. "On-the-fly" syntax checking information may be incorrect. [C:\Users\skstu\Documents\GitHub\Trabajo-SED-FPGA\Trabajo-FPGA\Trabajo-FPGA.srcs\sources_1\new\split_real_number_bin.vhd:]
WARNING: [filemgmt 56-199] Attempt to get parsing info during refresh. "On-the-fly" syntax checking information may be incorrect. [C:\Users\skstu\Documents\GitHub\Trabajo-SED-FPGA\Trabajo-FPGA\Trabajo-FPGA.srcs\sources_1\new\seven_segment_dynamic.vhd:]
WARNING: [filemgmt 56-199] Attempt to get parsing info during refresh. "On-the-fly" syntax checking information may be incorrect. [C:\Users\skstu\Documents\GitHub\Trabajo-SED-FPGA\Trabajo-FPGA\Trabajo-FPGA.srcs\sources_1\new\split_real_number_bin.vhd:]
WARNING: [filemgmt 56-199] Attempt to get parsing info during refresh. "On-the-fly" syntax checking information may be incorrect. [C:\Users\skstu\Documents\GitHub\Trabajo-SED-FPGA\Trabajo-FPGA\Trabajo-FPGA.srcs\sources_1\new\split_real_number_bin.vhd:]
WARNING: [filemgmt 56-199] Attempt to get parsing info during refresh. "On-the-fly" syntax checking information may be incorrect. [C:\Users\skstu\Documents\GitHub\Trabajo-SED-FPGA\Trabajo-FPGA\Trabajo-FPGA.srcs\sources_1\new\top1.vhd:]
WARNING: [filemgmt 56-199] Attempt to get parsing info during refresh. "On-the-fly" syntax checking information may be incorrect. [C:\Users\skstu\Documents\GitHub\Trabajo-SED-FPGA\Trabajo-FPGA\Trabajo-FPGA.srcs\sources_1\new\split_real_number_bin.vhd:]
WARNING: [filemgmt 56-199] Attempt to get parsing info during refresh. "On-the-fly" syntax checking information may be incorrect. [C:\Users\skstu\Documents\GitHub\Trabajo-SED-FPGA\Trabajo-FPGA\Trabajo-FPGA.srcs\sources_1\new\seven_segment_dynamic.vhd:]
WARNING: [filemgmt 56-199] Attempt to get parsing info during refresh. "On-the-fly" syntax checking information may be incorrect. [C:\Users\skstu\Documents\GitHub\Trabajo-SED-FPGA\Trabajo-FPGA\Trabajo-FPGA.srcs\sources_1\new\seven_segment_dynamic.vhd:]
WARNING: [filemgmt 56-199] Attempt to get parsing info during refresh. "On-the-fly" syntax checking information may be incorrect. [C:\Users\skstu\Documents\GitHub\Trabajo-SED-FPGA\Trabajo-FPGA\Trabajo-FPGA.srcs\sources_1\new\seven_segment_dynamic.vhd:]
reset_run impl_1
reset_run synth_1
INFO: [Project 1-1161] Replacing file C:/Users/skstu/Documents/GitHub/Trabajo-SED-FPGA/Trabajo-FPGA/Trabajo-FPGA.srcs/utils_1/imports/synth_1/AccelerometerCtl.dcp with file C:/Users/skstu/Documents/GitHub/Trabajo-SED-FPGA/Trabajo-FPGA/Trabajo-FPGA.runs/synth_1/Top.dcp
WARNING: [filemgmt 56-199] Attempt to get parsing info during refresh. "On-the-fly" syntax checking information may be incorrect. [C:\Users\skstu\Documents\GitHub\Trabajo-SED-FPGA\Trabajo-FPGA\Trabajo-FPGA.srcs\sources_1\new\top1.vhd:]
WARNING: [filemgmt 56-199] Attempt to get parsing info during refresh. "On-the-fly" syntax checking information may be incorrect. [C:\Users\skstu\Documents\GitHub\Trabajo-SED-FPGA\Trabajo-FPGA\Trabajo-FPGA.srcs\sources_1\new\split_real_number_bin.vhd:]
WARNING: [filemgmt 56-199] Attempt to get parsing info during refresh. "On-the-fly" syntax checking information may be incorrect. [C:\Users\skstu\Documents\GitHub\Trabajo-SED-FPGA\Trabajo-FPGA\Trabajo-FPGA.srcs\sources_1\new\seven_segment_dynamic.vhd:]
WARNING: [filemgmt 56-199] Attempt to get parsing info during refresh. "On-the-fly" syntax checking information may be incorrect. [C:\Users\skstu\Documents\GitHub\Trabajo-SED-FPGA\Trabajo-FPGA\Trabajo-FPGA.srcs\sources_1\new\split_real_number_bin.vhd:]
WARNING: [filemgmt 56-199] Attempt to get parsing info during refresh. "On-the-fly" syntax checking information may be incorrect. [C:\Users\skstu\Documents\GitHub\Trabajo-SED-FPGA\Trabajo-FPGA\Trabajo-FPGA.srcs\sources_1\new\split_real_number_bin.vhd:]
WARNING: [filemgmt 56-199] Attempt to get parsing info during refresh. "On-the-fly" syntax checking information may be incorrect. [C:\Users\skstu\Documents\GitHub\Trabajo-SED-FPGA\Trabajo-FPGA\Trabajo-FPGA.srcs\sources_1\new\top1.vhd:]
WARNING: [filemgmt 56-199] Attempt to get parsing info during refresh. "On-the-fly" syntax checking information may be incorrect. [C:\Users\skstu\Documents\GitHub\Trabajo-SED-FPGA\Trabajo-FPGA\Trabajo-FPGA.srcs\sources_1\new\split_real_number_bin.vhd:]
WARNING: [filemgmt 56-199] Attempt to get parsing info during refresh. "On-the-fly" syntax checking information may be incorrect. [C:\Users\skstu\Documents\GitHub\Trabajo-SED-FPGA\Trabajo-FPGA\Trabajo-FPGA.srcs\sources_1\new\seven_segment_dynamic.vhd:]
WARNING: [filemgmt 56-199] Attempt to get parsing info during refresh. "On-the-fly" syntax checking information may be incorrect. [C:\Users\skstu\Documents\GitHub\Trabajo-SED-FPGA\Trabajo-FPGA\Trabajo-FPGA.srcs\sources_1\new\seven_segment_dynamic.vhd:]
WARNING: [filemgmt 56-199] Attempt to get parsing info during refresh. "On-the-fly" syntax checking information may be incorrect. [C:\Users\skstu\Documents\GitHub\Trabajo-SED-FPGA\Trabajo-FPGA\Trabajo-FPGA.srcs\sources_1\new\seven_segment_dynamic.vhd:]
launch_runs impl_1 -jobs 8
[Thu Dec 19 12:53:11 2024] Launched synth_1...
Run output will be captured here: C:/Users/skstu/Documents/GitHub/Trabajo-SED-FPGA/Trabajo-FPGA/Trabajo-FPGA.runs/synth_1/runme.log
[Thu Dec 19 12:53:12 2024] Launched impl_1...
Run output will be captured here: C:/Users/skstu/Documents/GitHub/Trabajo-SED-FPGA/Trabajo-FPGA/Trabajo-FPGA.runs/impl_1/runme.log
launch_runs impl_1 -to_step write_bitstream -jobs 8
[Thu Dec 19 12:56:23 2024] Launched impl_1...
Run output will be captured here: C:/Users/skstu/Documents/GitHub/Trabajo-SED-FPGA/Trabajo-FPGA/Trabajo-FPGA.runs/impl_1/runme.log
open_run impl_1
INFO: [Device 21-403] Loading part xc7a100tcsg324-1
Netlist sorting complete. Time (s): cpu = 00:00:00 ; elapsed = 00:00:00.131 . Memory (MB): peak = 1376.609 ; gain = 0.000
INFO: [Netlist 29-17] Analyzing 1365 Unisim elements for replacement
INFO: [Netlist 29-28] Unisim Transformation completed in 0 CPU seconds
INFO: [Project 1-479] Netlist was created with Vivado 2024.2
INFO: [Project 1-570] Preparing netlist for logic optimization
Read ShapeDB Complete: Time (s): cpu = 00:00:01 ; elapsed = 00:00:00.026 . Memory (MB): peak = 1491.508 ; gain = 2.629
INFO: [Timing 38-478] Restoring timing data from binary archive.
INFO: [Timing 38-479] Binary timing data restore complete.
INFO: [Project 1-856] Restoring constraints from binary archive.
INFO: [Project 1-853] Binary constraint restore complete.
INFO: [Designutils 20-5722] Start Reading Physical Databases.
Reading placement.
Read Netlist Cache: Time (s): cpu = 00:00:00 ; elapsed = 00:00:00.009 . Memory (MB): peak = 2058.527 ; gain = 0.000
Reading placer database...
Read Device Cache: Time (s): cpu = 00:00:00 ; elapsed = 00:00:00.005 . Memory (MB): peak = 2058.527 ; gain = 0.000
Read PlaceDB: Time (s): cpu = 00:00:00 ; elapsed = 00:00:00.265 . Memory (MB): peak = 2058.527 ; gain = 0.000
Read PulsedLatchDB: Time (s): cpu = 00:00:00 ; elapsed = 00:00:00 . Memory (MB): peak = 2058.527 ; gain = 0.000
Reading routing.
Read RouteStorage: Time (s): cpu = 00:00:00 ; elapsed = 00:00:00.076 . Memory (MB): peak = 2058.527 ; gain = 0.000
Read Physdb Files: Time (s): cpu = 00:00:00 ; elapsed = 00:00:00.367 . Memory (MB): peak = 2058.527 ; gain = 0.000
Restored from archive | CPU: 0.000000 secs | Memory: 0.000000 MB |
Finished XDEF File Restore: Time (s): cpu = 00:00:00 ; elapsed = 00:00:00.367 . Memory (MB): peak = 2058.527 ; gain = 0.000
Netlist sorting complete. Time (s): cpu = 00:00:00 ; elapsed = 00:00:00.004 . Memory (MB): peak = 2058.527 ; gain = 0.000
INFO: [Project 1-111] Unisim Transformation Summary:
No Unisim elements were transformed.

open_run: Time (s): cpu = 00:00:14 ; elapsed = 00:00:13 . Memory (MB): peak = 2438.805 ; gain = 1253.801
WARNING: [filemgmt 56-199] Attempt to get parsing info during refresh. "On-the-fly" syntax checking information may be incorrect. [C:\Users\skstu\Documents\GitHub\Trabajo-SED-FPGA\Trabajo-FPGA\Trabajo-FPGA.srcs\sources_1\new\decoder.vhd:]
WARNING: [filemgmt 56-199] Attempt to get parsing info during refresh. "On-the-fly" syntax checking information may be incorrect. [C:\Users\skstu\Documents\GitHub\Trabajo-SED-FPGA\Trabajo-FPGA\Trabajo-FPGA.srcs\sources_1\new\top1.vhd:]
WARNING: [filemgmt 56-199] Attempt to get parsing info during refresh. "On-the-fly" syntax checking information may be incorrect. [C:\Users\skstu\Documents\GitHub\Trabajo-SED-FPGA\Trabajo-FPGA\Trabajo-FPGA.srcs\sources_1\new\split_real_number_bin.vhd:]
WARNING: [filemgmt 56-199] Attempt to get parsing info during refresh. "On-the-fly" syntax checking information may be incorrect. [C:\Users\skstu\Documents\GitHub\Trabajo-SED-FPGA\Trabajo-FPGA\Trabajo-FPGA.srcs\sources_1\new\seven_segment_dynamic.vhd:]
WARNING: [filemgmt 56-199] Attempt to get parsing info during refresh. "On-the-fly" syntax checking information may be incorrect. [C:\Users\skstu\Documents\GitHub\Trabajo-SED-FPGA\Trabajo-FPGA\Trabajo-FPGA.srcs\sources_1\new\split_real_number_bin.vhd:]
WARNING: [filemgmt 56-199] Attempt to get parsing info during refresh. "On-the-fly" syntax checking information may be incorrect. [C:\Users\skstu\Documents\GitHub\Trabajo-SED-FPGA\Trabajo-FPGA\Trabajo-FPGA.srcs\sources_1\new\split_real_number_bin.vhd:]
WARNING: [filemgmt 56-199] Attempt to get parsing info during refresh. "On-the-fly" syntax checking information may be incorrect. [C:\Users\skstu\Documents\GitHub\Trabajo-SED-FPGA\Trabajo-FPGA\Trabajo-FPGA.srcs\sources_1\new\decoder.vhd:]
WARNING: [filemgmt 56-199] Attempt to get parsing info during refresh. "On-the-fly" syntax checking information may be incorrect. [C:\Users\skstu\Documents\GitHub\Trabajo-SED-FPGA\Trabajo-FPGA\Trabajo-FPGA.srcs\sources_1\new\top1.vhd:]
WARNING: [filemgmt 56-199] Attempt to get parsing info during refresh. "On-the-fly" syntax checking information may be incorrect. [C:\Users\skstu\Documents\GitHub\Trabajo-SED-FPGA\Trabajo-FPGA\Trabajo-FPGA.srcs\sources_1\new\split_real_number_bin.vhd:]
WARNING: [filemgmt 56-199] Attempt to get parsing info during refresh. "On-the-fly" syntax checking information may be incorrect. [C:\Users\skstu\Documents\GitHub\Trabajo-SED-FPGA\Trabajo-FPGA\Trabajo-FPGA.srcs\sources_1\new\seven_segment_dynamic.vhd:]
WARNING: [filemgmt 56-199] Attempt to get parsing info during refresh. "On-the-fly" syntax checking information may be incorrect. [C:\Users\skstu\Documents\GitHub\Trabajo-SED-FPGA\Trabajo-FPGA\Trabajo-FPGA.srcs\sources_1\new\decoder.vhd:]
WARNING: [filemgmt 56-199] Attempt to get parsing info during refresh. "On-the-fly" syntax checking information may be incorrect. [C:\Users\skstu\Documents\GitHub\Trabajo-SED-FPGA\Trabajo-FPGA\Trabajo-FPGA.srcs\sources_1\new\decoder.vhd:]
ERROR: [Common 17-180] Spawn failed: No error
WARNING: [filemgmt 56-199] Attempt to get parsing info during refresh. "On-the-fly" syntax checking information may be incorrect. [C:\Users\skstu\Documents\GitHub\Trabajo-SED-FPGA\Trabajo-FPGA\Trabajo-FPGA.srcs\sources_1\new\decoder.vhd:]
WARNING: [filemgmt 56-199] Attempt to get parsing info during refresh. "On-the-fly" syntax checking information may be incorrect. [C:\Users\skstu\Documents\GitHub\Trabajo-SED-FPGA\Trabajo-FPGA\Trabajo-FPGA.srcs\sources_1\new\top1.vhd:]
WARNING: [filemgmt 56-199] Attempt to get parsing info during refresh. "On-the-fly" syntax checking information may be incorrect. [C:\Users\skstu\Documents\GitHub\Trabajo-SED-FPGA\Trabajo-FPGA\Trabajo-FPGA.srcs\sources_1\new\split_real_number_bin.vhd:]
WARNING: [filemgmt 56-199] Attempt to get parsing info during refresh. "On-the-fly" syntax checking information may be incorrect. [C:\Users\skstu\Documents\GitHub\Trabajo-SED-FPGA\Trabajo-FPGA\Trabajo-FPGA.srcs\sources_1\new\seven_segment_dynamic.vhd:]
WARNING: [filemgmt 56-199] Attempt to get parsing info during refresh. "On-the-fly" syntax checking information may be incorrect. [C:\Users\skstu\Documents\GitHub\Trabajo-SED-FPGA\Trabajo-FPGA\Trabajo-FPGA.srcs\sources_1\new\top1.vhd:]
WARNING: [filemgmt 56-199] Attempt to get parsing info during refresh. "On-the-fly" syntax checking information may be incorrect. [C:\Users\skstu\Documents\GitHub\Trabajo-SED-FPGA\Trabajo-FPGA\Trabajo-FPGA.srcs\sources_1\new\top1.vhd:]
ERROR: [Common 17-180] Spawn failed: No error
WARNING: [filemgmt 56-199] Attempt to get parsing info during refresh. "On-the-fly" syntax checking information may be incorrect. [C:\Users\skstu\Documents\GitHub\Trabajo-SED-FPGA\Trabajo-FPGA\Trabajo-FPGA.srcs\sources_1\new\decoder.vhd:]
WARNING: [filemgmt 56-199] Attempt to get parsing info during refresh. "On-the-fly" syntax checking information may be incorrect. [C:\Users\skstu\Documents\GitHub\Trabajo-SED-FPGA\Trabajo-FPGA\Trabajo-FPGA.srcs\sources_1\new\top1.vhd:]
WARNING: [filemgmt 56-199] Attempt to get parsing info during refresh. "On-the-fly" syntax checking information may be incorrect. [C:\Users\skstu\Documents\GitHub\Trabajo-SED-FPGA\Trabajo-FPGA\Trabajo-FPGA.srcs\sources_1\new\split_real_number_bin.vhd:]
WARNING: [filemgmt 56-199] Attempt to get parsing info during refresh. "On-the-fly" syntax checking information may be incorrect. [C:\Users\skstu\Documents\GitHub\Trabajo-SED-FPGA\Trabajo-FPGA\Trabajo-FPGA.srcs\sources_1\new\seven_segment_dynamic.vhd:]
WARNING: [filemgmt 56-199] Attempt to get parsing info during refresh. "On-the-fly" syntax checking information may be incorrect. [C:\Users\skstu\Documents\GitHub\Trabajo-SED-FPGA\Trabajo-FPGA\Trabajo-FPGA.srcs\sources_1\new\seven_segment_dynamic.vhd:]
WARNING: [filemgmt 56-199] Attempt to get parsing info during refresh. "On-the-fly" syntax checking information may be incorrect. [C:\Users\skstu\Documents\GitHub\Trabajo-SED-FPGA\Trabajo-FPGA\Trabajo-FPGA.srcs\sources_1\new\seven_segment_dynamic.vhd:]
WARNING: [filemgmt 56-199] Attempt to get parsing info during refresh. "On-the-fly" syntax checking information may be incorrect. [C:\Users\skstu\Documents\GitHub\Trabajo-SED-FPGA\Trabajo-FPGA\Trabajo-FPGA.srcs\sources_1\new\decoder.vhd:]
WARNING: [filemgmt 56-199] Attempt to get parsing info during refresh. "On-the-fly" syntax checking information may be incorrect. [C:\Users\skstu\Documents\GitHub\Trabajo-SED-FPGA\Trabajo-FPGA\Trabajo-FPGA.srcs\sources_1\new\top1.vhd:]
WARNING: [filemgmt 56-199] Attempt to get parsing info during refresh. "On-the-fly" syntax checking information may be incorrect. [C:\Users\skstu\Documents\GitHub\Trabajo-SED-FPGA\Trabajo-FPGA\Trabajo-FPGA.srcs\sources_1\new\split_real_number_bin.vhd:]
WARNING: [filemgmt 56-199] Attempt to get parsing info during refresh. "On-the-fly" syntax checking information may be incorrect. [C:\Users\skstu\Documents\GitHub\Trabajo-SED-FPGA\Trabajo-FPGA\Trabajo-FPGA.srcs\sources_1\new\seven_segment_dynamic.vhd:]
WARNING: [filemgmt 56-199] Attempt to get parsing info during refresh. "On-the-fly" syntax checking information may be incorrect. [C:\Users\skstu\Documents\GitHub\Trabajo-SED-FPGA\Trabajo-FPGA\Trabajo-FPGA.srcs\sources_1\new\decoder.vhd:]
WARNING: [filemgmt 56-199] Attempt to get parsing info during refresh. "On-the-fly" syntax checking information may be incorrect. [C:\Users\skstu\Documents\GitHub\Trabajo-SED-FPGA\Trabajo-FPGA\Trabajo-FPGA.srcs\sources_1\new\decoder.vhd:]
reset_run synth_1
INFO: [Project 1-1161] Replacing file C:/Users/skstu/Documents/GitHub/Trabajo-SED-FPGA/Trabajo-FPGA/Trabajo-FPGA.srcs/utils_1/imports/synth_1/AccelerometerCtl.dcp with file C:/Users/skstu/Documents/GitHub/Trabajo-SED-FPGA/Trabajo-FPGA/Trabajo-FPGA.runs/synth_1/Top.dcp
WARNING: [filemgmt 56-199] Attempt to get parsing info during refresh. "On-the-fly" syntax checking information may be incorrect. [C:\Users\skstu\Documents\GitHub\Trabajo-SED-FPGA\Trabajo-FPGA\Trabajo-FPGA.srcs\sources_1\new\decoder.vhd:]
WARNING: [filemgmt 56-199] Attempt to get parsing info during refresh. "On-the-fly" syntax checking information may be incorrect. [C:\Users\skstu\Documents\GitHub\Trabajo-SED-FPGA\Trabajo-FPGA\Trabajo-FPGA.srcs\sources_1\new\top1.vhd:]
WARNING: [filemgmt 56-199] Attempt to get parsing info during refresh. "On-the-fly" syntax checking information may be incorrect. [C:\Users\skstu\Documents\GitHub\Trabajo-SED-FPGA\Trabajo-FPGA\Trabajo-FPGA.srcs\sources_1\new\split_real_number_bin.vhd:]
WARNING: [filemgmt 56-199] Attempt to get parsing info during refresh. "On-the-fly" syntax checking information may be incorrect. [C:\Users\skstu\Documents\GitHub\Trabajo-SED-FPGA\Trabajo-FPGA\Trabajo-FPGA.srcs\sources_1\new\seven_segment_dynamic.vhd:]
WARNING: [filemgmt 56-199] Attempt to get parsing info during refresh. "On-the-fly" syntax checking information may be incorrect. [C:\Users\skstu\Documents\GitHub\Trabajo-SED-FPGA\Trabajo-FPGA\Trabajo-FPGA.srcs\sources_1\new\split_real_number_bin.vhd:]
WARNING: [filemgmt 56-199] Attempt to get parsing info during refresh. "On-the-fly" syntax checking information may be incorrect. [C:\Users\skstu\Documents\GitHub\Trabajo-SED-FPGA\Trabajo-FPGA\Trabajo-FPGA.srcs\sources_1\new\split_real_number_bin.vhd:]
WARNING: [filemgmt 56-199] Attempt to get parsing info during refresh. "On-the-fly" syntax checking information may be incorrect. [C:\Users\skstu\Documents\GitHub\Trabajo-SED-FPGA\Trabajo-FPGA\Trabajo-FPGA.srcs\sources_1\new\decoder.vhd:]
WARNING: [filemgmt 56-199] Attempt to get parsing info during refresh. "On-the-fly" syntax checking information may be incorrect. [C:\Users\skstu\Documents\GitHub\Trabajo-SED-FPGA\Trabajo-FPGA\Trabajo-FPGA.srcs\sources_1\new\top1.vhd:]
WARNING: [filemgmt 56-199] Attempt to get parsing info during refresh. "On-the-fly" syntax checking information may be incorrect. [C:\Users\skstu\Documents\GitHub\Trabajo-SED-FPGA\Trabajo-FPGA\Trabajo-FPGA.srcs\sources_1\new\split_real_number_bin.vhd:]
WARNING: [filemgmt 56-199] Attempt to get parsing info during refresh. "On-the-fly" syntax checking information may be incorrect. [C:\Users\skstu\Documents\GitHub\Trabajo-SED-FPGA\Trabajo-FPGA\Trabajo-FPGA.srcs\sources_1\new\seven_segment_dynamic.vhd:]
WARNING: [filemgmt 56-199] Attempt to get parsing info during refresh. "On-the-fly" syntax checking information may be incorrect. [C:\Users\skstu\Documents\GitHub\Trabajo-SED-FPGA\Trabajo-FPGA\Trabajo-FPGA.srcs\sources_1\new\decoder.vhd:]
WARNING: [filemgmt 56-199] Attempt to get parsing info during refresh. "On-the-fly" syntax checking information may be incorrect. [C:\Users\skstu\Documents\GitHub\Trabajo-SED-FPGA\Trabajo-FPGA\Trabajo-FPGA.srcs\sources_1\new\decoder.vhd:]
launch_runs impl_1 -jobs 8
[Thu Dec 19 13:03:51 2024] Launched synth_1...
Run output will be captured here: C:/Users/skstu/Documents/GitHub/Trabajo-SED-FPGA/Trabajo-FPGA/Trabajo-FPGA.runs/synth_1/runme.log
[Thu Dec 19 13:03:51 2024] Launched impl_1...
Run output will be captured here: C:/Users/skstu/Documents/GitHub/Trabajo-SED-FPGA/Trabajo-FPGA/Trabajo-FPGA.runs/impl_1/runme.log
ERROR: [Common 17-180] Spawn failed: No error
ERROR: [Common 17-180] Spawn failed: No error
close_design
launch_runs impl_1 -to_step write_bitstream -jobs 8
[Thu Dec 19 13:06:17 2024] Launched impl_1...
Run output will be captured here: C:/Users/skstu/Documents/GitHub/Trabajo-SED-FPGA/Trabajo-FPGA/Trabajo-FPGA.runs/impl_1/runme.log
WARNING: [filemgmt 56-199] Attempt to get parsing info during refresh. "On-the-fly" syntax checking information may be incorrect. [C:\Users\skstu\Documents\GitHub\Trabajo-SED-FPGA\Trabajo-FPGA\Trabajo-FPGA.srcs\sources_1\new\decoder.vhd:]
WARNING: [filemgmt 56-199] Attempt to get parsing info during refresh. "On-the-fly" syntax checking information may be incorrect. [C:\Users\skstu\Documents\GitHub\Trabajo-SED-FPGA\Trabajo-FPGA\Trabajo-FPGA.srcs\sources_1\new\top1.vhd:]
WARNING: [filemgmt 56-199] Attempt to get parsing info during refresh. "On-the-fly" syntax checking information may be incorrect. [C:\Users\skstu\Documents\GitHub\Trabajo-SED-FPGA\Trabajo-FPGA\Trabajo-FPGA.srcs\sources_1\new\split_real_number_bin.vhd:]
WARNING: [filemgmt 56-199] Attempt to get parsing info during refresh. "On-the-fly" syntax checking information may be incorrect. [C:\Users\skstu\Documents\GitHub\Trabajo-SED-FPGA\Trabajo-FPGA\Trabajo-FPGA.srcs\sources_1\new\seven_segment_dynamic.vhd:]
WARNING: [filemgmt 56-199] Attempt to get parsing info during refresh. "On-the-fly" syntax checking information may be incorrect. [C:\Users\skstu\Documents\GitHub\Trabajo-SED-FPGA\Trabajo-FPGA\Trabajo-FPGA.srcs\sources_1\new\split_real_number_bin.vhd:]
WARNING: [filemgmt 56-199] Attempt to get parsing info during refresh. "On-the-fly" syntax checking information may be incorrect. [C:\Users\skstu\Documents\GitHub\Trabajo-SED-FPGA\Trabajo-FPGA\Trabajo-FPGA.srcs\sources_1\new\split_real_number_bin.vhd:]
WARNING: [filemgmt 56-199] Attempt to get parsing info during refresh. "On-the-fly" syntax checking information may be incorrect. [C:\Users\skstu\Documents\GitHub\Trabajo-SED-FPGA\Trabajo-FPGA\Trabajo-FPGA.srcs\sources_1\new\decoder.vhd:]
WARNING: [filemgmt 56-199] Attempt to get parsing info during refresh. "On-the-fly" syntax checking information may be incorrect. [C:\Users\skstu\Documents\GitHub\Trabajo-SED-FPGA\Trabajo-FPGA\Trabajo-FPGA.srcs\sources_1\new\top1.vhd:]
WARNING: [filemgmt 56-199] Attempt to get parsing info during refresh. "On-the-fly" syntax checking information may be incorrect. [C:\Users\skstu\Documents\GitHub\Trabajo-SED-FPGA\Trabajo-FPGA\Trabajo-FPGA.srcs\sources_1\new\split_real_number_bin.vhd:]
WARNING: [filemgmt 56-199] Attempt to get parsing info during refresh. "On-the-fly" syntax checking information may be incorrect. [C:\Users\skstu\Documents\GitHub\Trabajo-SED-FPGA\Trabajo-FPGA\Trabajo-FPGA.srcs\sources_1\new\seven_segment_dynamic.vhd:]
WARNING: [filemgmt 56-199] Attempt to get parsing info during refresh. "On-the-fly" syntax checking information may be incorrect. [C:\Users\skstu\Documents\GitHub\Trabajo-SED-FPGA\Trabajo-FPGA\Trabajo-FPGA.srcs\sources_1\new\decoder.vhd:]
WARNING: [filemgmt 56-199] Attempt to get parsing info during refresh. "On-the-fly" syntax checking information may be incorrect. [C:\Users\skstu\Documents\GitHub\Trabajo-SED-FPGA\Trabajo-FPGA\Trabajo-FPGA.srcs\sources_1\new\decoder.vhd:]
ERROR: [Common 17-180] Spawn failed: No error
WARNING: [filemgmt 56-199] Attempt to get parsing info during refresh. "On-the-fly" syntax checking information may be incorrect. [C:\Users\skstu\Documents\GitHub\Trabajo-SED-FPGA\Trabajo-FPGA\Trabajo-FPGA.srcs\sources_1\new\decoder.vhd:]
WARNING: [filemgmt 56-199] Attempt to get parsing info during refresh. "On-the-fly" syntax checking information may be incorrect. [C:\Users\skstu\Documents\GitHub\Trabajo-SED-FPGA\Trabajo-FPGA\Trabajo-FPGA.srcs\sources_1\new\top1.vhd:]
WARNING: [filemgmt 56-199] Attempt to get parsing info during refresh. "On-the-fly" syntax checking information may be incorrect. [C:\Users\skstu\Documents\GitHub\Trabajo-SED-FPGA\Trabajo-FPGA\Trabajo-FPGA.srcs\sources_1\new\split_real_number_bin.vhd:]
WARNING: [filemgmt 56-199] Attempt to get parsing info during refresh. "On-the-fly" syntax checking information may be incorrect. [C:\Users\skstu\Documents\GitHub\Trabajo-SED-FPGA\Trabajo-FPGA\Trabajo-FPGA.srcs\sources_1\new\seven_segment_dynamic.vhd:]
WARNING: [filemgmt 56-199] Attempt to get parsing info during refresh. "On-the-fly" syntax checking information may be incorrect. [C:\Users\skstu\Documents\GitHub\Trabajo-SED-FPGA\Trabajo-FPGA\Trabajo-FPGA.srcs\sources_1\new\top1.vhd:]
WARNING: [filemgmt 56-199] Attempt to get parsing info during refresh. "On-the-fly" syntax checking information may be incorrect. [C:\Users\skstu\Documents\GitHub\Trabajo-SED-FPGA\Trabajo-FPGA\Trabajo-FPGA.srcs\sources_1\new\top1.vhd:]
ERROR: [Common 17-180] Spawn failed: No error
WARNING: [filemgmt 56-199] Attempt to get parsing info during refresh. "On-the-fly" syntax checking information may be incorrect. [C:\Users\skstu\Documents\GitHub\Trabajo-SED-FPGA\Trabajo-FPGA\Trabajo-FPGA.srcs\sources_1\new\decoder.vhd:]
WARNING: [filemgmt 56-199] Attempt to get parsing info during refresh. "On-the-fly" syntax checking information may be incorrect. [C:\Users\skstu\Documents\GitHub\Trabajo-SED-FPGA\Trabajo-FPGA\Trabajo-FPGA.srcs\sources_1\new\top1.vhd:]
WARNING: [filemgmt 56-199] Attempt to get parsing info during refresh. "On-the-fly" syntax checking information may be incorrect. [C:\Users\skstu\Documents\GitHub\Trabajo-SED-FPGA\Trabajo-FPGA\Trabajo-FPGA.srcs\sources_1\new\split_real_number_bin.vhd:]
WARNING: [filemgmt 56-199] Attempt to get parsing info during refresh. "On-the-fly" syntax checking information may be incorrect. [C:\Users\skstu\Documents\GitHub\Trabajo-SED-FPGA\Trabajo-FPGA\Trabajo-FPGA.srcs\sources_1\new\seven_segment_dynamic.vhd:]
WARNING: [filemgmt 56-199] Attempt to get parsing info during refresh. "On-the-fly" syntax checking information may be incorrect. [C:\Users\skstu\Documents\GitHub\Trabajo-SED-FPGA\Trabajo-FPGA\Trabajo-FPGA.srcs\sources_1\new\split_real_number_bin.vhd:]
WARNING: [filemgmt 56-199] Attempt to get parsing info during refresh. "On-the-fly" syntax checking information may be incorrect. [C:\Users\skstu\Documents\GitHub\Trabajo-SED-FPGA\Trabajo-FPGA\Trabajo-FPGA.srcs\sources_1\new\split_real_number_bin.vhd:]
WARNING: [filemgmt 56-199] Attempt to get parsing info during refresh. "On-the-fly" syntax checking information may be incorrect. [C:\Users\skstu\Documents\GitHub\Trabajo-SED-FPGA\Trabajo-FPGA\Trabajo-FPGA.srcs\sources_1\new\decoder.vhd:]
WARNING: [filemgmt 56-199] Attempt to get parsing info during refresh. "On-the-fly" syntax checking information may be incorrect. [C:\Users\skstu\Documents\GitHub\Trabajo-SED-FPGA\Trabajo-FPGA\Trabajo-FPGA.srcs\sources_1\new\top1.vhd:]
WARNING: [filemgmt 56-199] Attempt to get parsing info during refresh. "On-the-fly" syntax checking information may be incorrect. [C:\Users\skstu\Documents\GitHub\Trabajo-SED-FPGA\Trabajo-FPGA\Trabajo-FPGA.srcs\sources_1\new\split_real_number_bin.vhd:]
WARNING: [filemgmt 56-199] Attempt to get parsing info during refresh. "On-the-fly" syntax checking information may be incorrect. [C:\Users\skstu\Documents\GitHub\Trabajo-SED-FPGA\Trabajo-FPGA\Trabajo-FPGA.srcs\sources_1\new\seven_segment_dynamic.vhd:]
WARNING: [filemgmt 56-199] Attempt to get parsing info during refresh. "On-the-fly" syntax checking information may be incorrect. [C:\Users\skstu\Documents\GitHub\Trabajo-SED-FPGA\Trabajo-FPGA\Trabajo-FPGA.srcs\sources_1\new\decoder.vhd:]
WARNING: [filemgmt 56-199] Attempt to get parsing info during refresh. "On-the-fly" syntax checking information may be incorrect. [C:\Users\skstu\Documents\GitHub\Trabajo-SED-FPGA\Trabajo-FPGA\Trabajo-FPGA.srcs\sources_1\new\decoder.vhd:]
ERROR: [Common 17-180] Spawn failed: No error
WARNING: [filemgmt 56-199] Attempt to get parsing info during refresh. "On-the-fly" syntax checking information may be incorrect. [C:\Users\skstu\Documents\GitHub\Trabajo-SED-FPGA\Trabajo-FPGA\Trabajo-FPGA.srcs\sources_1\new\decoder.vhd:]
WARNING: [filemgmt 56-199] Attempt to get parsing info during refresh. "On-the-fly" syntax checking information may be incorrect. [C:\Users\skstu\Documents\GitHub\Trabajo-SED-FPGA\Trabajo-FPGA\Trabajo-FPGA.srcs\sources_1\new\top1.vhd:]
WARNING: [filemgmt 56-199] Attempt to get parsing info during refresh. "On-the-fly" syntax checking information may be incorrect. [C:\Users\skstu\Documents\GitHub\Trabajo-SED-FPGA\Trabajo-FPGA\Trabajo-FPGA.srcs\sources_1\new\split_real_number_bin.vhd:]
WARNING: [filemgmt 56-199] Attempt to get parsing info during refresh. "On-the-fly" syntax checking information may be incorrect. [C:\Users\skstu\Documents\GitHub\Trabajo-SED-FPGA\Trabajo-FPGA\Trabajo-FPGA.srcs\sources_1\new\seven_segment_dynamic.vhd:]
WARNING: [filemgmt 56-199] Attempt to get parsing info during refresh. "On-the-fly" syntax checking information may be incorrect. [C:\Users\skstu\Documents\GitHub\Trabajo-SED-FPGA\Trabajo-FPGA\Trabajo-FPGA.srcs\sources_1\new\top1.vhd:]
WARNING: [filemgmt 56-199] Attempt to get parsing info during refresh. "On-the-fly" syntax checking information may be incorrect. [C:\Users\skstu\Documents\GitHub\Trabajo-SED-FPGA\Trabajo-FPGA\Trabajo-FPGA.srcs\sources_1\new\top1.vhd:]
ERROR: [Common 17-180] Spawn failed: No error
reset_run synth_1
INFO: [Project 1-1161] Replacing file C:/Users/skstu/Documents/GitHub/Trabajo-SED-FPGA/Trabajo-FPGA/Trabajo-FPGA.srcs/utils_1/imports/synth_1/AccelerometerCtl.dcp with file C:/Users/skstu/Documents/GitHub/Trabajo-SED-FPGA/Trabajo-FPGA/Trabajo-FPGA.runs/synth_1/Top.dcp
WARNING: [filemgmt 56-199] Attempt to get parsing info during refresh. "On-the-fly" syntax checking information may be incorrect. [C:\Users\skstu\Documents\GitHub\Trabajo-SED-FPGA\Trabajo-FPGA\Trabajo-FPGA.srcs\sources_1\new\decoder.vhd:]
WARNING: [filemgmt 56-199] Attempt to get parsing info during refresh. "On-the-fly" syntax checking information may be incorrect. [C:\Users\skstu\Documents\GitHub\Trabajo-SED-FPGA\Trabajo-FPGA\Trabajo-FPGA.srcs\sources_1\new\top1.vhd:]
WARNING: [filemgmt 56-199] Attempt to get parsing info during refresh. "On-the-fly" syntax checking information may be incorrect. [C:\Users\skstu\Documents\GitHub\Trabajo-SED-FPGA\Trabajo-FPGA\Trabajo-FPGA.srcs\sources_1\new\split_real_number_bin.vhd:]
WARNING: [filemgmt 56-199] Attempt to get parsing info during refresh. "On-the-fly" syntax checking information may be incorrect. [C:\Users\skstu\Documents\GitHub\Trabajo-SED-FPGA\Trabajo-FPGA\Trabajo-FPGA.srcs\sources_1\new\seven_segment_dynamic.vhd:]
WARNING: [filemgmt 56-199] Attempt to get parsing info during refresh. "On-the-fly" syntax checking information may be incorrect. [C:\Users\skstu\Documents\GitHub\Trabajo-SED-FPGA\Trabajo-FPGA\Trabajo-FPGA.srcs\sources_1\new\split_real_number_bin.vhd:]
WARNING: [filemgmt 56-199] Attempt to get parsing info during refresh. "On-the-fly" syntax checking information may be incorrect. [C:\Users\skstu\Documents\GitHub\Trabajo-SED-FPGA\Trabajo-FPGA\Trabajo-FPGA.srcs\sources_1\new\split_real_number_bin.vhd:]
WARNING: [filemgmt 56-199] Attempt to get parsing info during refresh. "On-the-fly" syntax checking information may be incorrect. [C:\Users\skstu\Documents\GitHub\Trabajo-SED-FPGA\Trabajo-FPGA\Trabajo-FPGA.srcs\sources_1\new\decoder.vhd:]
WARNING: [filemgmt 56-199] Attempt to get parsing info during refresh. "On-the-fly" syntax checking information may be incorrect. [C:\Users\skstu\Documents\GitHub\Trabajo-SED-FPGA\Trabajo-FPGA\Trabajo-FPGA.srcs\sources_1\new\top1.vhd:]
WARNING: [filemgmt 56-199] Attempt to get parsing info during refresh. "On-the-fly" syntax checking information may be incorrect. [C:\Users\skstu\Documents\GitHub\Trabajo-SED-FPGA\Trabajo-FPGA\Trabajo-FPGA.srcs\sources_1\new\split_real_number_bin.vhd:]
WARNING: [filemgmt 56-199] Attempt to get parsing info during refresh. "On-the-fly" syntax checking information may be incorrect. [C:\Users\skstu\Documents\GitHub\Trabajo-SED-FPGA\Trabajo-FPGA\Trabajo-FPGA.srcs\sources_1\new\seven_segment_dynamic.vhd:]
WARNING: [filemgmt 56-199] Attempt to get parsing info during refresh. "On-the-fly" syntax checking information may be incorrect. [C:\Users\skstu\Documents\GitHub\Trabajo-SED-FPGA\Trabajo-FPGA\Trabajo-FPGA.srcs\sources_1\new\decoder.vhd:]
WARNING: [filemgmt 56-199] Attempt to get parsing info during refresh. "On-the-fly" syntax checking information may be incorrect. [C:\Users\skstu\Documents\GitHub\Trabajo-SED-FPGA\Trabajo-FPGA\Trabajo-FPGA.srcs\sources_1\new\decoder.vhd:]
launch_runs impl_1 -jobs 8
[Thu Dec 19 13:12:58 2024] Launched synth_1...
Run output will be captured here: C:/Users/skstu/Documents/GitHub/Trabajo-SED-FPGA/Trabajo-FPGA/Trabajo-FPGA.runs/synth_1/runme.log
[Thu Dec 19 13:12:58 2024] Launched impl_1...
Run output will be captured here: C:/Users/skstu/Documents/GitHub/Trabajo-SED-FPGA/Trabajo-FPGA/Trabajo-FPGA.runs/impl_1/runme.log
ERROR: [Common 17-180] Spawn failed: No error
ERROR: [Common 17-180] Spawn failed: No error
WARNING: [filemgmt 56-199] Attempt to get parsing info during refresh. "On-the-fly" syntax checking information may be incorrect. [C:\Users\skstu\Documents\GitHub\Trabajo-SED-FPGA\Trabajo-FPGA\Trabajo-FPGA.srcs\sources_1\new\decoder.vhd:]
launch_runs impl_1 -to_step write_bitstream -jobs 8
[Thu Dec 19 13:15:26 2024] Launched impl_1...
Run output will be captured here: C:/Users/skstu/Documents/GitHub/Trabajo-SED-FPGA/Trabajo-FPGA/Trabajo-FPGA.runs/impl_1/runme.log
open_run impl_1
Netlist sorting complete. Time (s): cpu = 00:00:00 ; elapsed = 00:00:00.131 . Memory (MB): peak = 2490.617 ; gain = 0.000
INFO: [Netlist 29-17] Analyzing 1365 Unisim elements for replacement
INFO: [Netlist 29-28] Unisim Transformation completed in 0 CPU seconds
INFO: [Project 1-479] Netlist was created with Vivado 2024.2
INFO: [Project 1-570] Preparing netlist for logic optimization
Read ShapeDB Complete: Time (s): cpu = 00:00:00 ; elapsed = 00:00:00.026 . Memory (MB): peak = 2490.617 ; gain = 0.000
INFO: [Timing 38-478] Restoring timing data from binary archive.
INFO: [Timing 38-479] Binary timing data restore complete.
INFO: [Project 1-856] Restoring constraints from binary archive.
INFO: [Project 1-853] Binary constraint restore complete.
INFO: [Designutils 20-5722] Start Reading Physical Databases.
Reading placement.
Read Netlist Cache: Time (s): cpu = 00:00:00 ; elapsed = 00:00:00.009 . Memory (MB): peak = 2490.617 ; gain = 0.000
Reading placer database...
Read Device Cache: Time (s): cpu = 00:00:00 ; elapsed = 00:00:00.006 . Memory (MB): peak = 2490.617 ; gain = 0.000
Read PlaceDB: Time (s): cpu = 00:00:01 ; elapsed = 00:00:00.266 . Memory (MB): peak = 2490.617 ; gain = 0.000
Read PulsedLatchDB: Time (s): cpu = 00:00:00 ; elapsed = 00:00:00 . Memory (MB): peak = 2490.617 ; gain = 0.000
Reading routing.
Read RouteStorage: Time (s): cpu = 00:00:00 ; elapsed = 00:00:00.077 . Memory (MB): peak = 2490.617 ; gain = 0.000
Read Physdb Files: Time (s): cpu = 00:00:01 ; elapsed = 00:00:00.369 . Memory (MB): peak = 2490.617 ; gain = 0.000
Restored from archive | CPU: 1.000000 secs | Memory: 0.000000 MB |
Finished XDEF File Restore: Time (s): cpu = 00:00:01 ; elapsed = 00:00:00.371 . Memory (MB): peak = 2490.617 ; gain = 0.000
Netlist sorting complete. Time (s): cpu = 00:00:00 ; elapsed = 00:00:00.004 . Memory (MB): peak = 2490.617 ; gain = 0.000
INFO: [Project 1-111] Unisim Transformation Summary:
No Unisim elements were transformed.

open_run: Time (s): cpu = 00:00:08 ; elapsed = 00:00:09 . Memory (MB): peak = 2490.617 ; gain = 0.000
set_property iostandard LVCMOS33 [get_ports [list {SEGMENTS[5]}]]
WARNING: [filemgmt 56-199] Attempt to get parsing info during refresh. "On-the-fly" syntax checking information may be incorrect. [C:\Users\skstu\Documents\GitHub\Trabajo-SED-FPGA\Trabajo-FPGA\Trabajo-FPGA.srcs\sources_1\new\decoder.vhd:]
WARNING: [filemgmt 56-199] Attempt to get parsing info during refresh. "On-the-fly" syntax checking information may be incorrect. [C:\Users\skstu\Documents\GitHub\Trabajo-SED-FPGA\Trabajo-FPGA\Trabajo-FPGA.srcs\sources_1\new\top1.vhd:]
WARNING: [filemgmt 56-199] Attempt to get parsing info during refresh. "On-the-fly" syntax checking information may be incorrect. [C:\Users\skstu\Documents\GitHub\Trabajo-SED-FPGA\Trabajo-FPGA\Trabajo-FPGA.srcs\sources_1\new\split_real_number_bin.vhd:]
WARNING: [filemgmt 56-199] Attempt to get parsing info during refresh. "On-the-fly" syntax checking information may be incorrect. [C:\Users\skstu\Documents\GitHub\Trabajo-SED-FPGA\Trabajo-FPGA\Trabajo-FPGA.srcs\sources_1\new\seven_segment_dynamic.vhd:]
WARNING: [filemgmt 56-199] Attempt to get parsing info during refresh. "On-the-fly" syntax checking information may be incorrect. [C:\Users\skstu\Documents\GitHub\Trabajo-SED-FPGA\Trabajo-FPGA\Trabajo-FPGA.srcs\sources_1\new\split_real_number_bin.vhd:]
WARNING: [filemgmt 56-199] Attempt to get parsing info during refresh. "On-the-fly" syntax checking information may be incorrect. [C:\Users\skstu\Documents\GitHub\Trabajo-SED-FPGA\Trabajo-FPGA\Trabajo-FPGA.srcs\sources_1\new\split_real_number_bin.vhd:]
WARNING: [filemgmt 56-199] Attempt to get parsing info during refresh. "On-the-fly" syntax checking information may be incorrect. [C:\Users\skstu\Documents\GitHub\Trabajo-SED-FPGA\Trabajo-FPGA\Trabajo-FPGA.srcs\sources_1\new\decoder.vhd:]
WARNING: [filemgmt 56-199] Attempt to get parsing info during refresh. "On-the-fly" syntax checking information may be incorrect. [C:\Users\skstu\Documents\GitHub\Trabajo-SED-FPGA\Trabajo-FPGA\Trabajo-FPGA.srcs\sources_1\new\top1.vhd:]
WARNING: [filemgmt 56-199] Attempt to get parsing info during refresh. "On-the-fly" syntax checking information may be incorrect. [C:\Users\skstu\Documents\GitHub\Trabajo-SED-FPGA\Trabajo-FPGA\Trabajo-FPGA.srcs\sources_1\new\split_real_number_bin.vhd:]
WARNING: [filemgmt 56-199] Attempt to get parsing info during refresh. "On-the-fly" syntax checking information may be incorrect. [C:\Users\skstu\Documents\GitHub\Trabajo-SED-FPGA\Trabajo-FPGA\Trabajo-FPGA.srcs\sources_1\new\seven_segment_dynamic.vhd:]
WARNING: [filemgmt 56-199] Attempt to get parsing info during refresh. "On-the-fly" syntax checking information may be incorrect. [C:\Users\skstu\Documents\GitHub\Trabajo-SED-FPGA\Trabajo-FPGA\Trabajo-FPGA.srcs\sources_1\new\decoder.vhd:]
WARNING: [filemgmt 56-199] Attempt to get parsing info during refresh. "On-the-fly" syntax checking information may be incorrect. [C:\Users\skstu\Documents\GitHub\Trabajo-SED-FPGA\Trabajo-FPGA\Trabajo-FPGA.srcs\sources_1\new\decoder.vhd:]
ERROR: [Common 17-180] Spawn failed: No error
WARNING: [filemgmt 56-199] Attempt to get parsing info during refresh. "On-the-fly" syntax checking information may be incorrect. [C:\Users\skstu\Documents\GitHub\Trabajo-SED-FPGA\Trabajo-FPGA\Trabajo-FPGA.srcs\sources_1\new\decoder.vhd:]
WARNING: [filemgmt 56-199] Attempt to get parsing info during refresh. "On-the-fly" syntax checking information may be incorrect. [C:\Users\skstu\Documents\GitHub\Trabajo-SED-FPGA\Trabajo-FPGA\Trabajo-FPGA.srcs\sources_1\new\top1.vhd:]
WARNING: [filemgmt 56-199] Attempt to get parsing info during refresh. "On-the-fly" syntax checking information may be incorrect. [C:\Users\skstu\Documents\GitHub\Trabajo-SED-FPGA\Trabajo-FPGA\Trabajo-FPGA.srcs\sources_1\new\split_real_number_bin.vhd:]
WARNING: [filemgmt 56-199] Attempt to get parsing info during refresh. "On-the-fly" syntax checking information may be incorrect. [C:\Users\skstu\Documents\GitHub\Trabajo-SED-FPGA\Trabajo-FPGA\Trabajo-FPGA.srcs\sources_1\new\seven_segment_dynamic.vhd:]
WARNING: [filemgmt 56-199] Attempt to get parsing info during refresh. "On-the-fly" syntax checking information may be incorrect. [C:\Users\skstu\Documents\GitHub\Trabajo-SED-FPGA\Trabajo-FPGA\Trabajo-FPGA.srcs\sources_1\new\top1.vhd:]
WARNING: [filemgmt 56-199] Attempt to get parsing info during refresh. "On-the-fly" syntax checking information may be incorrect. [C:\Users\skstu\Documents\GitHub\Trabajo-SED-FPGA\Trabajo-FPGA\Trabajo-FPGA.srcs\sources_1\new\top1.vhd:]
ERROR: [Common 17-180] Spawn failed: No error
set_property target_constrs_file C:/Users/skstu/Documents/GitHub/Trabajo-SED-FPGA/Trabajo-FPGA/Trabajo-FPGA.srcs/constrs_1/imports/Trabajo-SED-FPGA/Nexys-4-DDR-Master.xdc [current_fileset -constrset]
save_constraints -force
WARNING: [filemgmt 56-199] Attempt to get parsing info during refresh. "On-the-fly" syntax checking information may be incorrect. [C:\Users\skstu\Documents\GitHub\Trabajo-SED-FPGA\Trabajo-FPGA\Trabajo-FPGA.srcs\sources_1\new\decoder.vhd:]
WARNING: [filemgmt 56-199] Attempt to get parsing info during refresh. "On-the-fly" syntax checking information may be incorrect. [C:\Users\skstu\Documents\GitHub\Trabajo-SED-FPGA\Trabajo-FPGA\Trabajo-FPGA.srcs\sources_1\new\top1.vhd:]
WARNING: [filemgmt 56-199] Attempt to get parsing info during refresh. "On-the-fly" syntax checking information may be incorrect. [C:\Users\skstu\Documents\GitHub\Trabajo-SED-FPGA\Trabajo-FPGA\Trabajo-FPGA.srcs\sources_1\new\split_real_number_bin.vhd:]
WARNING: [filemgmt 56-199] Attempt to get parsing info during refresh. "On-the-fly" syntax checking information may be incorrect. [C:\Users\skstu\Documents\GitHub\Trabajo-SED-FPGA\Trabajo-FPGA\Trabajo-FPGA.srcs\sources_1\new\seven_segment_dynamic.vhd:]
WARNING: [filemgmt 56-199] Attempt to get parsing info during refresh. "On-the-fly" syntax checking information may be incorrect. [C:\Users\skstu\Documents\GitHub\Trabajo-SED-FPGA\Trabajo-FPGA\Trabajo-FPGA.srcs\sources_1\new\split_real_number_bin.vhd:]
WARNING: [filemgmt 56-199] Attempt to get parsing info during refresh. "On-the-fly" syntax checking information may be incorrect. [C:\Users\skstu\Documents\GitHub\Trabajo-SED-FPGA\Trabajo-FPGA\Trabajo-FPGA.srcs\sources_1\new\split_real_number_bin.vhd:]
WARNING: [filemgmt 56-199] Attempt to get parsing info during refresh. "On-the-fly" syntax checking information may be incorrect. [C:\Users\skstu\Documents\GitHub\Trabajo-SED-FPGA\Trabajo-FPGA\Trabajo-FPGA.srcs\sources_1\new\decoder.vhd:]
WARNING: [filemgmt 56-199] Attempt to get parsing info during refresh. "On-the-fly" syntax checking information may be incorrect. [C:\Users\skstu\Documents\GitHub\Trabajo-SED-FPGA\Trabajo-FPGA\Trabajo-FPGA.srcs\sources_1\new\top1.vhd:]
WARNING: [filemgmt 56-199] Attempt to get parsing info during refresh. "On-the-fly" syntax checking information may be incorrect. [C:\Users\skstu\Documents\GitHub\Trabajo-SED-FPGA\Trabajo-FPGA\Trabajo-FPGA.srcs\sources_1\new\split_real_number_bin.vhd:]
WARNING: [filemgmt 56-199] Attempt to get parsing info during refresh. "On-the-fly" syntax checking information may be incorrect. [C:\Users\skstu\Documents\GitHub\Trabajo-SED-FPGA\Trabajo-FPGA\Trabajo-FPGA.srcs\sources_1\new\seven_segment_dynamic.vhd:]
WARNING: [filemgmt 56-199] Attempt to get parsing info during refresh. "On-the-fly" syntax checking information may be incorrect. [C:\Users\skstu\Documents\GitHub\Trabajo-SED-FPGA\Trabajo-FPGA\Trabajo-FPGA.srcs\sources_1\new\decoder.vhd:]
WARNING: [filemgmt 56-199] Attempt to get parsing info during refresh. "On-the-fly" syntax checking information may be incorrect. [C:\Users\skstu\Documents\GitHub\Trabajo-SED-FPGA\Trabajo-FPGA\Trabajo-FPGA.srcs\sources_1\new\decoder.vhd:]
reset_run synth_1
ERROR: [Common 17-180] Spawn failed: No error
WARNING: [filemgmt 56-199] Attempt to get parsing info during refresh. "On-the-fly" syntax checking information may be incorrect. [C:\Users\skstu\Documents\GitHub\Trabajo-SED-FPGA\Trabajo-FPGA\Trabajo-FPGA.srcs\sources_1\new\decoder.vhd:]
WARNING: [filemgmt 56-199] Attempt to get parsing info during refresh. "On-the-fly" syntax checking information may be incorrect. [C:\Users\skstu\Documents\GitHub\Trabajo-SED-FPGA\Trabajo-FPGA\Trabajo-FPGA.srcs\sources_1\new\top1.vhd:]
WARNING: [filemgmt 56-199] Attempt to get parsing info during refresh. "On-the-fly" syntax checking information may be incorrect. [C:\Users\skstu\Documents\GitHub\Trabajo-SED-FPGA\Trabajo-FPGA\Trabajo-FPGA.srcs\sources_1\new\split_real_number_bin.vhd:]
WARNING: [filemgmt 56-199] Attempt to get parsing info during refresh. "On-the-fly" syntax checking information may be incorrect. [C:\Users\skstu\Documents\GitHub\Trabajo-SED-FPGA\Trabajo-FPGA\Trabajo-FPGA.srcs\sources_1\new\seven_segment_dynamic.vhd:]
WARNING: [filemgmt 56-199] Attempt to get parsing info during refresh. "On-the-fly" syntax checking information may be incorrect. [C:\Users\skstu\Documents\GitHub\Trabajo-SED-FPGA\Trabajo-FPGA\Trabajo-FPGA.srcs\sources_1\new\top1.vhd:]
WARNING: [filemgmt 56-199] Attempt to get parsing info during refresh. "On-the-fly" syntax checking information may be incorrect. [C:\Users\skstu\Documents\GitHub\Trabajo-SED-FPGA\Trabajo-FPGA\Trabajo-FPGA.srcs\sources_1\new\top1.vhd:]
ERROR: [Common 17-180] Spawn failed: No error
INFO: [Project 1-1161] Replacing file C:/Users/skstu/Documents/GitHub/Trabajo-SED-FPGA/Trabajo-FPGA/Trabajo-FPGA.srcs/utils_1/imports/synth_1/AccelerometerCtl.dcp with file C:/Users/skstu/Documents/GitHub/Trabajo-SED-FPGA/Trabajo-FPGA/Trabajo-FPGA.runs/synth_1/Top.dcp
ERROR: [Common 17-39] 'reset_runs' failed due to earlier errors.
WARNING: [filemgmt 56-199] Attempt to get parsing info during refresh. "On-the-fly" syntax checking information may be incorrect. [C:\Users\skstu\Documents\GitHub\Trabajo-SED-FPGA\Trabajo-FPGA\Trabajo-FPGA.srcs\sources_1\new\decoder.vhd:]
WARNING: [filemgmt 56-199] Attempt to get parsing info during refresh. "On-the-fly" syntax checking information may be incorrect. [C:\Users\skstu\Documents\GitHub\Trabajo-SED-FPGA\Trabajo-FPGA\Trabajo-FPGA.srcs\sources_1\new\top1.vhd:]
WARNING: [filemgmt 56-199] Attempt to get parsing info during refresh. "On-the-fly" syntax checking information may be incorrect. [C:\Users\skstu\Documents\GitHub\Trabajo-SED-FPGA\Trabajo-FPGA\Trabajo-FPGA.srcs\sources_1\new\split_real_number_bin.vhd:]
WARNING: [filemgmt 56-199] Attempt to get parsing info during refresh. "On-the-fly" syntax checking information may be incorrect. [C:\Users\skstu\Documents\GitHub\Trabajo-SED-FPGA\Trabajo-FPGA\Trabajo-FPGA.srcs\sources_1\new\seven_segment_dynamic.vhd:]
WARNING: [filemgmt 56-199] Attempt to get parsing info during refresh. "On-the-fly" syntax checking information may be incorrect. [C:\Users\skstu\Documents\GitHub\Trabajo-SED-FPGA\Trabajo-FPGA\Trabajo-FPGA.srcs\sources_1\new\split_real_number_bin.vhd:]
WARNING: [filemgmt 56-199] Attempt to get parsing info during refresh. "On-the-fly" syntax checking information may be incorrect. [C:\Users\skstu\Documents\GitHub\Trabajo-SED-FPGA\Trabajo-FPGA\Trabajo-FPGA.srcs\sources_1\new\split_real_number_bin.vhd:]
WARNING: [filemgmt 56-199] Attempt to get parsing info during refresh. "On-the-fly" syntax checking information may be incorrect. [C:\Users\skstu\Documents\GitHub\Trabajo-SED-FPGA\Trabajo-FPGA\Trabajo-FPGA.srcs\sources_1\new\decoder.vhd:]
WARNING: [filemgmt 56-199] Attempt to get parsing info during refresh. "On-the-fly" syntax checking information may be incorrect. [C:\Users\skstu\Documents\GitHub\Trabajo-SED-FPGA\Trabajo-FPGA\Trabajo-FPGA.srcs\sources_1\new\top1.vhd:]
WARNING: [filemgmt 56-199] Attempt to get parsing info during refresh. "On-the-fly" syntax checking information may be incorrect. [C:\Users\skstu\Documents\GitHub\Trabajo-SED-FPGA\Trabajo-FPGA\Trabajo-FPGA.srcs\sources_1\new\split_real_number_bin.vhd:]
WARNING: [filemgmt 56-199] Attempt to get parsing info during refresh. "On-the-fly" syntax checking information may be incorrect. [C:\Users\skstu\Documents\GitHub\Trabajo-SED-FPGA\Trabajo-FPGA\Trabajo-FPGA.srcs\sources_1\new\seven_segment_dynamic.vhd:]
WARNING: [filemgmt 56-199] Attempt to get parsing info during refresh. "On-the-fly" syntax checking information may be incorrect. [C:\Users\skstu\Documents\GitHub\Trabajo-SED-FPGA\Trabajo-FPGA\Trabajo-FPGA.srcs\sources_1\new\decoder.vhd:]
WARNING: [filemgmt 56-199] Attempt to get parsing info during refresh. "On-the-fly" syntax checking information may be incorrect. [C:\Users\skstu\Documents\GitHub\Trabajo-SED-FPGA\Trabajo-FPGA\Trabajo-FPGA.srcs\sources_1\new\decoder.vhd:]
ERROR: [Common 17-180] Spawn failed: No error
WARNING: [filemgmt 56-199] Attempt to get parsing info during refresh. "On-the-fly" syntax checking information may be incorrect. [C:\Users\skstu\Documents\GitHub\Trabajo-SED-FPGA\Trabajo-FPGA\Trabajo-FPGA.srcs\sources_1\new\decoder.vhd:]
WARNING: [filemgmt 56-199] Attempt to get parsing info during refresh. "On-the-fly" syntax checking information may be incorrect. [C:\Users\skstu\Documents\GitHub\Trabajo-SED-FPGA\Trabajo-FPGA\Trabajo-FPGA.srcs\sources_1\new\top1.vhd:]
WARNING: [filemgmt 56-199] Attempt to get parsing info during refresh. "On-the-fly" syntax checking information may be incorrect. [C:\Users\skstu\Documents\GitHub\Trabajo-SED-FPGA\Trabajo-FPGA\Trabajo-FPGA.srcs\sources_1\new\split_real_number_bin.vhd:]
WARNING: [filemgmt 56-199] Attempt to get parsing info during refresh. "On-the-fly" syntax checking information may be incorrect. [C:\Users\skstu\Documents\GitHub\Trabajo-SED-FPGA\Trabajo-FPGA\Trabajo-FPGA.srcs\sources_1\new\seven_segment_dynamic.vhd:]
WARNING: [filemgmt 56-199] Attempt to get parsing info during refresh. "On-the-fly" syntax checking information may be incorrect. [C:\Users\skstu\Documents\GitHub\Trabajo-SED-FPGA\Trabajo-FPGA\Trabajo-FPGA.srcs\sources_1\new\top1.vhd:]
WARNING: [filemgmt 56-199] Attempt to get parsing info during refresh. "On-the-fly" syntax checking information may be incorrect. [C:\Users\skstu\Documents\GitHub\Trabajo-SED-FPGA\Trabajo-FPGA\Trabajo-FPGA.srcs\sources_1\new\top1.vhd:]
ERROR: [Common 17-180] Spawn failed: No error
WARNING: [filemgmt 56-199] Attempt to get parsing info during refresh. "On-the-fly" syntax checking information may be incorrect. [C:\Users\skstu\Documents\GitHub\Trabajo-SED-FPGA\Trabajo-FPGA\Trabajo-FPGA.srcs\sources_1\new\decoder.vhd:]
WARNING: [filemgmt 56-199] Attempt to get parsing info during refresh. "On-the-fly" syntax checking information may be incorrect. [C:\Users\skstu\Documents\GitHub\Trabajo-SED-FPGA\Trabajo-FPGA\Trabajo-FPGA.srcs\sources_1\new\top1.vhd:]
WARNING: [filemgmt 56-199] Attempt to get parsing info during refresh. "On-the-fly" syntax checking information may be incorrect. [C:\Users\skstu\Documents\GitHub\Trabajo-SED-FPGA\Trabajo-FPGA\Trabajo-FPGA.srcs\sources_1\new\split_real_number_bin.vhd:]
WARNING: [filemgmt 56-199] Attempt to get parsing info during refresh. "On-the-fly" syntax checking information may be incorrect. [C:\Users\skstu\Documents\GitHub\Trabajo-SED-FPGA\Trabajo-FPGA\Trabajo-FPGA.srcs\sources_1\new\seven_segment_dynamic.vhd:]
WARNING: [filemgmt 56-199] Attempt to get parsing info during refresh. "On-the-fly" syntax checking information may be incorrect. [C:\Users\skstu\Documents\GitHub\Trabajo-SED-FPGA\Trabajo-FPGA\Trabajo-FPGA.srcs\sources_1\new\split_real_number_bin.vhd:]
WARNING: [filemgmt 56-199] Attempt to get parsing info during refresh. "On-the-fly" syntax checking information may be incorrect. [C:\Users\skstu\Documents\GitHub\Trabajo-SED-FPGA\Trabajo-FPGA\Trabajo-FPGA.srcs\sources_1\new\split_real_number_bin.vhd:]
WARNING: [filemgmt 56-199] Attempt to get parsing info during refresh. "On-the-fly" syntax checking information may be incorrect. [C:\Users\skstu\Documents\GitHub\Trabajo-SED-FPGA\Trabajo-FPGA\Trabajo-FPGA.srcs\sources_1\new\decoder.vhd:]
WARNING: [filemgmt 56-199] Attempt to get parsing info during refresh. "On-the-fly" syntax checking information may be incorrect. [C:\Users\skstu\Documents\GitHub\Trabajo-SED-FPGA\Trabajo-FPGA\Trabajo-FPGA.srcs\sources_1\new\top1.vhd:]
WARNING: [filemgmt 56-199] Attempt to get parsing info during refresh. "On-the-fly" syntax checking information may be incorrect. [C:\Users\skstu\Documents\GitHub\Trabajo-SED-FPGA\Trabajo-FPGA\Trabajo-FPGA.srcs\sources_1\new\split_real_number_bin.vhd:]
WARNING: [filemgmt 56-199] Attempt to get parsing info during refresh. "On-the-fly" syntax checking information may be incorrect. [C:\Users\skstu\Documents\GitHub\Trabajo-SED-FPGA\Trabajo-FPGA\Trabajo-FPGA.srcs\sources_1\new\seven_segment_dynamic.vhd:]
WARNING: [filemgmt 56-199] Attempt to get parsing info during refresh. "On-the-fly" syntax checking information may be incorrect. [C:\Users\skstu\Documents\GitHub\Trabajo-SED-FPGA\Trabajo-FPGA\Trabajo-FPGA.srcs\sources_1\new\decoder.vhd:]
WARNING: [filemgmt 56-199] Attempt to get parsing info during refresh. "On-the-fly" syntax checking information may be incorrect. [C:\Users\skstu\Documents\GitHub\Trabajo-SED-FPGA\Trabajo-FPGA\Trabajo-FPGA.srcs\sources_1\new\decoder.vhd:]
ERROR: [Common 17-180] Spawn failed: No error
WARNING: [filemgmt 56-199] Attempt to get parsing info during refresh. "On-the-fly" syntax checking information may be incorrect. [C:\Users\skstu\Documents\GitHub\Trabajo-SED-FPGA\Trabajo-FPGA\Trabajo-FPGA.srcs\sources_1\new\decoder.vhd:]
WARNING: [filemgmt 56-199] Attempt to get parsing info during refresh. "On-the-fly" syntax checking information may be incorrect. [C:\Users\skstu\Documents\GitHub\Trabajo-SED-FPGA\Trabajo-FPGA\Trabajo-FPGA.srcs\sources_1\new\top1.vhd:]
WARNING: [filemgmt 56-199] Attempt to get parsing info during refresh. "On-the-fly" syntax checking information may be incorrect. [C:\Users\skstu\Documents\GitHub\Trabajo-SED-FPGA\Trabajo-FPGA\Trabajo-FPGA.srcs\sources_1\new\split_real_number_bin.vhd:]
WARNING: [filemgmt 56-199] Attempt to get parsing info during refresh. "On-the-fly" syntax checking information may be incorrect. [C:\Users\skstu\Documents\GitHub\Trabajo-SED-FPGA\Trabajo-FPGA\Trabajo-FPGA.srcs\sources_1\new\seven_segment_dynamic.vhd:]
WARNING: [filemgmt 56-199] Attempt to get parsing info during refresh. "On-the-fly" syntax checking information may be incorrect. [C:\Users\skstu\Documents\GitHub\Trabajo-SED-FPGA\Trabajo-FPGA\Trabajo-FPGA.srcs\sources_1\new\top1.vhd:]
WARNING: [filemgmt 56-199] Attempt to get parsing info during refresh. "On-the-fly" syntax checking information may be incorrect. [C:\Users\skstu\Documents\GitHub\Trabajo-SED-FPGA\Trabajo-FPGA\Trabajo-FPGA.srcs\sources_1\new\top1.vhd:]
ERROR: [Common 17-180] Spawn failed: No error
launch_runs impl_1 -to_step write_bitstream -jobs 8
[Thu Dec 19 13:22:15 2024] Launched synth_1...
Run output will be captured here: C:/Users/skstu/Documents/GitHub/Trabajo-SED-FPGA/Trabajo-FPGA/Trabajo-FPGA.runs/synth_1/runme.log
[Thu Dec 19 13:22:15 2024] Launched impl_1...
Run output will be captured here: C:/Users/skstu/Documents/GitHub/Trabajo-SED-FPGA/Trabajo-FPGA/Trabajo-FPGA.runs/impl_1/runme.log
open_hw_manager
connect_hw_server -allow_non_jtag
INFO: [Labtools 27-2285] Connecting to hw_server url TCP:localhost:3121
INFO: [Labtools 27-2222] Launching hw_server...
INFO: [Labtools 27-2221] Launch Output:

****** Xilinx hw_server v2024.2
  **** Build date : Oct 29 2024 at 10:25:41
    ** Copyright 1986-2022 Xilinx, Inc. All Rights Reserved.


INFO: [Labtools 27-3415] Connecting to cs_server url TCP:localhost:0
INFO: [Labtools 27-3417] Launching cs_server...
INFO: [Labtools 27-2221] Launch Output:


******** Xilinx cs_server v2024.2.0
  ****** Build date   : Oct 30 2024-19:19:07
    **** Build number : 2024.2.1730312347
      ** Copyright 2017-2022 Xilinx, Inc. All Rights Reserved.
      ** Copyright 2022-2024 Advanced Micro Devices, Inc. All Rights Reserved.



ERROR: [Labtoolstcl 44-494] There is no active target available for server at localhost.
 Targets(s) ", jsn-Nexys A7 -100T-210292ABF575A" may be locked by another hw_server.
disconnect_hw_server localhost:3121
connect_hw_server -allow_non_jtag
INFO: [Labtools 27-2285] Connecting to hw_server url TCP:localhost:3121
INFO: [Labtools 27-3415] Connecting to cs_server url TCP:localhost:0
INFO: [Labtools 27-3417] Launching cs_server...
INFO: [Labtools 27-2221] Launch Output:


******** Xilinx cs_server v2024.2.0
  ****** Build date   : Oct 30 2024-19:19:07
    **** Build number : 2024.2.1730312347
      ** Copyright 2017-2022 Xilinx, Inc. All Rights Reserved.
      ** Copyright 2022-2024 Advanced Micro Devices, Inc. All Rights Reserved.



open_hw_target
INFO: [Labtoolstcl 44-466] Opening hw_target localhost:3121/xilinx_tcf/Digilent/210292AE3A67A
ERROR: [Labtools 27-2269] No devices detected on target localhost:3121/xilinx_tcf/Digilent/210292AE3A67A.
Check cable connectivity and that the target board is powered up then
use the disconnect_hw_server and connect_hw_server to re-register this hardware target.
ERROR: [Common 17-39] 'open_hw_target' failed due to earlier errors.
INFO: [Labtools 27-1435] Device xc7a100t (JTAG device index = 0) is not programmed (DONE status = 0).
WARNING: [Labtoolstcl 44-129] No matching hw_ila_data was found.
refresh_hw_device [lindex [get_hw_devices xc7a100t_0] 0]
INFO: [Labtools 27-1435] Device xc7a100t (JTAG device index = 0) is not programmed (DONE status = 0).
set_property PROBES.FILE {} [get_hw_devices xc7a100t_0]
set_property FULL_PROBES.FILE {} [get_hw_devices xc7a100t_0]
set_property PROGRAM.FILE {C:/Users/skstu/Documents/GitHub/Trabajo-SED-FPGA/Trabajo-FPGA/Trabajo-FPGA.runs/impl_1/Top.bit} [get_hw_devices xc7a100t_0]
program_hw_devices [get_hw_devices xc7a100t_0]
INFO: [Labtools 27-3164] End of startup status: HIGH
refresh_hw_device [lindex [get_hw_devices xc7a100t_0] 0]
INFO: [Labtools 27-1434] Device xc7a100t (JTAG device index = 0) is programmed with a design that has no supported debug core(s) in it.
refresh_hw_device [lindex [get_hw_devices xc7a100t_0] 0]
INFO: [Labtools 27-1434] Device xc7a100t (JTAG device index = 0) is programmed with a design that has no supported debug core(s) in it.
ERROR: [Labtoolstcl 44-513] HW Target shutdown. Closing target: localhost:3121/xilinx_tcf/Digilent/210292AE3A67A
WARNING: [filemgmt 56-199] Attempt to get parsing info during refresh. "On-the-fly" syntax checking information may be incorrect. [C:\Users\skstu\Documents\GitHub\Trabajo-SED-FPGA\Trabajo-FPGA\Trabajo-FPGA.srcs\sources_1\new\decoder.vhd:]
WARNING: [filemgmt 56-199] Attempt to get parsing info during refresh. "On-the-fly" syntax checking information may be incorrect. [C:\Users\skstu\Documents\GitHub\Trabajo-SED-FPGA\Trabajo-FPGA\Trabajo-FPGA.srcs\sources_1\new\top1.vhd:]
WARNING: [filemgmt 56-199] Attempt to get parsing info during refresh. "On-the-fly" syntax checking information may be incorrect. [C:\Users\skstu\Documents\GitHub\Trabajo-SED-FPGA\Trabajo-FPGA\Trabajo-FPGA.srcs\sources_1\new\split_real_number_bin.vhd:]
WARNING: [filemgmt 56-199] Attempt to get parsing info during refresh. "On-the-fly" syntax checking information may be incorrect. [C:\Users\skstu\Documents\GitHub\Trabajo-SED-FPGA\Trabajo-FPGA\Trabajo-FPGA.srcs\sources_1\new\seven_segment_dynamic.vhd:]
WARNING: [filemgmt 56-199] Attempt to get parsing info during refresh. "On-the-fly" syntax checking information may be incorrect. [C:\Users\skstu\Documents\GitHub\Trabajo-SED-FPGA\Trabajo-FPGA\Trabajo-FPGA.srcs\sources_1\new\split_real_number_bin.vhd:]
WARNING: [filemgmt 56-199] Attempt to get parsing info during refresh. "On-the-fly" syntax checking information may be incorrect. [C:\Users\skstu\Documents\GitHub\Trabajo-SED-FPGA\Trabajo-FPGA\Trabajo-FPGA.srcs\sources_1\new\split_real_number_bin.vhd:]
WARNING: [filemgmt 56-199] Attempt to get parsing info during refresh. "On-the-fly" syntax checking information may be incorrect. [C:\Users\skstu\Documents\GitHub\Trabajo-SED-FPGA\Trabajo-FPGA\Trabajo-FPGA.srcs\sources_1\new\decoder.vhd:]
WARNING: [filemgmt 56-199] Attempt to get parsing info during refresh. "On-the-fly" syntax checking information may be incorrect. [C:\Users\skstu\Documents\GitHub\Trabajo-SED-FPGA\Trabajo-FPGA\Trabajo-FPGA.srcs\sources_1\new\top1.vhd:]
WARNING: [filemgmt 56-199] Attempt to get parsing info during refresh. "On-the-fly" syntax checking information may be incorrect. [C:\Users\skstu\Documents\GitHub\Trabajo-SED-FPGA\Trabajo-FPGA\Trabajo-FPGA.srcs\sources_1\new\split_real_number_bin.vhd:]
WARNING: [filemgmt 56-199] Attempt to get parsing info during refresh. "On-the-fly" syntax checking information may be incorrect. [C:\Users\skstu\Documents\GitHub\Trabajo-SED-FPGA\Trabajo-FPGA\Trabajo-FPGA.srcs\sources_1\new\seven_segment_dynamic.vhd:]
WARNING: [filemgmt 56-199] Attempt to get parsing info during refresh. "On-the-fly" syntax checking information may be incorrect. [C:\Users\skstu\Documents\GitHub\Trabajo-SED-FPGA\Trabajo-FPGA\Trabajo-FPGA.srcs\sources_1\new\decoder.vhd:]
WARNING: [filemgmt 56-199] Attempt to get parsing info during refresh. "On-the-fly" syntax checking information may be incorrect. [C:\Users\skstu\Documents\GitHub\Trabajo-SED-FPGA\Trabajo-FPGA\Trabajo-FPGA.srcs\sources_1\new\decoder.vhd:]
ERROR: [Common 17-180] Spawn failed: No error
WARNING: [filemgmt 56-199] Attempt to get parsing info during refresh. "On-the-fly" syntax checking information may be incorrect. [C:\Users\skstu\Documents\GitHub\Trabajo-SED-FPGA\Trabajo-FPGA\Trabajo-FPGA.srcs\sources_1\new\decoder.vhd:]
WARNING: [filemgmt 56-199] Attempt to get parsing info during refresh. "On-the-fly" syntax checking information may be incorrect. [C:\Users\skstu\Documents\GitHub\Trabajo-SED-FPGA\Trabajo-FPGA\Trabajo-FPGA.srcs\sources_1\new\top1.vhd:]
WARNING: [filemgmt 56-199] Attempt to get parsing info during refresh. "On-the-fly" syntax checking information may be incorrect. [C:\Users\skstu\Documents\GitHub\Trabajo-SED-FPGA\Trabajo-FPGA\Trabajo-FPGA.srcs\sources_1\new\split_real_number_bin.vhd:]
INFO: [Common 17-14] Message 'filemgmt 56-199' appears 100 times and further instances of the messages will be disabled. Use the Tcl command set_msg_config to change the current settings.
ERROR: [Common 17-180] Spawn failed: No error
reset_run synth_1
INFO: [Project 1-1161] Replacing file C:/Users/skstu/Documents/GitHub/Trabajo-SED-FPGA/Trabajo-FPGA/Trabajo-FPGA.srcs/utils_1/imports/synth_1/AccelerometerCtl.dcp with file C:/Users/skstu/Documents/GitHub/Trabajo-SED-FPGA/Trabajo-FPGA/Trabajo-FPGA.runs/synth_1/Top.dcp
WARNING: [filemgmt 56-199] Attempt to get parsing info during refresh. "On-the-fly" syntax checking information may be incorrect. [C:\Users\skstu\Documents\GitHub\Trabajo-SED-FPGA\Trabajo-FPGA\Trabajo-FPGA.srcs\sources_1\new\decoder.vhd:]
WARNING: [filemgmt 56-199] Attempt to get parsing info during refresh. "On-the-fly" syntax checking information may be incorrect. [C:\Users\skstu\Documents\GitHub\Trabajo-SED-FPGA\Trabajo-FPGA\Trabajo-FPGA.srcs\sources_1\new\top1.vhd:]
WARNING: [filemgmt 56-199] Attempt to get parsing info during refresh. "On-the-fly" syntax checking information may be incorrect. [C:\Users\skstu\Documents\GitHub\Trabajo-SED-FPGA\Trabajo-FPGA\Trabajo-FPGA.srcs\sources_1\new\split_real_number_bin.vhd:]
WARNING: [filemgmt 56-199] Attempt to get parsing info during refresh. "On-the-fly" syntax checking information may be incorrect. [C:\Users\skstu\Documents\GitHub\Trabajo-SED-FPGA\Trabajo-FPGA\Trabajo-FPGA.srcs\sources_1\new\seven_segment_dynamic.vhd:]
WARNING: [filemgmt 56-199] Attempt to get parsing info during refresh. "On-the-fly" syntax checking information may be incorrect. [C:\Users\skstu\Documents\GitHub\Trabajo-SED-FPGA\Trabajo-FPGA\Trabajo-FPGA.srcs\sources_1\new\split_real_number_bin.vhd:]
WARNING: [filemgmt 56-199] Attempt to get parsing info during refresh. "On-the-fly" syntax checking information may be incorrect. [C:\Users\skstu\Documents\GitHub\Trabajo-SED-FPGA\Trabajo-FPGA\Trabajo-FPGA.srcs\sources_1\new\split_real_number_bin.vhd:]
WARNING: [filemgmt 56-199] Attempt to get parsing info during refresh. "On-the-fly" syntax checking information may be incorrect. [C:\Users\skstu\Documents\GitHub\Trabajo-SED-FPGA\Trabajo-FPGA\Trabajo-FPGA.srcs\sources_1\new\decoder.vhd:]
WARNING: [filemgmt 56-199] Attempt to get parsing info during refresh. "On-the-fly" syntax checking information may be incorrect. [C:\Users\skstu\Documents\GitHub\Trabajo-SED-FPGA\Trabajo-FPGA\Trabajo-FPGA.srcs\sources_1\new\top1.vhd:]
WARNING: [filemgmt 56-199] Attempt to get parsing info during refresh. "On-the-fly" syntax checking information may be incorrect. [C:\Users\skstu\Documents\GitHub\Trabajo-SED-FPGA\Trabajo-FPGA\Trabajo-FPGA.srcs\sources_1\new\split_real_number_bin.vhd:]
WARNING: [filemgmt 56-199] Attempt to get parsing info during refresh. "On-the-fly" syntax checking information may be incorrect. [C:\Users\skstu\Documents\GitHub\Trabajo-SED-FPGA\Trabajo-FPGA\Trabajo-FPGA.srcs\sources_1\new\seven_segment_dynamic.vhd:]
WARNING: [filemgmt 56-199] Attempt to get parsing info during refresh. "On-the-fly" syntax checking information may be incorrect. [C:\Users\skstu\Documents\GitHub\Trabajo-SED-FPGA\Trabajo-FPGA\Trabajo-FPGA.srcs\sources_1\new\decoder.vhd:]
WARNING: [filemgmt 56-199] Attempt to get parsing info during refresh. "On-the-fly" syntax checking information may be incorrect. [C:\Users\skstu\Documents\GitHub\Trabajo-SED-FPGA\Trabajo-FPGA\Trabajo-FPGA.srcs\sources_1\new\decoder.vhd:]
ERROR: [Common 17-180] Spawn failed: No error
WARNING: [filemgmt 56-199] Attempt to get parsing info during refresh. "On-the-fly" syntax checking information may be incorrect. [C:\Users\skstu\Documents\GitHub\Trabajo-SED-FPGA\Trabajo-FPGA\Trabajo-FPGA.srcs\sources_1\new\decoder.vhd:]
WARNING: [filemgmt 56-199] Attempt to get parsing info during refresh. "On-the-fly" syntax checking information may be incorrect. [C:\Users\skstu\Documents\GitHub\Trabajo-SED-FPGA\Trabajo-FPGA\Trabajo-FPGA.srcs\sources_1\new\top1.vhd:]
WARNING: [filemgmt 56-199] Attempt to get parsing info during refresh. "On-the-fly" syntax checking information may be incorrect. [C:\Users\skstu\Documents\GitHub\Trabajo-SED-FPGA\Trabajo-FPGA\Trabajo-FPGA.srcs\sources_1\new\split_real_number_bin.vhd:]
WARNING: [filemgmt 56-199] Attempt to get parsing info during refresh. "On-the-fly" syntax checking information may be incorrect. [C:\Users\skstu\Documents\GitHub\Trabajo-SED-FPGA\Trabajo-FPGA\Trabajo-FPGA.srcs\sources_1\new\seven_segment_dynamic.vhd:]
WARNING: [filemgmt 56-199] Attempt to get parsing info during refresh. "On-the-fly" syntax checking information may be incorrect. [C:\Users\skstu\Documents\GitHub\Trabajo-SED-FPGA\Trabajo-FPGA\Trabajo-FPGA.srcs\sources_1\new\top1.vhd:]
WARNING: [filemgmt 56-199] Attempt to get parsing info during refresh. "On-the-fly" syntax checking information may be incorrect. [C:\Users\skstu\Documents\GitHub\Trabajo-SED-FPGA\Trabajo-FPGA\Trabajo-FPGA.srcs\sources_1\new\top1.vhd:]
ERROR: [Common 17-180] Spawn failed: No error
launch_runs impl_1 -to_step write_bitstream -jobs 12
[Thu Dec 19 13:33:21 2024] Launched synth_1...
Run output will be captured here: C:/Users/skstu/Documents/GitHub/Trabajo-SED-FPGA/Trabajo-FPGA/Trabajo-FPGA.runs/synth_1/runme.log
[Thu Dec 19 13:33:21 2024] Launched impl_1...
Run output will be captured here: C:/Users/skstu/Documents/GitHub/Trabajo-SED-FPGA/Trabajo-FPGA/Trabajo-FPGA.runs/impl_1/runme.log
disconnect_hw_server localhost:3121
connect_hw_server -allow_non_jtag
INFO: [Labtools 27-2285] Connecting to hw_server url TCP:localhost:3121
INFO: [Labtools 27-3415] Connecting to cs_server url TCP:localhost:0
INFO: [Labtools 27-3417] Launching cs_server...
INFO: [Labtools 27-2221] Launch Output:


******** Xilinx cs_server v2024.2.0
  ****** Build date   : Oct 30 2024-19:19:07
    **** Build number : 2024.2.1730312347
      ** Copyright 2017-2022 Xilinx, Inc. All Rights Reserved.
      ** Copyright 2022-2024 Advanced Micro Devices, Inc. All Rights Reserved.



connect_hw_server: Time (s): cpu = 00:00:00 ; elapsed = 00:00:05 . Memory (MB): peak = 2744.781 ; gain = 0.000
open_hw_target
INFO: [Labtoolstcl 44-466] Opening hw_target localhost:3121/xilinx_tcf/Digilent/210292AE3A67A
set_property PROGRAM.FILE {C:/Users/skstu/Documents/GitHub/Trabajo-SED-FPGA/Trabajo-FPGA/Trabajo-FPGA.runs/impl_1/Top.bit} [get_hw_devices xc7a100t_0]
current_hw_device [get_hw_devices xc7a100t_0]
refresh_hw_device -update_hw_probes false [lindex [get_hw_devices xc7a100t_0] 0]
INFO: [Labtools 27-1435] Device xc7a100t (JTAG device index = 0) is not programmed (DONE status = 0).
set_property PROBES.FILE {} [get_hw_devices xc7a100t_0]
set_property FULL_PROBES.FILE {} [get_hw_devices xc7a100t_0]
set_property PROGRAM.FILE {C:/Users/skstu/Documents/GitHub/Trabajo-SED-FPGA/Trabajo-FPGA/Trabajo-FPGA.runs/impl_1/Top.bit} [get_hw_devices xc7a100t_0]
program_hw_devices [get_hw_devices xc7a100t_0]
INFO: [Labtools 27-3164] End of startup status: HIGH
refresh_hw_device [lindex [get_hw_devices xc7a100t_0] 0]
INFO: [Labtools 27-1434] Device xc7a100t (JTAG device index = 0) is programmed with a design that has no supported debug core(s) in it.
ERROR: [Labtoolstcl 44-513] HW Target shutdown. Closing target: localhost:3121/xilinx_tcf/Digilent/210292AE3A67A
WARNING: [filemgmt 56-199] Attempt to get parsing info during refresh. "On-the-fly" syntax checking information may be incorrect. [C:\Users\skstu\Documents\GitHub\Trabajo-SED-FPGA\Trabajo-FPGA\Trabajo-FPGA.srcs\sources_1\new\decoder.vhd:]
WARNING: [filemgmt 56-199] Attempt to get parsing info during refresh. "On-the-fly" syntax checking information may be incorrect. [C:\Users\skstu\Documents\GitHub\Trabajo-SED-FPGA\Trabajo-FPGA\Trabajo-FPGA.srcs\sources_1\new\top1.vhd:]
WARNING: [filemgmt 56-199] Attempt to get parsing info during refresh. "On-the-fly" syntax checking information may be incorrect. [C:\Users\skstu\Documents\GitHub\Trabajo-SED-FPGA\Trabajo-FPGA\Trabajo-FPGA.srcs\sources_1\new\split_real_number_bin.vhd:]
WARNING: [filemgmt 56-199] Attempt to get parsing info during refresh. "On-the-fly" syntax checking information may be incorrect. [C:\Users\skstu\Documents\GitHub\Trabajo-SED-FPGA\Trabajo-FPGA\Trabajo-FPGA.srcs\sources_1\new\seven_segment_dynamic.vhd:]
WARNING: [filemgmt 56-199] Attempt to get parsing info during refresh. "On-the-fly" syntax checking information may be incorrect. [C:\Users\skstu\Documents\GitHub\Trabajo-SED-FPGA\Trabajo-FPGA\Trabajo-FPGA.srcs\sources_1\new\split_real_number_bin.vhd:]
WARNING: [filemgmt 56-199] Attempt to get parsing info during refresh. "On-the-fly" syntax checking information may be incorrect. [C:\Users\skstu\Documents\GitHub\Trabajo-SED-FPGA\Trabajo-FPGA\Trabajo-FPGA.srcs\sources_1\new\split_real_number_bin.vhd:]
WARNING: [filemgmt 56-199] Attempt to get parsing info during refresh. "On-the-fly" syntax checking information may be incorrect. [C:\Users\skstu\Documents\GitHub\Trabajo-SED-FPGA\Trabajo-FPGA\Trabajo-FPGA.srcs\sources_1\new\decoder.vhd:]
WARNING: [filemgmt 56-199] Attempt to get parsing info during refresh. "On-the-fly" syntax checking information may be incorrect. [C:\Users\skstu\Documents\GitHub\Trabajo-SED-FPGA\Trabajo-FPGA\Trabajo-FPGA.srcs\sources_1\new\top1.vhd:]
WARNING: [filemgmt 56-199] Attempt to get parsing info during refresh. "On-the-fly" syntax checking information may be incorrect. [C:\Users\skstu\Documents\GitHub\Trabajo-SED-FPGA\Trabajo-FPGA\Trabajo-FPGA.srcs\sources_1\new\split_real_number_bin.vhd:]
WARNING: [filemgmt 56-199] Attempt to get parsing info during refresh. "On-the-fly" syntax checking information may be incorrect. [C:\Users\skstu\Documents\GitHub\Trabajo-SED-FPGA\Trabajo-FPGA\Trabajo-FPGA.srcs\sources_1\new\seven_segment_dynamic.vhd:]
WARNING: [filemgmt 56-199] Attempt to get parsing info during refresh. "On-the-fly" syntax checking information may be incorrect. [C:\Users\skstu\Documents\GitHub\Trabajo-SED-FPGA\Trabajo-FPGA\Trabajo-FPGA.srcs\sources_1\new\decoder.vhd:]
WARNING: [filemgmt 56-199] Attempt to get parsing info during refresh. "On-the-fly" syntax checking information may be incorrect. [C:\Users\skstu\Documents\GitHub\Trabajo-SED-FPGA\Trabajo-FPGA\Trabajo-FPGA.srcs\sources_1\new\decoder.vhd:]
ERROR: [Common 17-180] Spawn failed: No error
ERROR: [Common 17-180] Spawn failed: No error
WARNING: [filemgmt 56-199] Attempt to get parsing info during refresh. "On-the-fly" syntax checking information may be incorrect. [C:\Users\skstu\Documents\GitHub\Trabajo-SED-FPGA\Trabajo-FPGA\Trabajo-FPGA.srcs\sources_1\new\decoder.vhd:]
WARNING: [filemgmt 56-199] Attempt to get parsing info during refresh. "On-the-fly" syntax checking information may be incorrect. [C:\Users\skstu\Documents\GitHub\Trabajo-SED-FPGA\Trabajo-FPGA\Trabajo-FPGA.srcs\sources_1\new\top1.vhd:]
WARNING: [filemgmt 56-199] Attempt to get parsing info during refresh. "On-the-fly" syntax checking information may be incorrect. [C:\Users\skstu\Documents\GitHub\Trabajo-SED-FPGA\Trabajo-FPGA\Trabajo-FPGA.srcs\sources_1\new\split_real_number_bin.vhd:]
WARNING: [filemgmt 56-199] Attempt to get parsing info during refresh. "On-the-fly" syntax checking information may be incorrect. [C:\Users\skstu\Documents\GitHub\Trabajo-SED-FPGA\Trabajo-FPGA\Trabajo-FPGA.srcs\sources_1\new\seven_segment_dynamic.vhd:]
WARNING: [filemgmt 56-199] Attempt to get parsing info during refresh. "On-the-fly" syntax checking information may be incorrect. [C:\Users\skstu\Documents\GitHub\Trabajo-SED-FPGA\Trabajo-FPGA\Trabajo-FPGA.srcs\sources_1\new\split_real_number_bin.vhd:]
WARNING: [filemgmt 56-199] Attempt to get parsing info during refresh. "On-the-fly" syntax checking information may be incorrect. [C:\Users\skstu\Documents\GitHub\Trabajo-SED-FPGA\Trabajo-FPGA\Trabajo-FPGA.srcs\sources_1\new\split_real_number_bin.vhd:]
WARNING: [filemgmt 56-199] Attempt to get parsing info during refresh. "On-the-fly" syntax checking information may be incorrect. [C:\Users\skstu\Documents\GitHub\Trabajo-SED-FPGA\Trabajo-FPGA\Trabajo-FPGA.srcs\sources_1\new\decoder.vhd:]
WARNING: [filemgmt 56-199] Attempt to get parsing info during refresh. "On-the-fly" syntax checking information may be incorrect. [C:\Users\skstu\Documents\GitHub\Trabajo-SED-FPGA\Trabajo-FPGA\Trabajo-FPGA.srcs\sources_1\new\top1.vhd:]
WARNING: [filemgmt 56-199] Attempt to get parsing info during refresh. "On-the-fly" syntax checking information may be incorrect. [C:\Users\skstu\Documents\GitHub\Trabajo-SED-FPGA\Trabajo-FPGA\Trabajo-FPGA.srcs\sources_1\new\split_real_number_bin.vhd:]
WARNING: [filemgmt 56-199] Attempt to get parsing info during refresh. "On-the-fly" syntax checking information may be incorrect. [C:\Users\skstu\Documents\GitHub\Trabajo-SED-FPGA\Trabajo-FPGA\Trabajo-FPGA.srcs\sources_1\new\seven_segment_dynamic.vhd:]
WARNING: [filemgmt 56-199] Attempt to get parsing info during refresh. "On-the-fly" syntax checking information may be incorrect. [C:\Users\skstu\Documents\GitHub\Trabajo-SED-FPGA\Trabajo-FPGA\Trabajo-FPGA.srcs\sources_1\new\decoder.vhd:]
WARNING: [filemgmt 56-199] Attempt to get parsing info during refresh. "On-the-fly" syntax checking information may be incorrect. [C:\Users\skstu\Documents\GitHub\Trabajo-SED-FPGA\Trabajo-FPGA\Trabajo-FPGA.srcs\sources_1\new\decoder.vhd:]
ERROR: [Common 17-180] Spawn failed: No error
WARNING: [filemgmt 56-199] Attempt to get parsing info during refresh. "On-the-fly" syntax checking information may be incorrect. [C:\Users\skstu\Documents\GitHub\Trabajo-SED-FPGA\Trabajo-FPGA\Trabajo-FPGA.srcs\sources_1\new\decoder.vhd:]
WARNING: [filemgmt 56-199] Attempt to get parsing info during refresh. "On-the-fly" syntax checking information may be incorrect. [C:\Users\skstu\Documents\GitHub\Trabajo-SED-FPGA\Trabajo-FPGA\Trabajo-FPGA.srcs\sources_1\new\top1.vhd:]
WARNING: [filemgmt 56-199] Attempt to get parsing info during refresh. "On-the-fly" syntax checking information may be incorrect. [C:\Users\skstu\Documents\GitHub\Trabajo-SED-FPGA\Trabajo-FPGA\Trabajo-FPGA.srcs\sources_1\new\split_real_number_bin.vhd:]
WARNING: [filemgmt 56-199] Attempt to get parsing info during refresh. "On-the-fly" syntax checking information may be incorrect. [C:\Users\skstu\Documents\GitHub\Trabajo-SED-FPGA\Trabajo-FPGA\Trabajo-FPGA.srcs\sources_1\new\seven_segment_dynamic.vhd:]
WARNING: [filemgmt 56-199] Attempt to get parsing info during refresh. "On-the-fly" syntax checking information may be incorrect. [C:\Users\skstu\Documents\GitHub\Trabajo-SED-FPGA\Trabajo-FPGA\Trabajo-FPGA.srcs\sources_1\new\seven_segment_dynamic.vhd:]
WARNING: [filemgmt 56-199] Attempt to get parsing info during refresh. "On-the-fly" syntax checking information may be incorrect. [C:\Users\skstu\Documents\GitHub\Trabajo-SED-FPGA\Trabajo-FPGA\Trabajo-FPGA.srcs\sources_1\new\seven_segment_dynamic.vhd:]
ERROR: [Common 17-180] Spawn failed: No error
exit
INFO: [Common 17-206] Exiting Vivado at Thu Dec 19 13:59:46 2024...
