#-----------------------------------------------------------
# Vivado v2024.2 (64-bit)
# SW Build 5239630 on Fri Nov 08 22:35:27 MST 2024
# IP Build 5239520 on Sun Nov 10 16:12:51 MST 2024
# SharedData Build 5239561 on Fri Nov 08 14:39:27 MST 2024
# Start of session at: Thu Dec 19 17:07:06 2024
# Process ID         : 23212
# Current directory  : C:/Users/skstu/Documents/GitHub/Trabajo-SED-FPGA/Trabajo-FPGA
# Command line       : vivado.exe -gui_launcher_event rodinguilauncherevent14180 C:\Users\skstu\Documents\GitHub\Trabajo-SED-FPGA\Trabajo-FPGA\Trabajo-FPGA.xpr
# Log file           : C:/Users/skstu/Documents/GitHub/Trabajo-SED-FPGA/Trabajo-FPGA/vivado.log
# Journal file       : C:/Users/skstu/Documents/GitHub/Trabajo-SED-FPGA/Trabajo-FPGA\vivado.jou
# Running On         : Saraa
# Platform           : Windows Server 2016 or Windows 10
# Operating System   : 22631
# Processor Detail   : AMD Ryzen 7 7735HS with Radeon Graphics        
# CPU Frequency      : 3194 MHz
# CPU Physical cores : 8
# CPU Logical cores  : 16
# Host memory        : 16438 MB
# Swap memory        : 11274 MB
# Total Virtual      : 27712 MB
# Available Virtual  : 18089 MB
#-----------------------------------------------------------
start_gui
open_project C:/Users/skstu/Documents/GitHub/Trabajo-SED-FPGA/Trabajo-FPGA/Trabajo-FPGA.xpr
Scanning sources...
Finished scanning sources
INFO: [IP_Flow 19-234] Refreshing IP repositories
INFO: [IP_Flow 19-1704] No user IP repositories specified
INFO: [IP_Flow 19-2313] Loaded Vivado IP repository 'C:/Xilinx/Vivado/2024.2/data/ip'.
reset_run synth_1
INFO: [Project 1-1161] Replacing file C:/Users/skstu/Documents/GitHub/Trabajo-SED-FPGA/Trabajo-FPGA/Trabajo-FPGA.srcs/utils_1/imports/synth_1/AccelerometerCtl.dcp with file C:/Users/skstu/Documents/GitHub/Trabajo-SED-FPGA/Trabajo-FPGA/Trabajo-FPGA.runs/synth_1/Top.dcp
launch_runs impl_1 -jobs 12
[Thu Dec 19 17:08:06 2024] Launched synth_1...
Run output will be captured here: C:/Users/skstu/Documents/GitHub/Trabajo-SED-FPGA/Trabajo-FPGA/Trabajo-FPGA.runs/synth_1/runme.log
[Thu Dec 19 17:08:06 2024] Launched impl_1...
Run output will be captured here: C:/Users/skstu/Documents/GitHub/Trabajo-SED-FPGA/Trabajo-FPGA/Trabajo-FPGA.runs/impl_1/runme.log
WARNING: [filemgmt 56-199] Attempt to get parsing info during refresh. "On-the-fly" syntax checking information may be incorrect. [C:\Users\skstu\Documents\GitHub\Trabajo-SED-FPGA\Trabajo-FPGA\Trabajo-FPGA.srcs\sources_1\new\top1.vhd:]
WARNING: [filemgmt 56-199] Attempt to get parsing info during refresh. "On-the-fly" syntax checking information may be incorrect. [C:\Users\skstu\Documents\GitHub\Trabajo-SED-FPGA\Trabajo-FPGA\Trabajo-FPGA.srcs\sources_1\new\seven_segment_dynamic.vhd:]
WARNING: [filemgmt 56-199] Attempt to get parsing info during refresh. "On-the-fly" syntax checking information may be incorrect. [C:\Users\skstu\Documents\GitHub\Trabajo-SED-FPGA\Trabajo-FPGA\Trabajo-FPGA.srcs\sources_1\new\seven_segment_dynamic.vhd:]
WARNING: [filemgmt 56-199] Attempt to get parsing info during refresh. "On-the-fly" syntax checking information may be incorrect. [C:\Users\skstu\Documents\GitHub\Trabajo-SED-FPGA\Trabajo-FPGA\Trabajo-FPGA.srcs\sources_1\new\seven_segment_dynamic.vhd:]
ERROR: [Common 17-180] Spawn failed: No error
reset_run synth_1
launch_runs impl_1 -jobs 12
[Thu Dec 19 17:10:22 2024] Launched synth_1...
Run output will be captured here: C:/Users/skstu/Documents/GitHub/Trabajo-SED-FPGA/Trabajo-FPGA/Trabajo-FPGA.runs/synth_1/runme.log
[Thu Dec 19 17:10:22 2024] Launched impl_1...
Run output will be captured here: C:/Users/skstu/Documents/GitHub/Trabajo-SED-FPGA/Trabajo-FPGA/Trabajo-FPGA.runs/impl_1/runme.log
launch_runs impl_1 -to_step write_bitstream -jobs 12
[Thu Dec 19 17:12:58 2024] Launched impl_1...
Run output will be captured here: C:/Users/skstu/Documents/GitHub/Trabajo-SED-FPGA/Trabajo-FPGA/Trabajo-FPGA.runs/impl_1/runme.log
open_hw_manager
connect_hw_server -allow_non_jtag
INFO: [Labtools 27-2285] Connecting to hw_server url TCP:localhost:3121
INFO: [Labtools 27-2222] Launching hw_server...
INFO: [Labtools 27-2221] Launch Output:

****** Xilinx hw_server v2024.2
  **** Build date : Oct 29 2024 at 10:25:41
    ** Copyright 1986-2022 Xilinx, Inc. All Rights Reserved.


INFO: [Labtools 27-3415] Connecting to cs_server url TCP:localhost:0
INFO: [Labtools 27-3417] Launching cs_server...
INFO: [Labtools 27-2221] Launch Output:


******** Xilinx cs_server v2024.2.0
  ****** Build date   : Oct 30 2024-19:19:07
    **** Build number : 2024.2.1730312347
      ** Copyright 2017-2022 Xilinx, Inc. All Rights Reserved.
      ** Copyright 2022-2024 Advanced Micro Devices, Inc. All Rights Reserved.



connect_hw_server: Time (s): cpu = 00:00:00 ; elapsed = 00:00:09 . Memory (MB): peak = 1186.215 ; gain = 12.602
open_hw_target
INFO: [Labtoolstcl 44-466] Opening hw_target localhost:3121/xilinx_tcf/Digilent/210292BB31C6A
set_property PROGRAM.FILE {C:/Users/skstu/Documents/GitHub/Trabajo-SED-FPGA/Trabajo-FPGA/Trabajo-FPGA.runs/impl_1/Top.bit} [get_hw_devices xc7a100t_0]
current_hw_device [get_hw_devices xc7a100t_0]
refresh_hw_device -update_hw_probes false [lindex [get_hw_devices xc7a100t_0] 0]
INFO: [Labtools 27-1435] Device xc7a100t (JTAG device index = 0) is not programmed (DONE status = 0).
set_property PROBES.FILE {} [get_hw_devices xc7a100t_0]
set_property FULL_PROBES.FILE {} [get_hw_devices xc7a100t_0]
set_property PROGRAM.FILE {C:/Users/skstu/Documents/GitHub/Trabajo-SED-FPGA/Trabajo-FPGA/Trabajo-FPGA.runs/impl_1/Top.bit} [get_hw_devices xc7a100t_0]
program_hw_devices [get_hw_devices xc7a100t_0]
INFO: [Labtools 27-3164] End of startup status: HIGH
refresh_hw_device [lindex [get_hw_devices xc7a100t_0] 0]
INFO: [Labtools 27-1434] Device xc7a100t (JTAG device index = 0) is programmed with a design that has no supported debug core(s) in it.
ERROR: [Labtoolstcl 44-513] HW Target shutdown. Closing target: localhost:3121/xilinx_tcf/Digilent/210292BB31C6A
WARNING: [filemgmt 56-199] Attempt to get parsing info during refresh. "On-the-fly" syntax checking information may be incorrect. [C:\Users\skstu\Documents\GitHub\Trabajo-SED-FPGA\Trabajo-FPGA\Trabajo-FPGA.srcs\sources_1\new\top1.vhd:]
WARNING: [filemgmt 56-199] Attempt to get parsing info during refresh. "On-the-fly" syntax checking information may be incorrect. [C:\Users\skstu\Documents\GitHub\Trabajo-SED-FPGA\Trabajo-FPGA\Trabajo-FPGA.srcs\sources_1\new\seven_segment_dynamic.vhd:]
WARNING: [filemgmt 56-199] Attempt to get parsing info during refresh. "On-the-fly" syntax checking information may be incorrect. [C:\Users\skstu\Documents\GitHub\Trabajo-SED-FPGA\Trabajo-FPGA\Trabajo-FPGA.srcs\sources_1\new\seven_segment_dynamic.vhd:]
WARNING: [filemgmt 56-199] Attempt to get parsing info during refresh. "On-the-fly" syntax checking information may be incorrect. [C:\Users\skstu\Documents\GitHub\Trabajo-SED-FPGA\Trabajo-FPGA\Trabajo-FPGA.srcs\sources_1\new\seven_segment_dynamic.vhd:]
ERROR: [Common 17-180] Spawn failed: No error
reset_run impl_1 -prev_step 
launch_runs impl_1 -to_step write_bitstream -jobs 12
[Thu Dec 19 17:16:51 2024] Launched impl_1...
Run output will be captured here: C:/Users/skstu/Documents/GitHub/Trabajo-SED-FPGA/Trabajo-FPGA/Trabajo-FPGA.runs/impl_1/runme.log
INFO: [Labtoolstcl 44-466] Opening hw_target localhost:3121/xilinx_tcf/Digilent/210292BB31C6A
INFO: [Labtools 27-1435] Device xc7a100t (JTAG device index = 0) is not programmed (DONE status = 0).
WARNING: [Labtoolstcl 44-129] No matching hw_ila_data was found.
set_property PROBES.FILE {} [get_hw_devices xc7a100t_0]
set_property FULL_PROBES.FILE {} [get_hw_devices xc7a100t_0]
set_property PROGRAM.FILE {C:/Users/skstu/Documents/GitHub/Trabajo-SED-FPGA/Trabajo-FPGA/Trabajo-FPGA.runs/impl_1/Top.bit} [get_hw_devices xc7a100t_0]
program_hw_devices [get_hw_devices xc7a100t_0]
INFO: [Labtools 27-3164] End of startup status: HIGH
refresh_hw_device [lindex [get_hw_devices xc7a100t_0] 0]
INFO: [Labtools 27-1434] Device xc7a100t (JTAG device index = 0) is programmed with a design that has no supported debug core(s) in it.
set_property PROBES.FILE {} [get_hw_devices xc7a100t_0]
set_property FULL_PROBES.FILE {} [get_hw_devices xc7a100t_0]
set_property PROGRAM.FILE {C:/Users/skstu/Documents/GitHub/Trabajo-SED-FPGA/Trabajo-FPGA/Trabajo-FPGA.runs/impl_1/Top.bit} [get_hw_devices xc7a100t_0]
program_hw_devices [get_hw_devices xc7a100t_0]
INFO: [Labtools 27-3164] End of startup status: HIGH
refresh_hw_device [lindex [get_hw_devices xc7a100t_0] 0]
INFO: [Labtools 27-1434] Device xc7a100t (JTAG device index = 0) is programmed with a design that has no supported debug core(s) in it.
WARNING: [filemgmt 56-199] Attempt to get parsing info during refresh. "On-the-fly" syntax checking information may be incorrect. [C:\Users\skstu\Documents\GitHub\Trabajo-SED-FPGA\Trabajo-FPGA\Trabajo-FPGA.srcs\sources_1\new\top1.vhd:]
WARNING: [filemgmt 56-199] Attempt to get parsing info during refresh. "On-the-fly" syntax checking information may be incorrect. [C:\Users\skstu\Documents\GitHub\Trabajo-SED-FPGA\Trabajo-FPGA\Trabajo-FPGA.srcs\sources_1\new\seven_segment_dynamic.vhd:]
WARNING: [filemgmt 56-199] Attempt to get parsing info during refresh. "On-the-fly" syntax checking information may be incorrect. [C:\Users\skstu\Documents\GitHub\Trabajo-SED-FPGA\Trabajo-FPGA\Trabajo-FPGA.srcs\sources_1\new\seven_segment_dynamic.vhd:]
WARNING: [filemgmt 56-199] Attempt to get parsing info during refresh. "On-the-fly" syntax checking information may be incorrect. [C:\Users\skstu\Documents\GitHub\Trabajo-SED-FPGA\Trabajo-FPGA\Trabajo-FPGA.srcs\sources_1\new\seven_segment_dynamic.vhd:]
reset_run synth_1
INFO: [Project 1-1161] Replacing file C:/Users/skstu/Documents/GitHub/Trabajo-SED-FPGA/Trabajo-FPGA/Trabajo-FPGA.srcs/utils_1/imports/synth_1/AccelerometerCtl.dcp with file C:/Users/skstu/Documents/GitHub/Trabajo-SED-FPGA/Trabajo-FPGA/Trabajo-FPGA.runs/synth_1/Top.dcp
ERROR: [Common 17-180] Spawn failed: No error
WARNING: [filemgmt 56-199] Attempt to get parsing info during refresh. "On-the-fly" syntax checking information may be incorrect. [C:\Users\skstu\Documents\GitHub\Trabajo-SED-FPGA\Trabajo-FPGA\Trabajo-FPGA.srcs\sources_1\new\top1.vhd:]
WARNING: [filemgmt 56-199] Attempt to get parsing info during refresh. "On-the-fly" syntax checking information may be incorrect. [C:\Users\skstu\Documents\GitHub\Trabajo-SED-FPGA\Trabajo-FPGA\Trabajo-FPGA.srcs\sources_1\new\seven_segment_dynamic.vhd:]
WARNING: [filemgmt 56-199] Attempt to get parsing info during refresh. "On-the-fly" syntax checking information may be incorrect. [C:\Users\skstu\Documents\GitHub\Trabajo-SED-FPGA\Trabajo-FPGA\Trabajo-FPGA.srcs\sources_1\new\seven_segment_dynamic.vhd:]
WARNING: [filemgmt 56-199] Attempt to get parsing info during refresh. "On-the-fly" syntax checking information may be incorrect. [C:\Users\skstu\Documents\GitHub\Trabajo-SED-FPGA\Trabajo-FPGA\Trabajo-FPGA.srcs\sources_1\new\seven_segment_dynamic.vhd:]
ERROR: [Common 17-180] Spawn failed: No error
launch_runs impl_1 -to_step write_bitstream -jobs 12
[Thu Dec 19 17:20:36 2024] Launched synth_1...
Run output will be captured here: C:/Users/skstu/Documents/GitHub/Trabajo-SED-FPGA/Trabajo-FPGA/Trabajo-FPGA.runs/synth_1/runme.log
[Thu Dec 19 17:20:36 2024] Launched impl_1...
Run output will be captured here: C:/Users/skstu/Documents/GitHub/Trabajo-SED-FPGA/Trabajo-FPGA/Trabajo-FPGA.runs/impl_1/runme.log
reset_run impl_1 -prev_step 
launch_runs impl_1 -to_step write_bitstream -jobs 12
[Thu Dec 19 17:23:19 2024] Launched impl_1...
Run output will be captured here: C:/Users/skstu/Documents/GitHub/Trabajo-SED-FPGA/Trabajo-FPGA/Trabajo-FPGA.runs/impl_1/runme.log
refresh_hw_device [lindex [get_hw_devices xc7a100t_0] 0]
INFO: [Labtools 27-1434] Device xc7a100t (JTAG device index = 0) is programmed with a design that has no supported debug core(s) in it.
set_property PROBES.FILE {} [get_hw_devices xc7a100t_0]
set_property FULL_PROBES.FILE {} [get_hw_devices xc7a100t_0]
set_property PROGRAM.FILE {C:/Users/skstu/Documents/GitHub/Trabajo-SED-FPGA/Trabajo-FPGA/Trabajo-FPGA.runs/impl_1/Top.bit} [get_hw_devices xc7a100t_0]
program_hw_devices [get_hw_devices xc7a100t_0]
INFO: [Labtools 27-3164] End of startup status: HIGH
refresh_hw_device [lindex [get_hw_devices xc7a100t_0] 0]
INFO: [Labtools 27-1434] Device xc7a100t (JTAG device index = 0) is programmed with a design that has no supported debug core(s) in it.
ERROR: [Labtoolstcl 44-513] HW Target shutdown. Closing target: localhost:3121/xilinx_tcf/Digilent/210292BB31C6A
ERROR: [Labtoolstcl 44-695] CS Server shut down, disconnecting from server: localhost:3121
