#-----------------------------------------------------------
# Vivado v2024.2 (64-bit)
# SW Build 5239630 on Fri Nov 08 22:35:27 MST 2024
# IP Build 5239520 on Sun Nov 10 16:12:51 MST 2024
# SharedData Build 5239561 on Fri Nov 08 14:39:27 MST 2024
# Start of session at: Fri Dec 13 16:25:17 2024
# Process ID         : 155680
# Current directory  : C:/Users/skstu/Documents/GitHub/Trabajo-SED-FPGA/Trabajo-FPGA
# Command line       : vivado.exe -gui_launcher_event rodinguilauncherevent141380 C:\Users\skstu\Documents\GitHub\Trabajo-SED-FPGA\Trabajo-FPGA\Trabajo-FPGA.xpr
# Log file           : C:/Users/skstu/Documents/GitHub/Trabajo-SED-FPGA/Trabajo-FPGA/vivado.log
# Journal file       : C:/Users/skstu/Documents/GitHub/Trabajo-SED-FPGA/Trabajo-FPGA\vivado.jou
# Running On         : Saraa
# Platform           : Windows Server 2016 or Windows 10
# Operating System   : 22631
# Processor Detail   : AMD Ryzen 7 7735HS with Radeon Graphics        
# CPU Frequency      : 3194 MHz
# CPU Physical cores : 8
# CPU Logical cores  : 16
# Host memory        : 16438 MB
# Swap memory        : 12348 MB
# Total Virtual      : 28786 MB
# Available Virtual  : 6040 MB
#-----------------------------------------------------------
start_gui
open_project C:/Users/skstu/Documents/GitHub/Trabajo-SED-FPGA/Trabajo-FPGA/Trabajo-FPGA.xpr
Scanning sources...
Finished scanning sources
INFO: [IP_Flow 19-234] Refreshing IP repositories
INFO: [IP_Flow 19-1704] No user IP repositories specified
INFO: [IP_Flow 19-2313] Loaded Vivado IP repository 'C:/Xilinx/Vivado/2024.2/data/ip'.
open_project: Time (s): cpu = 00:00:03 ; elapsed = 00:00:06 . Memory (MB): peak = 1118.629 ; gain = 65.133
update_compile_order -fileset sources_1
WARNING: [filemgmt 56-199] Attempt to get parsing info during refresh. "On-the-fly" syntax checking information may be incorrect. [C:\Users\skstu\Documents\GitHub\Trabajo-SED-FPGA\Trabajo-FPGA\Trabajo-FPGA.srcs\sources_1\imports\new\AccelerometerCtl.vhd:]
WARNING: [filemgmt 56-199] Attempt to get parsing info during refresh. "On-the-fly" syntax checking information may be incorrect. [C:\Users\skstu\Documents\GitHub\Trabajo-SED-FPGA\Trabajo-FPGA\Trabajo-FPGA.srcs\sources_1\imports\new\ADXL362Ctrl.vhd:]
WARNING: [filemgmt 56-199] Attempt to get parsing info during refresh. "On-the-fly" syntax checking information may be incorrect. [C:\Users\skstu\Documents\GitHub\Trabajo-SED-FPGA\Trabajo-FPGA\Trabajo-FPGA.srcs\sources_1\imports\new\ADXL362Ctrl.vhd:]
WARNING: [filemgmt 56-199] Attempt to get parsing info during refresh. "On-the-fly" syntax checking information may be incorrect. [C:\Users\skstu\Documents\GitHub\Trabajo-SED-FPGA\Trabajo-FPGA\Trabajo-FPGA.srcs\sources_1\imports\new\ADXL362Ctrl.vhd:]
ERROR: [Common 17-180] Spawn failed: No error
close [ open C:/Users/skstu/Documents/GitHub/Trabajo-SED-FPGA/Trabajo-FPGA/Trabajo-FPGA.srcs/sources_1/new/top1.vhd w ]
add_files C:/Users/skstu/Documents/GitHub/Trabajo-SED-FPGA/Trabajo-FPGA/Trabajo-FPGA.srcs/sources_1/new/top1.vhd
WARNING: [filemgmt 56-199] Attempt to get parsing info during refresh. "On-the-fly" syntax checking information may be incorrect. [C:\Users\skstu\Documents\GitHub\Trabajo-SED-FPGA\Trabajo-FPGA\Trabajo-FPGA.srcs\sources_1\imports\new\AccelerometerCtl.vhd:]
WARNING: [filemgmt 56-199] Attempt to get parsing info during refresh. "On-the-fly" syntax checking information may be incorrect. [C:\Users\skstu\Documents\GitHub\Trabajo-SED-FPGA\Trabajo-FPGA\Trabajo-FPGA.srcs\sources_1\imports\new\ADXL362Ctrl.vhd:]
WARNING: [filemgmt 56-199] Attempt to get parsing info during refresh. "On-the-fly" syntax checking information may be incorrect. [C:\Users\skstu\Documents\GitHub\Trabajo-SED-FPGA\Trabajo-FPGA\Trabajo-FPGA.srcs\sources_1\imports\new\ADXL362Ctrl.vhd:]
WARNING: [filemgmt 56-199] Attempt to get parsing info during refresh. "On-the-fly" syntax checking information may be incorrect. [C:\Users\skstu\Documents\GitHub\Trabajo-SED-FPGA\Trabajo-FPGA\Trabajo-FPGA.srcs\sources_1\imports\new\ADXL362Ctrl.vhd:]
ERROR: [Common 17-180] Spawn failed: No error
WARNING: [filemgmt 56-199] Attempt to get parsing info during refresh. "On-the-fly" syntax checking information may be incorrect. [C:\Users\skstu\Documents\GitHub\Trabajo-SED-FPGA\Trabajo-FPGA\Trabajo-FPGA.srcs\sources_1\imports\new\AccelerometerCtl.vhd:]
WARNING: [filemgmt 56-199] Attempt to get parsing info during refresh. "On-the-fly" syntax checking information may be incorrect. [C:\Users\skstu\Documents\GitHub\Trabajo-SED-FPGA\Trabajo-FPGA\Trabajo-FPGA.srcs\sources_1\imports\new\ADXL362Ctrl.vhd:]
WARNING: [filemgmt 56-199] Attempt to get parsing info during refresh. "On-the-fly" syntax checking information may be incorrect. [C:\Users\skstu\Documents\GitHub\Trabajo-SED-FPGA\Trabajo-FPGA\Trabajo-FPGA.srcs\sources_1\imports\new\ADXL362Ctrl.vhd:]
WARNING: [filemgmt 56-199] Attempt to get parsing info during refresh. "On-the-fly" syntax checking information may be incorrect. [C:\Users\skstu\Documents\GitHub\Trabajo-SED-FPGA\Trabajo-FPGA\Trabajo-FPGA.srcs\sources_1\imports\new\ADXL362Ctrl.vhd:]
ERROR: [Common 17-180] Spawn failed: No error
update_compile_order -fileset sources_1
WARNING: [filemgmt 56-199] Attempt to get parsing info during refresh. "On-the-fly" syntax checking information may be incorrect. [C:\Users\skstu\Documents\GitHub\Trabajo-SED-FPGA\Trabajo-FPGA\Trabajo-FPGA.srcs\sources_1\imports\new\AccelerometerCtl.vhd:]
WARNING: [filemgmt 56-199] Attempt to get parsing info during refresh. "On-the-fly" syntax checking information may be incorrect. [C:\Users\skstu\Documents\GitHub\Trabajo-SED-FPGA\Trabajo-FPGA\Trabajo-FPGA.srcs\sources_1\imports\new\ADXL362Ctrl.vhd:]
WARNING: [filemgmt 56-199] Attempt to get parsing info during refresh. "On-the-fly" syntax checking information may be incorrect. [C:\Users\skstu\Documents\GitHub\Trabajo-SED-FPGA\Trabajo-FPGA\Trabajo-FPGA.srcs\sources_1\imports\new\ADXL362Ctrl.vhd:]
WARNING: [filemgmt 56-199] Attempt to get parsing info during refresh. "On-the-fly" syntax checking information may be incorrect. [C:\Users\skstu\Documents\GitHub\Trabajo-SED-FPGA\Trabajo-FPGA\Trabajo-FPGA.srcs\sources_1\imports\new\ADXL362Ctrl.vhd:]
ERROR: [Common 17-180] Spawn failed: No error
WARNING: [filemgmt 56-199] Attempt to get parsing info during refresh. "On-the-fly" syntax checking information may be incorrect. [C:\Users\skstu\Documents\GitHub\Trabajo-SED-FPGA\Trabajo-FPGA\Trabajo-FPGA.srcs\sources_1\imports\new\AccelerometerCtl.vhd:]
WARNING: [filemgmt 56-199] Attempt to get parsing info during refresh. "On-the-fly" syntax checking information may be incorrect. [C:\Users\skstu\Documents\GitHub\Trabajo-SED-FPGA\Trabajo-FPGA\Trabajo-FPGA.srcs\sources_1\new\top1.vhd:]
WARNING: [filemgmt 56-199] Attempt to get parsing info during refresh. "On-the-fly" syntax checking information may be incorrect. [C:\Users\skstu\Documents\GitHub\Trabajo-SED-FPGA\Trabajo-FPGA\Trabajo-FPGA.srcs\sources_1\imports\new\ADXL362Ctrl.vhd:]
WARNING: [filemgmt 56-199] Attempt to get parsing info during refresh. "On-the-fly" syntax checking information may be incorrect. [C:\Users\skstu\Documents\GitHub\Trabajo-SED-FPGA\Trabajo-FPGA\Trabajo-FPGA.srcs\sources_1\imports\new\ADXL362Ctrl.vhd:]
WARNING: [filemgmt 56-199] Attempt to get parsing info during refresh. "On-the-fly" syntax checking information may be incorrect. [C:\Users\skstu\Documents\GitHub\Trabajo-SED-FPGA\Trabajo-FPGA\Trabajo-FPGA.srcs\sources_1\imports\new\ADXL362Ctrl.vhd:]
WARNING: [filemgmt 56-199] Attempt to get parsing info during refresh. "On-the-fly" syntax checking information may be incorrect. [C:\Users\skstu\Documents\GitHub\Trabajo-SED-FPGA\Trabajo-FPGA\Trabajo-FPGA.srcs\sources_1\imports\new\AccelerometerCtl.vhd:]
WARNING: [filemgmt 56-199] Attempt to get parsing info during refresh. "On-the-fly" syntax checking information may be incorrect. [C:\Users\skstu\Documents\GitHub\Trabajo-SED-FPGA\Trabajo-FPGA\Trabajo-FPGA.srcs\sources_1\new\top1.vhd:]
WARNING: [filemgmt 56-199] Attempt to get parsing info during refresh. "On-the-fly" syntax checking information may be incorrect. [C:\Users\skstu\Documents\GitHub\Trabajo-SED-FPGA\Trabajo-FPGA\Trabajo-FPGA.srcs\sources_1\imports\new\ADXL362Ctrl.vhd:]
WARNING: [filemgmt 56-199] Attempt to get parsing info during refresh. "On-the-fly" syntax checking information may be incorrect. [C:\Users\skstu\Documents\GitHub\Trabajo-SED-FPGA\Trabajo-FPGA\Trabajo-FPGA.srcs\sources_1\imports\new\AccelerometerCtl.vhd:]
WARNING: [filemgmt 56-199] Attempt to get parsing info during refresh. "On-the-fly" syntax checking information may be incorrect. [C:\Users\skstu\Documents\GitHub\Trabajo-SED-FPGA\Trabajo-FPGA\Trabajo-FPGA.srcs\sources_1\imports\new\AccelerometerCtl.vhd:]
set_property top Top1 [current_fileset]
WARNING: [filemgmt 56-199] Attempt to get parsing info during refresh. "On-the-fly" syntax checking information may be incorrect. [C:\Users\skstu\Documents\GitHub\Trabajo-SED-FPGA\Trabajo-FPGA\Trabajo-FPGA.srcs\sources_1\imports\new\AccelerometerCtl.vhd:]
WARNING: [filemgmt 56-199] Attempt to get parsing info during refresh. "On-the-fly" syntax checking information may be incorrect. [C:\Users\skstu\Documents\GitHub\Trabajo-SED-FPGA\Trabajo-FPGA\Trabajo-FPGA.srcs\sources_1\new\top1.vhd:]
WARNING: [filemgmt 56-199] Attempt to get parsing info during refresh. "On-the-fly" syntax checking information may be incorrect. [C:\Users\skstu\Documents\GitHub\Trabajo-SED-FPGA\Trabajo-FPGA\Trabajo-FPGA.srcs\sources_1\imports\new\ADXL362Ctrl.vhd:]
WARNING: [filemgmt 56-199] Attempt to get parsing info during refresh. "On-the-fly" syntax checking information may be incorrect. [C:\Users\skstu\Documents\GitHub\Trabajo-SED-FPGA\Trabajo-FPGA\Trabajo-FPGA.srcs\sources_1\imports\new\ADXL362Ctrl.vhd:]
WARNING: [filemgmt 56-199] Attempt to get parsing info during refresh. "On-the-fly" syntax checking information may be incorrect. [C:\Users\skstu\Documents\GitHub\Trabajo-SED-FPGA\Trabajo-FPGA\Trabajo-FPGA.srcs\sources_1\imports\new\ADXL362Ctrl.vhd:]
update_compile_order -fileset sources_1
WARNING: [filemgmt 56-199] Attempt to get parsing info during refresh. "On-the-fly" syntax checking information may be incorrect. [C:\Users\skstu\Documents\GitHub\Trabajo-SED-FPGA\Trabajo-FPGA\Trabajo-FPGA.srcs\sources_1\imports\new\AccelerometerCtl.vhd:]
WARNING: [filemgmt 56-199] Attempt to get parsing info during refresh. "On-the-fly" syntax checking information may be incorrect. [C:\Users\skstu\Documents\GitHub\Trabajo-SED-FPGA\Trabajo-FPGA\Trabajo-FPGA.srcs\sources_1\new\top1.vhd:]
WARNING: [filemgmt 56-199] Attempt to get parsing info during refresh. "On-the-fly" syntax checking information may be incorrect. [C:\Users\skstu\Documents\GitHub\Trabajo-SED-FPGA\Trabajo-FPGA\Trabajo-FPGA.srcs\sources_1\imports\new\ADXL362Ctrl.vhd:]
WARNING: [filemgmt 56-199] Attempt to get parsing info during refresh. "On-the-fly" syntax checking information may be incorrect. [C:\Users\skstu\Documents\GitHub\Trabajo-SED-FPGA\Trabajo-FPGA\Trabajo-FPGA.srcs\sources_1\new\top1.vhd:]
WARNING: [filemgmt 56-199] Attempt to get parsing info during refresh. "On-the-fly" syntax checking information may be incorrect. [C:\Users\skstu\Documents\GitHub\Trabajo-SED-FPGA\Trabajo-FPGA\Trabajo-FPGA.srcs\sources_1\new\top1.vhd:]
WARNING: [filemgmt 56-199] Attempt to get parsing info during refresh. "On-the-fly" syntax checking information may be incorrect. [C:\Users\skstu\Documents\GitHub\Trabajo-SED-FPGA\Trabajo-FPGA\Trabajo-FPGA.srcs\sources_1\imports\new\AccelerometerCtl.vhd:]
WARNING: [filemgmt 56-199] Attempt to get parsing info during refresh. "On-the-fly" syntax checking information may be incorrect. [C:\Users\skstu\Documents\GitHub\Trabajo-SED-FPGA\Trabajo-FPGA\Trabajo-FPGA.srcs\sources_1\new\top1.vhd:]
WARNING: [filemgmt 56-199] Attempt to get parsing info during refresh. "On-the-fly" syntax checking information may be incorrect. [C:\Users\skstu\Documents\GitHub\Trabajo-SED-FPGA\Trabajo-FPGA\Trabajo-FPGA.srcs\sources_1\imports\new\ADXL362Ctrl.vhd:]
WARNING: [filemgmt 56-199] Attempt to get parsing info during refresh. "On-the-fly" syntax checking information may be incorrect. [C:\Users\skstu\Documents\GitHub\Trabajo-SED-FPGA\Trabajo-FPGA\Trabajo-FPGA.srcs\sources_1\imports\new\ADXL362Ctrl.vhd:]
WARNING: [filemgmt 56-199] Attempt to get parsing info during refresh. "On-the-fly" syntax checking information may be incorrect. [C:\Users\skstu\Documents\GitHub\Trabajo-SED-FPGA\Trabajo-FPGA\Trabajo-FPGA.srcs\sources_1\imports\new\ADXL362Ctrl.vhd:]
synth_design -top Top1 -part xc7a100tcsg324-1 -lint 
Command: synth_design -top Top1 -part xc7a100tcsg324-1 -lint
Starting synth_design
Attempting to get a license for feature 'Synthesis' and/or device 'xc7a100t'
INFO: [Common 17-349] Got license for feature 'Synthesis' and/or device 'xc7a100t'
INFO: [Synth 8-7079] Multithreading enabled for synth_design using a maximum of 2 processes.
INFO: [Synth 8-7078] Launching helper process for spawning children vivado processes
INFO: [Synth 8-7075] Helper process launched with PID 151540
---------------------------------------------------------------------------------
Starting Synthesize : Time (s): cpu = 00:00:08 ; elapsed = 00:00:08 . Memory (MB): peak = 1602.848 ; gain = 255.301
---------------------------------------------------------------------------------
Clean up Linter database...
INFO: [Synth 8-638] synthesizing module 'Top1' [C:/Users/skstu/Documents/GitHub/Trabajo-SED-FPGA/Trabajo-FPGA/Trabajo-FPGA.srcs/sources_1/new/top1.vhd:16]
	Parameter SYSCLK_FREQUENCY_HZ bound to: 108000000 - type: integer 
	Parameter SCLK_FREQUENCY_HZ bound to: 1000000 - type: integer 
	Parameter NUM_READS_AVG bound to: 16 - type: integer 
	Parameter UPDATE_FREQUENCY_HZ bound to: 100 - type: integer 
INFO: [Synth 8-3491] module 'AccelerometerCtl' declared at 'C:/Users/skstu/Documents/GitHub/Trabajo-SED-FPGA/Trabajo-FPGA/Trabajo-FPGA.srcs/sources_1/imports/new/AccelerometerCtl.vhd:19' bound to instance 'Accelerometer' of component 'AccelerometerCtl' [C:/Users/skstu/Documents/GitHub/Trabajo-SED-FPGA/Trabajo-FPGA/Trabajo-FPGA.srcs/sources_1/new/top1.vhd:48]
INFO: [Synth 8-638] synthesizing module 'AccelerometerCtl' [C:/Users/skstu/Documents/GitHub/Trabajo-SED-FPGA/Trabajo-FPGA/Trabajo-FPGA.srcs/sources_1/imports/new/AccelerometerCtl.vhd:46]
	Parameter SYSCLK_FREQUENCY_HZ bound to: 108000000 - type: integer 
	Parameter SCLK_FREQUENCY_HZ bound to: 1000000 - type: integer 
	Parameter NUM_READS_AVG bound to: 16 - type: integer 
	Parameter UPDATE_FREQUENCY_HZ bound to: 100 - type: integer 
	Parameter SYSCLK_FREQUENCY_HZ bound to: 108000000 - type: integer 
	Parameter SCLK_FREQUENCY_HZ bound to: 1000000 - type: integer 
	Parameter NUM_READS_AVG bound to: 16 - type: integer 
	Parameter UPDATE_FREQUENCY_HZ bound to: 100 - type: integer 
INFO: [Synth 8-3491] module 'ADXL362Ctrl' declared at 'C:/Users/skstu/Documents/GitHub/Trabajo-SED-FPGA/Trabajo-FPGA/Trabajo-FPGA.srcs/sources_1/imports/new/ADXL362Ctrl.vhd:89' bound to instance 'ADXL_Control' of component 'ADXL362Ctrl' [C:/Users/skstu/Documents/GitHub/Trabajo-SED-FPGA/Trabajo-FPGA/Trabajo-FPGA.srcs/sources_1/imports/new/AccelerometerCtl.vhd:108]
INFO: [Synth 8-638] synthesizing module 'ADXL362Ctrl' [C:/Users/skstu/Documents/GitHub/Trabajo-SED-FPGA/Trabajo-FPGA/Trabajo-FPGA.srcs/sources_1/imports/new/ADXL362Ctrl.vhd:117]
	Parameter SYSCLK_FREQUENCY_HZ bound to: 108000000 - type: integer 
	Parameter SCLK_FREQUENCY_HZ bound to: 1000000 - type: integer 
	Parameter NUM_READS_AVG bound to: 16 - type: integer 
	Parameter UPDATE_FREQUENCY_HZ bound to: 100 - type: integer 
	Parameter SYSCLK_FREQUENCY_HZ bound to: 108000000 - type: integer 
	Parameter SCLK_FREQUENCY_HZ bound to: 1000000 - type: integer 
INFO: [Synth 8-3491] module 'SPI_If' declared at 'C:/Users/skstu/Documents/GitHub/Trabajo-SED-FPGA/Trabajo-FPGA/Trabajo-FPGA.srcs/sources_1/imports/new/SPI_If.vhd:42' bound to instance 'SPI_Interface' of component 'SPI_If' [C:/Users/skstu/Documents/GitHub/Trabajo-SED-FPGA/Trabajo-FPGA/Trabajo-FPGA.srcs/sources_1/imports/new/ADXL362Ctrl.vhd:373]
INFO: [Synth 8-638] synthesizing module 'SPI_If' [C:/Users/skstu/Documents/GitHub/Trabajo-SED-FPGA/Trabajo-FPGA/Trabajo-FPGA.srcs/sources_1/imports/new/SPI_If.vhd:66]
	Parameter SYSCLK_FREQUENCY_HZ bound to: 108000000 - type: integer 
	Parameter SCLK_FREQUENCY_HZ bound to: 1000000 - type: integer 
INFO: [Synth 8-256] done synthesizing module 'SPI_If' (1#1) [C:/Users/skstu/Documents/GitHub/Trabajo-SED-FPGA/Trabajo-FPGA/Trabajo-FPGA.srcs/sources_1/imports/new/SPI_If.vhd:66]
INFO: [Synth 8-256] done synthesizing module 'ADXL362Ctrl' (2#1) [C:/Users/skstu/Documents/GitHub/Trabajo-SED-FPGA/Trabajo-FPGA/Trabajo-FPGA.srcs/sources_1/imports/new/ADXL362Ctrl.vhd:117]
INFO: [Synth 8-256] done synthesizing module 'AccelerometerCtl' (3#1) [C:/Users/skstu/Documents/GitHub/Trabajo-SED-FPGA/Trabajo-FPGA/Trabajo-FPGA.srcs/sources_1/imports/new/AccelerometerCtl.vhd:46]
INFO: [Synth 8-256] done synthesizing module 'Top1' (4#1) [C:/Users/skstu/Documents/GitHub/Trabajo-SED-FPGA/Trabajo-FPGA/Trabajo-FPGA.srcs/sources_1/new/top1.vhd:16]
---------------------------------------------------------------------------------
Finished Synthesize : Time (s): cpu = 00:00:10 ; elapsed = 00:00:11 . Memory (MB): peak = 1710.363 ; gain = 362.816
---------------------------------------------------------------------------------
Copyright 1986-2022 Xilinx, Inc. All Rights Reserved. Copyright 2022-2024 Advanced Micro Devices, Inc. All Rights Reserved.
---------------------------------------------------------------------------------------------------------------------------------------------
| Tool Version : Vivado v.2024.2 (win64) Build 5239630 Fri Nov 08 22:35:27 MST 2024
| Date         : Fri Dec 13 16:34:51 2024
| Host         : Saraa running 64-bit major release  (build 9200)
---------------------------------------------------------------------------------------------------------------------------------------------

RTL Linter Report

Table of Contents
-----------------
1. Summary

1. Summary
----------

+----------+----------+--------------+----------+
| Rule ID  | Severity | # Violations | # Waived |
+----------+----------+--------------+----------+
| ASSIGN-6 | WARNING  | 1            | 0        |
+----------+----------+--------------+----------+


WARNING: [Synth 37-93] [ASSIGN-6]Signal 'Data_Ready' was assigned but not read. 
RTL Name 'Data_Ready', Hierarchy 'AccelerometerCtl', File 'C:/Users/skstu/Documents/GitHub/Trabajo-SED-FPGA/Trabajo-FPGA/Trabajo-FPGA.srcs/sources_1/imports/new/AccelerometerCtl.vhd', Line 79.
INFO: [Synth 37-85] Total of 1 linter message(s) generated.
INFO: [Synth 37-45] Linter Run Finished!
Synthesis Optimization Runtime : Time (s): cpu = 00:00:10 ; elapsed = 00:00:11 . Memory (MB): peak = 1710.363 ; gain = 362.816
INFO: [Common 17-83] Releasing license: Synthesis
18 Infos, 1 Warnings, 0 Critical Warnings and 0 Errors encountered.
synth_design completed successfully
synth_design: Time (s): cpu = 00:00:10 ; elapsed = 00:00:13 . Memory (MB): peak = 1710.363 ; gain = 362.816
reset_run synth_1
INFO: [Project 1-1161] Replacing file C:/Users/skstu/Documents/GitHub/Trabajo-SED-FPGA/Trabajo-FPGA/Trabajo-FPGA.srcs/utils_1/imports/synth_1/AccelerometerCtl.dcp with file C:/Users/skstu/Documents/GitHub/Trabajo-SED-FPGA/Trabajo-FPGA/Trabajo-FPGA.runs/synth_1/top.dcp
launch_runs synth_1 -jobs 8
WARNING: [filemgmt 56-199] Attempt to get parsing info during refresh. "On-the-fly" syntax checking information may be incorrect. [C:\Users\skstu\Documents\GitHub\Trabajo-SED-FPGA\Trabajo-FPGA\Trabajo-FPGA.srcs\sources_1\imports\new\AccelerometerCtl.vhd:]
WARNING: [filemgmt 56-199] Attempt to get parsing info during refresh. "On-the-fly" syntax checking information may be incorrect. [C:\Users\skstu\Documents\GitHub\Trabajo-SED-FPGA\Trabajo-FPGA\Trabajo-FPGA.srcs\sources_1\new\AngleCalculator.vhd:]
WARNING: [filemgmt 56-199] Attempt to get parsing info during refresh. "On-the-fly" syntax checking information may be incorrect. [C:\Users\skstu\Documents\GitHub\Trabajo-SED-FPGA\Trabajo-FPGA\Trabajo-FPGA.srcs\sources_1\new\top1.vhd:]
WARNING: [filemgmt 56-199] Attempt to get parsing info during refresh. "On-the-fly" syntax checking information may be incorrect. [C:\Users\skstu\Documents\GitHub\Trabajo-SED-FPGA\Trabajo-FPGA\Trabajo-FPGA.srcs\sources_1\imports\new\SPI_If.vhd:]
WARNING: [filemgmt 56-199] Attempt to get parsing info during refresh. "On-the-fly" syntax checking information may be incorrect. [C:\Users\skstu\Documents\GitHub\Trabajo-SED-FPGA\Trabajo-FPGA\Trabajo-FPGA.srcs\sources_1\imports\new\ADXL362Ctrl.vhd:]
WARNING: [filemgmt 56-199] Attempt to get parsing info during refresh. "On-the-fly" syntax checking information may be incorrect. [C:\Users\skstu\Documents\GitHub\Trabajo-SED-FPGA\Trabajo-FPGA\Trabajo-FPGA.srcs\sources_1\imports\new\SPI_If.vhd:]
WARNING: [filemgmt 56-199] Attempt to get parsing info during refresh. "On-the-fly" syntax checking information may be incorrect. [C:\Users\skstu\Documents\GitHub\Trabajo-SED-FPGA\Trabajo-FPGA\Trabajo-FPGA.srcs\sources_1\imports\new\SPI_If.vhd:]
WARNING: [filemgmt 56-199] Attempt to get parsing info during refresh. "On-the-fly" syntax checking information may be incorrect. [C:\Users\skstu\Documents\GitHub\Trabajo-SED-FPGA\Trabajo-FPGA\Trabajo-FPGA.srcs\sources_1\imports\new\AccelerometerCtl.vhd:]
WARNING: [filemgmt 56-199] Attempt to get parsing info during refresh. "On-the-fly" syntax checking information may be incorrect. [C:\Users\skstu\Documents\GitHub\Trabajo-SED-FPGA\Trabajo-FPGA\Trabajo-FPGA.srcs\sources_1\new\AngleCalculator.vhd:]
WARNING: [filemgmt 56-199] Attempt to get parsing info during refresh. "On-the-fly" syntax checking information may be incorrect. [C:\Users\skstu\Documents\GitHub\Trabajo-SED-FPGA\Trabajo-FPGA\Trabajo-FPGA.srcs\sources_1\new\top1.vhd:]
WARNING: [filemgmt 56-199] Attempt to get parsing info during refresh. "On-the-fly" syntax checking information may be incorrect. [C:\Users\skstu\Documents\GitHub\Trabajo-SED-FPGA\Trabajo-FPGA\Trabajo-FPGA.srcs\sources_1\imports\new\SPI_If.vhd:]
WARNING: [filemgmt 56-199] Attempt to get parsing info during refresh. "On-the-fly" syntax checking information may be incorrect. [C:\Users\skstu\Documents\GitHub\Trabajo-SED-FPGA\Trabajo-FPGA\Trabajo-FPGA.srcs\sources_1\imports\new\ADXL362Ctrl.vhd:]
WARNING: [filemgmt 56-199] Attempt to get parsing info during refresh. "On-the-fly" syntax checking information may be incorrect. [C:\Users\skstu\Documents\GitHub\Trabajo-SED-FPGA\Trabajo-FPGA\Trabajo-FPGA.srcs\sources_1\new\top1.vhd:]
WARNING: [filemgmt 56-199] Attempt to get parsing info during refresh. "On-the-fly" syntax checking information may be incorrect. [C:\Users\skstu\Documents\GitHub\Trabajo-SED-FPGA\Trabajo-FPGA\Trabajo-FPGA.srcs\sources_1\new\top1.vhd:]
[Fri Dec 13 16:38:15 2024] Launched synth_1...
Run output will be captured here: C:/Users/skstu/Documents/GitHub/Trabajo-SED-FPGA/Trabajo-FPGA/Trabajo-FPGA.runs/synth_1/runme.log
WARNING: [filemgmt 56-199] Attempt to get parsing info during refresh. "On-the-fly" syntax checking information may be incorrect. [C:\Users\skstu\Documents\GitHub\Trabajo-SED-FPGA\Trabajo-FPGA\Trabajo-FPGA.srcs\sources_1\imports\new\AccelerometerCtl.vhd:]
WARNING: [filemgmt 56-199] Attempt to get parsing info during refresh. "On-the-fly" syntax checking information may be incorrect. [C:\Users\skstu\Documents\GitHub\Trabajo-SED-FPGA\Trabajo-FPGA\Trabajo-FPGA.srcs\sources_1\new\AngleCalculator.vhd:]
WARNING: [filemgmt 56-199] Attempt to get parsing info during refresh. "On-the-fly" syntax checking information may be incorrect. [C:\Users\skstu\Documents\GitHub\Trabajo-SED-FPGA\Trabajo-FPGA\Trabajo-FPGA.srcs\sources_1\new\top1.vhd:]
WARNING: [filemgmt 56-199] Attempt to get parsing info during refresh. "On-the-fly" syntax checking information may be incorrect. [C:\Users\skstu\Documents\GitHub\Trabajo-SED-FPGA\Trabajo-FPGA\Trabajo-FPGA.srcs\sources_1\imports\new\SPI_If.vhd:]
WARNING: [filemgmt 56-199] Attempt to get parsing info during refresh. "On-the-fly" syntax checking information may be incorrect. [C:\Users\skstu\Documents\GitHub\Trabajo-SED-FPGA\Trabajo-FPGA\Trabajo-FPGA.srcs\sources_1\imports\new\ADXL362Ctrl.vhd:]
WARNING: [filemgmt 56-199] Attempt to get parsing info during refresh. "On-the-fly" syntax checking information may be incorrect. [C:\Users\skstu\Documents\GitHub\Trabajo-SED-FPGA\Trabajo-FPGA\Trabajo-FPGA.srcs\sources_1\imports\new\AccelerometerCtl.vhd:]
WARNING: [filemgmt 56-199] Attempt to get parsing info during refresh. "On-the-fly" syntax checking information may be incorrect. [C:\Users\skstu\Documents\GitHub\Trabajo-SED-FPGA\Trabajo-FPGA\Trabajo-FPGA.srcs\sources_1\imports\new\AccelerometerCtl.vhd:]
WARNING: [filemgmt 56-199] Attempt to get parsing info during refresh. "On-the-fly" syntax checking information may be incorrect. [C:\Users\skstu\Documents\GitHub\Trabajo-SED-FPGA\Trabajo-FPGA\Trabajo-FPGA.srcs\sources_1\imports\new\AccelerometerCtl.vhd:]
WARNING: [filemgmt 56-199] Attempt to get parsing info during refresh. "On-the-fly" syntax checking information may be incorrect. [C:\Users\skstu\Documents\GitHub\Trabajo-SED-FPGA\Trabajo-FPGA\Trabajo-FPGA.srcs\sources_1\new\AngleCalculator.vhd:]
WARNING: [filemgmt 56-199] Attempt to get parsing info during refresh. "On-the-fly" syntax checking information may be incorrect. [C:\Users\skstu\Documents\GitHub\Trabajo-SED-FPGA\Trabajo-FPGA\Trabajo-FPGA.srcs\sources_1\new\top1.vhd:]
WARNING: [filemgmt 56-199] Attempt to get parsing info during refresh. "On-the-fly" syntax checking information may be incorrect. [C:\Users\skstu\Documents\GitHub\Trabajo-SED-FPGA\Trabajo-FPGA\Trabajo-FPGA.srcs\sources_1\imports\new\SPI_If.vhd:]
WARNING: [filemgmt 56-199] Attempt to get parsing info during refresh. "On-the-fly" syntax checking information may be incorrect. [C:\Users\skstu\Documents\GitHub\Trabajo-SED-FPGA\Trabajo-FPGA\Trabajo-FPGA.srcs\sources_1\imports\new\ADXL362Ctrl.vhd:]
WARNING: [filemgmt 56-199] Attempt to get parsing info during refresh. "On-the-fly" syntax checking information may be incorrect. [C:\Users\skstu\Documents\GitHub\Trabajo-SED-FPGA\Trabajo-FPGA\Trabajo-FPGA.srcs\sources_1\imports\new\ADXL362Ctrl.vhd:]
WARNING: [filemgmt 56-199] Attempt to get parsing info during refresh. "On-the-fly" syntax checking information may be incorrect. [C:\Users\skstu\Documents\GitHub\Trabajo-SED-FPGA\Trabajo-FPGA\Trabajo-FPGA.srcs\sources_1\imports\new\ADXL362Ctrl.vhd:]
synth_design -top Top1 -part xc7a100tcsg324-1 -lint 
Command: synth_design -top Top1 -part xc7a100tcsg324-1 -lint
Starting synth_design
Attempting to get a license for feature 'Synthesis' and/or device 'xc7a100t'
INFO: [Common 17-349] Got license for feature 'Synthesis' and/or device 'xc7a100t'
INFO: [Synth 8-7079] Multithreading enabled for synth_design using a maximum of 2 processes.
---------------------------------------------------------------------------------
Starting Synthesize : Time (s): cpu = 00:00:09 ; elapsed = 00:00:09 . Memory (MB): peak = 1712.824 ; gain = 2.461
---------------------------------------------------------------------------------
Clean up Linter database...
INFO: [Synth 8-638] synthesizing module 'Top1' [C:/Users/skstu/Documents/GitHub/Trabajo-SED-FPGA/Trabajo-FPGA/Trabajo-FPGA.srcs/sources_1/new/top1.vhd:16]
	Parameter SYSCLK_FREQUENCY_HZ bound to: 108000000 - type: integer 
	Parameter SCLK_FREQUENCY_HZ bound to: 1000000 - type: integer 
	Parameter NUM_READS_AVG bound to: 16 - type: integer 
	Parameter UPDATE_FREQUENCY_HZ bound to: 100 - type: integer 
INFO: [Synth 8-3491] module 'AccelerometerCtl' declared at 'C:/Users/skstu/Documents/GitHub/Trabajo-SED-FPGA/Trabajo-FPGA/Trabajo-FPGA.srcs/sources_1/imports/new/AccelerometerCtl.vhd:19' bound to instance 'Accelerometer' of component 'AccelerometerCtl' [C:/Users/skstu/Documents/GitHub/Trabajo-SED-FPGA/Trabajo-FPGA/Trabajo-FPGA.srcs/sources_1/new/top1.vhd:48]
INFO: [Synth 8-638] synthesizing module 'AccelerometerCtl' [C:/Users/skstu/Documents/GitHub/Trabajo-SED-FPGA/Trabajo-FPGA/Trabajo-FPGA.srcs/sources_1/imports/new/AccelerometerCtl.vhd:46]
	Parameter SYSCLK_FREQUENCY_HZ bound to: 108000000 - type: integer 
	Parameter SCLK_FREQUENCY_HZ bound to: 1000000 - type: integer 
	Parameter NUM_READS_AVG bound to: 16 - type: integer 
	Parameter UPDATE_FREQUENCY_HZ bound to: 100 - type: integer 
	Parameter SYSCLK_FREQUENCY_HZ bound to: 108000000 - type: integer 
	Parameter SCLK_FREQUENCY_HZ bound to: 1000000 - type: integer 
	Parameter NUM_READS_AVG bound to: 16 - type: integer 
	Parameter UPDATE_FREQUENCY_HZ bound to: 100 - type: integer 
INFO: [Synth 8-3491] module 'ADXL362Ctrl' declared at 'C:/Users/skstu/Documents/GitHub/Trabajo-SED-FPGA/Trabajo-FPGA/Trabajo-FPGA.srcs/sources_1/imports/new/ADXL362Ctrl.vhd:89' bound to instance 'ADXL_Control' of component 'ADXL362Ctrl' [C:/Users/skstu/Documents/GitHub/Trabajo-SED-FPGA/Trabajo-FPGA/Trabajo-FPGA.srcs/sources_1/imports/new/AccelerometerCtl.vhd:108]
INFO: [Synth 8-638] synthesizing module 'ADXL362Ctrl' [C:/Users/skstu/Documents/GitHub/Trabajo-SED-FPGA/Trabajo-FPGA/Trabajo-FPGA.srcs/sources_1/imports/new/ADXL362Ctrl.vhd:117]
	Parameter SYSCLK_FREQUENCY_HZ bound to: 108000000 - type: integer 
	Parameter SCLK_FREQUENCY_HZ bound to: 1000000 - type: integer 
	Parameter NUM_READS_AVG bound to: 16 - type: integer 
	Parameter UPDATE_FREQUENCY_HZ bound to: 100 - type: integer 
	Parameter SYSCLK_FREQUENCY_HZ bound to: 108000000 - type: integer 
	Parameter SCLK_FREQUENCY_HZ bound to: 1000000 - type: integer 
INFO: [Synth 8-3491] module 'SPI_If' declared at 'C:/Users/skstu/Documents/GitHub/Trabajo-SED-FPGA/Trabajo-FPGA/Trabajo-FPGA.srcs/sources_1/imports/new/SPI_If.vhd:42' bound to instance 'SPI_Interface' of component 'SPI_If' [C:/Users/skstu/Documents/GitHub/Trabajo-SED-FPGA/Trabajo-FPGA/Trabajo-FPGA.srcs/sources_1/imports/new/ADXL362Ctrl.vhd:373]
INFO: [Synth 8-638] synthesizing module 'SPI_If' [C:/Users/skstu/Documents/GitHub/Trabajo-SED-FPGA/Trabajo-FPGA/Trabajo-FPGA.srcs/sources_1/imports/new/SPI_If.vhd:66]
	Parameter SYSCLK_FREQUENCY_HZ bound to: 108000000 - type: integer 
	Parameter SCLK_FREQUENCY_HZ bound to: 1000000 - type: integer 
INFO: [Synth 8-256] done synthesizing module 'SPI_If' (1#1) [C:/Users/skstu/Documents/GitHub/Trabajo-SED-FPGA/Trabajo-FPGA/Trabajo-FPGA.srcs/sources_1/imports/new/SPI_If.vhd:66]
INFO: [Synth 8-256] done synthesizing module 'ADXL362Ctrl' (2#1) [C:/Users/skstu/Documents/GitHub/Trabajo-SED-FPGA/Trabajo-FPGA/Trabajo-FPGA.srcs/sources_1/imports/new/ADXL362Ctrl.vhd:117]
INFO: [Synth 8-256] done synthesizing module 'AccelerometerCtl' (3#1) [C:/Users/skstu/Documents/GitHub/Trabajo-SED-FPGA/Trabajo-FPGA/Trabajo-FPGA.srcs/sources_1/imports/new/AccelerometerCtl.vhd:46]
INFO: [Synth 8-256] done synthesizing module 'Top1' (4#1) [C:/Users/skstu/Documents/GitHub/Trabajo-SED-FPGA/Trabajo-FPGA/Trabajo-FPGA.srcs/sources_1/new/top1.vhd:16]
---------------------------------------------------------------------------------
Finished Synthesize : Time (s): cpu = 00:00:11 ; elapsed = 00:00:12 . Memory (MB): peak = 1728.078 ; gain = 17.715
---------------------------------------------------------------------------------
Copyright 1986-2022 Xilinx, Inc. All Rights Reserved. Copyright 2022-2024 Advanced Micro Devices, Inc. All Rights Reserved.
---------------------------------------------------------------------------------------------------------------------------------------------
| Tool Version : Vivado v.2024.2 (win64) Build 5239630 Fri Nov 08 22:35:27 MST 2024
| Date         : Fri Dec 13 16:38:34 2024
| Host         : Saraa running 64-bit major release  (build 9200)
---------------------------------------------------------------------------------------------------------------------------------------------

RTL Linter Report

Table of Contents
-----------------
1. Summary

1. Summary
----------

+----------+----------+--------------+----------+
| Rule ID  | Severity | # Violations | # Waived |
+----------+----------+--------------+----------+
| ASSIGN-6 | WARNING  | 1            | 0        |
+----------+----------+--------------+----------+


WARNING: [Synth 37-93] [ASSIGN-6]Signal 'Data_Ready' was assigned but not read. 
RTL Name 'Data_Ready', Hierarchy 'AccelerometerCtl', File 'C:/Users/skstu/Documents/GitHub/Trabajo-SED-FPGA/Trabajo-FPGA/Trabajo-FPGA.srcs/sources_1/imports/new/AccelerometerCtl.vhd', Line 79.
INFO: [Synth 37-85] Total of 1 linter message(s) generated.
INFO: [Synth 37-45] Linter Run Finished!
Synthesis Optimization Runtime : Time (s): cpu = 00:00:11 ; elapsed = 00:00:12 . Memory (MB): peak = 1751.953 ; gain = 41.590
INFO: [Common 17-83] Releasing license: Synthesis
16 Infos, 1 Warnings, 0 Critical Warnings and 0 Errors encountered.
synth_design completed successfully
synth_design: Time (s): cpu = 00:00:11 ; elapsed = 00:00:12 . Memory (MB): peak = 1751.953 ; gain = 41.590
launch_runs impl_1 -jobs 8
[Fri Dec 13 16:39:27 2024] Launched impl_1...
Run output will be captured here: C:/Users/skstu/Documents/GitHub/Trabajo-SED-FPGA/Trabajo-FPGA/Trabajo-FPGA.runs/impl_1/runme.log
reset_run impl_1
WARNING: [filemgmt 56-199] Attempt to get parsing info during refresh. "On-the-fly" syntax checking information may be incorrect. [C:\Users\skstu\Documents\GitHub\Trabajo-SED-FPGA\Trabajo-FPGA\Trabajo-FPGA.srcs\sources_1\imports\new\AccelerometerCtl.vhd:]
WARNING: [filemgmt 56-199] Attempt to get parsing info during refresh. "On-the-fly" syntax checking information may be incorrect. [C:\Users\skstu\Documents\GitHub\Trabajo-SED-FPGA\Trabajo-FPGA\Trabajo-FPGA.srcs\sources_1\new\AngleCalculator.vhd:]
WARNING: [filemgmt 56-199] Attempt to get parsing info during refresh. "On-the-fly" syntax checking information may be incorrect. [C:\Users\skstu\Documents\GitHub\Trabajo-SED-FPGA\Trabajo-FPGA\Trabajo-FPGA.srcs\sources_1\new\top1.vhd:]
WARNING: [filemgmt 56-199] Attempt to get parsing info during refresh. "On-the-fly" syntax checking information may be incorrect. [C:\Users\skstu\Documents\GitHub\Trabajo-SED-FPGA\Trabajo-FPGA\Trabajo-FPGA.srcs\sources_1\imports\new\SPI_If.vhd:]
WARNING: [filemgmt 56-199] Attempt to get parsing info during refresh. "On-the-fly" syntax checking information may be incorrect. [C:\Users\skstu\Documents\GitHub\Trabajo-SED-FPGA\Trabajo-FPGA\Trabajo-FPGA.srcs\sources_1\imports\new\ADXL362Ctrl.vhd:]
WARNING: [filemgmt 56-199] Attempt to get parsing info during refresh. "On-the-fly" syntax checking information may be incorrect. [C:\Users\skstu\Documents\GitHub\Trabajo-SED-FPGA\Trabajo-FPGA\Trabajo-FPGA.srcs\sources_1\imports\new\ADXL362Ctrl.vhd:]
WARNING: [filemgmt 56-199] Attempt to get parsing info during refresh. "On-the-fly" syntax checking information may be incorrect. [C:\Users\skstu\Documents\GitHub\Trabajo-SED-FPGA\Trabajo-FPGA\Trabajo-FPGA.srcs\sources_1\imports\new\ADXL362Ctrl.vhd:]
WARNING: [filemgmt 56-199] Attempt to get parsing info during refresh. "On-the-fly" syntax checking information may be incorrect. [C:\Users\skstu\Documents\GitHub\Trabajo-SED-FPGA\Trabajo-FPGA\Trabajo-FPGA.srcs\sources_1\imports\new\AccelerometerCtl.vhd:]
WARNING: [filemgmt 56-199] Attempt to get parsing info during refresh. "On-the-fly" syntax checking information may be incorrect. [C:\Users\skstu\Documents\GitHub\Trabajo-SED-FPGA\Trabajo-FPGA\Trabajo-FPGA.srcs\sources_1\new\AngleCalculator.vhd:]
WARNING: [filemgmt 56-199] Attempt to get parsing info during refresh. "On-the-fly" syntax checking information may be incorrect. [C:\Users\skstu\Documents\GitHub\Trabajo-SED-FPGA\Trabajo-FPGA\Trabajo-FPGA.srcs\sources_1\new\top1.vhd:]
WARNING: [filemgmt 56-199] Attempt to get parsing info during refresh. "On-the-fly" syntax checking information may be incorrect. [C:\Users\skstu\Documents\GitHub\Trabajo-SED-FPGA\Trabajo-FPGA\Trabajo-FPGA.srcs\sources_1\imports\new\SPI_If.vhd:]
WARNING: [filemgmt 56-199] Attempt to get parsing info during refresh. "On-the-fly" syntax checking information may be incorrect. [C:\Users\skstu\Documents\GitHub\Trabajo-SED-FPGA\Trabajo-FPGA\Trabajo-FPGA.srcs\sources_1\imports\new\ADXL362Ctrl.vhd:]
WARNING: [filemgmt 56-199] Attempt to get parsing info during refresh. "On-the-fly" syntax checking information may be incorrect. [C:\Users\skstu\Documents\GitHub\Trabajo-SED-FPGA\Trabajo-FPGA\Trabajo-FPGA.srcs\sources_1\imports\new\SPI_If.vhd:]
WARNING: [filemgmt 56-199] Attempt to get parsing info during refresh. "On-the-fly" syntax checking information may be incorrect. [C:\Users\skstu\Documents\GitHub\Trabajo-SED-FPGA\Trabajo-FPGA\Trabajo-FPGA.srcs\sources_1\imports\new\SPI_If.vhd:]
WARNING: [filemgmt 56-199] Attempt to get parsing info during refresh. "On-the-fly" syntax checking information may be incorrect. [C:\Users\skstu\Documents\GitHub\Trabajo-SED-FPGA\Trabajo-FPGA\Trabajo-FPGA.srcs\sources_1\imports\new\AccelerometerCtl.vhd:]
WARNING: [filemgmt 56-199] Attempt to get parsing info during refresh. "On-the-fly" syntax checking information may be incorrect. [C:\Users\skstu\Documents\GitHub\Trabajo-SED-FPGA\Trabajo-FPGA\Trabajo-FPGA.srcs\sources_1\new\AngleCalculator.vhd:]
WARNING: [filemgmt 56-199] Attempt to get parsing info during refresh. "On-the-fly" syntax checking information may be incorrect. [C:\Users\skstu\Documents\GitHub\Trabajo-SED-FPGA\Trabajo-FPGA\Trabajo-FPGA.srcs\sources_1\new\top1.vhd:]
WARNING: [filemgmt 56-199] Attempt to get parsing info during refresh. "On-the-fly" syntax checking information may be incorrect. [C:\Users\skstu\Documents\GitHub\Trabajo-SED-FPGA\Trabajo-FPGA\Trabajo-FPGA.srcs\sources_1\imports\new\SPI_If.vhd:]
WARNING: [filemgmt 56-199] Attempt to get parsing info during refresh. "On-the-fly" syntax checking information may be incorrect. [C:\Users\skstu\Documents\GitHub\Trabajo-SED-FPGA\Trabajo-FPGA\Trabajo-FPGA.srcs\sources_1\imports\new\ADXL362Ctrl.vhd:]
WARNING: [filemgmt 56-199] Attempt to get parsing info during refresh. "On-the-fly" syntax checking information may be incorrect. [C:\Users\skstu\Documents\GitHub\Trabajo-SED-FPGA\Trabajo-FPGA\Trabajo-FPGA.srcs\sources_1\new\top1.vhd:]
WARNING: [filemgmt 56-199] Attempt to get parsing info during refresh. "On-the-fly" syntax checking information may be incorrect. [C:\Users\skstu\Documents\GitHub\Trabajo-SED-FPGA\Trabajo-FPGA\Trabajo-FPGA.srcs\sources_1\new\top1.vhd:]
WARNING: [filemgmt 56-199] Attempt to get parsing info during refresh. "On-the-fly" syntax checking information may be incorrect. [C:\Users\skstu\Documents\GitHub\Trabajo-SED-FPGA\Trabajo-FPGA\Trabajo-FPGA.srcs\sources_1\imports\new\AccelerometerCtl.vhd:]
WARNING: [filemgmt 56-199] Attempt to get parsing info during refresh. "On-the-fly" syntax checking information may be incorrect. [C:\Users\skstu\Documents\GitHub\Trabajo-SED-FPGA\Trabajo-FPGA\Trabajo-FPGA.srcs\sources_1\new\AngleCalculator.vhd:]
WARNING: [filemgmt 56-199] Attempt to get parsing info during refresh. "On-the-fly" syntax checking information may be incorrect. [C:\Users\skstu\Documents\GitHub\Trabajo-SED-FPGA\Trabajo-FPGA\Trabajo-FPGA.srcs\sources_1\new\top1.vhd:]
WARNING: [filemgmt 56-199] Attempt to get parsing info during refresh. "On-the-fly" syntax checking information may be incorrect. [C:\Users\skstu\Documents\GitHub\Trabajo-SED-FPGA\Trabajo-FPGA\Trabajo-FPGA.srcs\sources_1\imports\new\SPI_If.vhd:]
WARNING: [filemgmt 56-199] Attempt to get parsing info during refresh. "On-the-fly" syntax checking information may be incorrect. [C:\Users\skstu\Documents\GitHub\Trabajo-SED-FPGA\Trabajo-FPGA\Trabajo-FPGA.srcs\sources_1\imports\new\ADXL362Ctrl.vhd:]
WARNING: [filemgmt 56-199] Attempt to get parsing info during refresh. "On-the-fly" syntax checking information may be incorrect. [C:\Users\skstu\Documents\GitHub\Trabajo-SED-FPGA\Trabajo-FPGA\Trabajo-FPGA.srcs\sources_1\imports\new\AccelerometerCtl.vhd:]
WARNING: [filemgmt 56-199] Attempt to get parsing info during refresh. "On-the-fly" syntax checking information may be incorrect. [C:\Users\skstu\Documents\GitHub\Trabajo-SED-FPGA\Trabajo-FPGA\Trabajo-FPGA.srcs\sources_1\imports\new\AccelerometerCtl.vhd:]
ERROR: [Common 17-180] Spawn failed: No error
reset_run synth_1
INFO: [Project 1-1161] Replacing file C:/Users/skstu/Documents/GitHub/Trabajo-SED-FPGA/Trabajo-FPGA/Trabajo-FPGA.srcs/utils_1/imports/synth_1/AccelerometerCtl.dcp with file C:/Users/skstu/Documents/GitHub/Trabajo-SED-FPGA/Trabajo-FPGA/Trabajo-FPGA.runs/synth_1/Top1.dcp
WARNING: [filemgmt 56-199] Attempt to get parsing info during refresh. "On-the-fly" syntax checking information may be incorrect. [C:\Users\skstu\Documents\GitHub\Trabajo-SED-FPGA\Trabajo-FPGA\Trabajo-FPGA.srcs\sources_1\imports\new\AccelerometerCtl.vhd:]
WARNING: [filemgmt 56-199] Attempt to get parsing info during refresh. "On-the-fly" syntax checking information may be incorrect. [C:\Users\skstu\Documents\GitHub\Trabajo-SED-FPGA\Trabajo-FPGA\Trabajo-FPGA.srcs\sources_1\new\AngleCalculator.vhd:]
WARNING: [filemgmt 56-199] Attempt to get parsing info during refresh. "On-the-fly" syntax checking information may be incorrect. [C:\Users\skstu\Documents\GitHub\Trabajo-SED-FPGA\Trabajo-FPGA\Trabajo-FPGA.srcs\sources_1\new\top1.vhd:]
WARNING: [filemgmt 56-199] Attempt to get parsing info during refresh. "On-the-fly" syntax checking information may be incorrect. [C:\Users\skstu\Documents\GitHub\Trabajo-SED-FPGA\Trabajo-FPGA\Trabajo-FPGA.srcs\sources_1\imports\new\SPI_If.vhd:]
WARNING: [filemgmt 56-199] Attempt to get parsing info during refresh. "On-the-fly" syntax checking information may be incorrect. [C:\Users\skstu\Documents\GitHub\Trabajo-SED-FPGA\Trabajo-FPGA\Trabajo-FPGA.srcs\sources_1\imports\new\ADXL362Ctrl.vhd:]
WARNING: [filemgmt 56-199] Attempt to get parsing info during refresh. "On-the-fly" syntax checking information may be incorrect. [C:\Users\skstu\Documents\GitHub\Trabajo-SED-FPGA\Trabajo-FPGA\Trabajo-FPGA.srcs\sources_1\imports\new\ADXL362Ctrl.vhd:]
WARNING: [filemgmt 56-199] Attempt to get parsing info during refresh. "On-the-fly" syntax checking information may be incorrect. [C:\Users\skstu\Documents\GitHub\Trabajo-SED-FPGA\Trabajo-FPGA\Trabajo-FPGA.srcs\sources_1\imports\new\ADXL362Ctrl.vhd:]
WARNING: [filemgmt 56-199] Attempt to get parsing info during refresh. "On-the-fly" syntax checking information may be incorrect. [C:\Users\skstu\Documents\GitHub\Trabajo-SED-FPGA\Trabajo-FPGA\Trabajo-FPGA.srcs\sources_1\imports\new\AccelerometerCtl.vhd:]
WARNING: [filemgmt 56-199] Attempt to get parsing info during refresh. "On-the-fly" syntax checking information may be incorrect. [C:\Users\skstu\Documents\GitHub\Trabajo-SED-FPGA\Trabajo-FPGA\Trabajo-FPGA.srcs\sources_1\new\AngleCalculator.vhd:]
WARNING: [filemgmt 56-199] Attempt to get parsing info during refresh. "On-the-fly" syntax checking information may be incorrect. [C:\Users\skstu\Documents\GitHub\Trabajo-SED-FPGA\Trabajo-FPGA\Trabajo-FPGA.srcs\sources_1\new\top1.vhd:]
WARNING: [filemgmt 56-199] Attempt to get parsing info during refresh. "On-the-fly" syntax checking information may be incorrect. [C:\Users\skstu\Documents\GitHub\Trabajo-SED-FPGA\Trabajo-FPGA\Trabajo-FPGA.srcs\sources_1\imports\new\SPI_If.vhd:]
WARNING: [filemgmt 56-199] Attempt to get parsing info during refresh. "On-the-fly" syntax checking information may be incorrect. [C:\Users\skstu\Documents\GitHub\Trabajo-SED-FPGA\Trabajo-FPGA\Trabajo-FPGA.srcs\sources_1\imports\new\ADXL362Ctrl.vhd:]
WARNING: [filemgmt 56-199] Attempt to get parsing info during refresh. "On-the-fly" syntax checking information may be incorrect. [C:\Users\skstu\Documents\GitHub\Trabajo-SED-FPGA\Trabajo-FPGA\Trabajo-FPGA.srcs\sources_1\imports\new\SPI_If.vhd:]
WARNING: [filemgmt 56-199] Attempt to get parsing info during refresh. "On-the-fly" syntax checking information may be incorrect. [C:\Users\skstu\Documents\GitHub\Trabajo-SED-FPGA\Trabajo-FPGA\Trabajo-FPGA.srcs\sources_1\imports\new\SPI_If.vhd:]
launch_runs impl_1 -jobs 8
[Fri Dec 13 18:36:28 2024] Launched synth_1...
Run output will be captured here: C:/Users/skstu/Documents/GitHub/Trabajo-SED-FPGA/Trabajo-FPGA/Trabajo-FPGA.runs/synth_1/runme.log
[Fri Dec 13 18:36:28 2024] Launched impl_1...
Run output will be captured here: C:/Users/skstu/Documents/GitHub/Trabajo-SED-FPGA/Trabajo-FPGA/Trabajo-FPGA.runs/impl_1/runme.log
WARNING: [filemgmt 56-199] Attempt to get parsing info during refresh. "On-the-fly" syntax checking information may be incorrect. [C:\Users\skstu\Documents\GitHub\Trabajo-SED-FPGA\Trabajo-FPGA\Trabajo-FPGA.srcs\sources_1\imports\new\AccelerometerCtl.vhd:]
WARNING: [filemgmt 56-199] Attempt to get parsing info during refresh. "On-the-fly" syntax checking information may be incorrect. [C:\Users\skstu\Documents\GitHub\Trabajo-SED-FPGA\Trabajo-FPGA\Trabajo-FPGA.srcs\sources_1\new\AngleCalculator.vhd:]
WARNING: [filemgmt 56-199] Attempt to get parsing info during refresh. "On-the-fly" syntax checking information may be incorrect. [C:\Users\skstu\Documents\GitHub\Trabajo-SED-FPGA\Trabajo-FPGA\Trabajo-FPGA.srcs\sources_1\new\top1.vhd:]
WARNING: [filemgmt 56-199] Attempt to get parsing info during refresh. "On-the-fly" syntax checking information may be incorrect. [C:\Users\skstu\Documents\GitHub\Trabajo-SED-FPGA\Trabajo-FPGA\Trabajo-FPGA.srcs\sources_1\imports\new\SPI_If.vhd:]
WARNING: [filemgmt 56-199] Attempt to get parsing info during refresh. "On-the-fly" syntax checking information may be incorrect. [C:\Users\skstu\Documents\GitHub\Trabajo-SED-FPGA\Trabajo-FPGA\Trabajo-FPGA.srcs\sources_1\imports\new\ADXL362Ctrl.vhd:]
WARNING: [filemgmt 56-199] Attempt to get parsing info during refresh. "On-the-fly" syntax checking information may be incorrect. [C:\Users\skstu\Documents\GitHub\Trabajo-SED-FPGA\Trabajo-FPGA\Trabajo-FPGA.srcs\sources_1\new\top1.vhd:]
WARNING: [filemgmt 56-199] Attempt to get parsing info during refresh. "On-the-fly" syntax checking information may be incorrect. [C:\Users\skstu\Documents\GitHub\Trabajo-SED-FPGA\Trabajo-FPGA\Trabajo-FPGA.srcs\sources_1\new\top1.vhd:]
WARNING: [filemgmt 56-199] Attempt to get parsing info during refresh. "On-the-fly" syntax checking information may be incorrect. [C:\Users\skstu\Documents\GitHub\Trabajo-SED-FPGA\Trabajo-FPGA\Trabajo-FPGA.srcs\sources_1\imports\new\AccelerometerCtl.vhd:]
WARNING: [filemgmt 56-199] Attempt to get parsing info during refresh. "On-the-fly" syntax checking information may be incorrect. [C:\Users\skstu\Documents\GitHub\Trabajo-SED-FPGA\Trabajo-FPGA\Trabajo-FPGA.srcs\sources_1\new\AngleCalculator.vhd:]
WARNING: [filemgmt 56-199] Attempt to get parsing info during refresh. "On-the-fly" syntax checking information may be incorrect. [C:\Users\skstu\Documents\GitHub\Trabajo-SED-FPGA\Trabajo-FPGA\Trabajo-FPGA.srcs\sources_1\new\top1.vhd:]
WARNING: [filemgmt 56-199] Attempt to get parsing info during refresh. "On-the-fly" syntax checking information may be incorrect. [C:\Users\skstu\Documents\GitHub\Trabajo-SED-FPGA\Trabajo-FPGA\Trabajo-FPGA.srcs\sources_1\imports\new\SPI_If.vhd:]
WARNING: [filemgmt 56-199] Attempt to get parsing info during refresh. "On-the-fly" syntax checking information may be incorrect. [C:\Users\skstu\Documents\GitHub\Trabajo-SED-FPGA\Trabajo-FPGA\Trabajo-FPGA.srcs\sources_1\imports\new\ADXL362Ctrl.vhd:]
WARNING: [filemgmt 56-199] Attempt to get parsing info during refresh. "On-the-fly" syntax checking information may be incorrect. [C:\Users\skstu\Documents\GitHub\Trabajo-SED-FPGA\Trabajo-FPGA\Trabajo-FPGA.srcs\sources_1\new\AngleCalculator.vhd:]
WARNING: [filemgmt 56-199] Attempt to get parsing info during refresh. "On-the-fly" syntax checking information may be incorrect. [C:\Users\skstu\Documents\GitHub\Trabajo-SED-FPGA\Trabajo-FPGA\Trabajo-FPGA.srcs\sources_1\new\AngleCalculator.vhd:]
open_run impl_1
INFO: [Device 21-403] Loading part xc7a100tcsg324-1
Netlist sorting complete. Time (s): cpu = 00:00:00 ; elapsed = 00:00:00.003 . Memory (MB): peak = 1782.875 ; gain = 0.000
INFO: [Netlist 29-17] Analyzing 10 Unisim elements for replacement
INFO: [Netlist 29-28] Unisim Transformation completed in 0 CPU seconds
INFO: [Project 1-479] Netlist was created with Vivado 2024.2
INFO: [Project 1-570] Preparing netlist for logic optimization
Read ShapeDB Complete: Time (s): cpu = 00:00:00 ; elapsed = 00:00:00.005 . Memory (MB): peak = 1791.984 ; gain = 0.129
INFO: [Timing 38-478] Restoring timing data from binary archive.
INFO: [Timing 38-479] Binary timing data restore complete.
INFO: [Project 1-856] Restoring constraints from binary archive.
INFO: [Project 1-853] Binary constraint restore complete.
INFO: [Designutils 20-5722] Start Reading Physical Databases.
Reading placement.
Read Netlist Cache: Time (s): cpu = 00:00:00 ; elapsed = 00:00:00.001 . Memory (MB): peak = 2394.711 ; gain = 0.000
Reading placer database...
Read Device Cache: Time (s): cpu = 00:00:00 ; elapsed = 00:00:00.010 . Memory (MB): peak = 2394.711 ; gain = 0.000
Read PlaceDB: Time (s): cpu = 00:00:00 ; elapsed = 00:00:00.016 . Memory (MB): peak = 2394.711 ; gain = 0.000
Read PulsedLatchDB: Time (s): cpu = 00:00:00 ; elapsed = 00:00:00 . Memory (MB): peak = 2394.711 ; gain = 0.000
Reading routing.
Read RouteStorage: Time (s): cpu = 00:00:00 ; elapsed = 00:00:00.013 . Memory (MB): peak = 2394.711 ; gain = 0.000
Read Physdb Files: Time (s): cpu = 00:00:00 ; elapsed = 00:00:00.055 . Memory (MB): peak = 2394.711 ; gain = 0.000
Restored from archive | CPU: 0.000000 secs | Memory: 0.000000 MB |
Finished XDEF File Restore: Time (s): cpu = 00:00:00 ; elapsed = 00:00:00.055 . Memory (MB): peak = 2394.711 ; gain = 0.000
Netlist sorting complete. Time (s): cpu = 00:00:00 ; elapsed = 00:00:00 . Memory (MB): peak = 2394.711 ; gain = 0.000
INFO: [Project 1-111] Unisim Transformation Summary:
No Unisim elements were transformed.

open_run: Time (s): cpu = 00:00:19 ; elapsed = 00:00:27 . Memory (MB): peak = 2701.422 ; gain = 946.586
launch_runs impl_1 -to_step write_bitstream -jobs 8
[Fri Dec 13 18:40:10 2024] Launched impl_1...
Run output will be captured here: C:/Users/skstu/Documents/GitHub/Trabajo-SED-FPGA/Trabajo-FPGA/Trabajo-FPGA.runs/impl_1/runme.log
reset_run impl_1 -prev_step 
launch_runs impl_1 -to_step write_bitstream -jobs 8
[Fri Dec 13 18:41:27 2024] Launched impl_1...
Run output will be captured here: C:/Users/skstu/Documents/GitHub/Trabajo-SED-FPGA/Trabajo-FPGA/Trabajo-FPGA.runs/impl_1/runme.log
reset_run impl_1 -prev_step 
launch_runs impl_1 -to_step write_bitstream -jobs 8
[Fri Dec 13 18:41:41 2024] Launched impl_1...
Run output will be captured here: C:/Users/skstu/Documents/GitHub/Trabajo-SED-FPGA/Trabajo-FPGA/Trabajo-FPGA.runs/impl_1/runme.log
WARNING: [filemgmt 56-199] Attempt to get parsing info during refresh. "On-the-fly" syntax checking information may be incorrect. [C:\Users\skstu\Documents\GitHub\Trabajo-SED-FPGA\Trabajo-FPGA\Trabajo-FPGA.srcs\sources_1\imports\new\AccelerometerCtl.vhd:]
WARNING: [filemgmt 56-199] Attempt to get parsing info during refresh. "On-the-fly" syntax checking information may be incorrect. [C:\Users\skstu\Documents\GitHub\Trabajo-SED-FPGA\Trabajo-FPGA\Trabajo-FPGA.srcs\sources_1\new\AngleCalculator.vhd:]
WARNING: [filemgmt 56-199] Attempt to get parsing info during refresh. "On-the-fly" syntax checking information may be incorrect. [C:\Users\skstu\Documents\GitHub\Trabajo-SED-FPGA\Trabajo-FPGA\Trabajo-FPGA.srcs\sources_1\new\top1.vhd:]
WARNING: [filemgmt 56-199] Attempt to get parsing info during refresh. "On-the-fly" syntax checking information may be incorrect. [C:\Users\skstu\Documents\GitHub\Trabajo-SED-FPGA\Trabajo-FPGA\Trabajo-FPGA.srcs\sources_1\imports\new\SPI_If.vhd:]
WARNING: [filemgmt 56-199] Attempt to get parsing info during refresh. "On-the-fly" syntax checking information may be incorrect. [C:\Users\skstu\Documents\GitHub\Trabajo-SED-FPGA\Trabajo-FPGA\Trabajo-FPGA.srcs\sources_1\imports\new\ADXL362Ctrl.vhd:]
WARNING: [filemgmt 56-199] Attempt to get parsing info during refresh. "On-the-fly" syntax checking information may be incorrect. [C:\Users\skstu\Documents\GitHub\Trabajo-SED-FPGA\Trabajo-FPGA\Trabajo-FPGA.srcs\sources_1\imports\new\ADXL362Ctrl.vhd:]
WARNING: [filemgmt 56-199] Attempt to get parsing info during refresh. "On-the-fly" syntax checking information may be incorrect. [C:\Users\skstu\Documents\GitHub\Trabajo-SED-FPGA\Trabajo-FPGA\Trabajo-FPGA.srcs\sources_1\imports\new\ADXL362Ctrl.vhd:]
WARNING: [filemgmt 56-199] Attempt to get parsing info during refresh. "On-the-fly" syntax checking information may be incorrect. [C:\Users\skstu\Documents\GitHub\Trabajo-SED-FPGA\Trabajo-FPGA\Trabajo-FPGA.srcs\sources_1\imports\new\AccelerometerCtl.vhd:]
WARNING: [filemgmt 56-199] Attempt to get parsing info during refresh. "On-the-fly" syntax checking information may be incorrect. [C:\Users\skstu\Documents\GitHub\Trabajo-SED-FPGA\Trabajo-FPGA\Trabajo-FPGA.srcs\sources_1\new\AngleCalculator.vhd:]
WARNING: [filemgmt 56-199] Attempt to get parsing info during refresh. "On-the-fly" syntax checking information may be incorrect. [C:\Users\skstu\Documents\GitHub\Trabajo-SED-FPGA\Trabajo-FPGA\Trabajo-FPGA.srcs\sources_1\new\top1.vhd:]
WARNING: [filemgmt 56-199] Attempt to get parsing info during refresh. "On-the-fly" syntax checking information may be incorrect. [C:\Users\skstu\Documents\GitHub\Trabajo-SED-FPGA\Trabajo-FPGA\Trabajo-FPGA.srcs\sources_1\imports\new\SPI_If.vhd:]
WARNING: [filemgmt 56-199] Attempt to get parsing info during refresh. "On-the-fly" syntax checking information may be incorrect. [C:\Users\skstu\Documents\GitHub\Trabajo-SED-FPGA\Trabajo-FPGA\Trabajo-FPGA.srcs\sources_1\imports\new\ADXL362Ctrl.vhd:]
WARNING: [filemgmt 56-199] Attempt to get parsing info during refresh. "On-the-fly" syntax checking information may be incorrect. [C:\Users\skstu\Documents\GitHub\Trabajo-SED-FPGA\Trabajo-FPGA\Trabajo-FPGA.srcs\sources_1\imports\new\SPI_If.vhd:]
WARNING: [filemgmt 56-199] Attempt to get parsing info during refresh. "On-the-fly" syntax checking information may be incorrect. [C:\Users\skstu\Documents\GitHub\Trabajo-SED-FPGA\Trabajo-FPGA\Trabajo-FPGA.srcs\sources_1\imports\new\SPI_If.vhd:]
WARNING: [filemgmt 56-199] Attempt to get parsing info during refresh. "On-the-fly" syntax checking information may be incorrect. [C:\Users\skstu\Documents\GitHub\Trabajo-SED-FPGA\Trabajo-FPGA\Trabajo-FPGA.srcs\sources_1\imports\new\AccelerometerCtl.vhd:]
WARNING: [filemgmt 56-199] Attempt to get parsing info during refresh. "On-the-fly" syntax checking information may be incorrect. [C:\Users\skstu\Documents\GitHub\Trabajo-SED-FPGA\Trabajo-FPGA\Trabajo-FPGA.srcs\sources_1\new\AngleCalculator.vhd:]
WARNING: [filemgmt 56-199] Attempt to get parsing info during refresh. "On-the-fly" syntax checking information may be incorrect. [C:\Users\skstu\Documents\GitHub\Trabajo-SED-FPGA\Trabajo-FPGA\Trabajo-FPGA.srcs\sources_1\new\top1.vhd:]
WARNING: [filemgmt 56-199] Attempt to get parsing info during refresh. "On-the-fly" syntax checking information may be incorrect. [C:\Users\skstu\Documents\GitHub\Trabajo-SED-FPGA\Trabajo-FPGA\Trabajo-FPGA.srcs\sources_1\imports\new\SPI_If.vhd:]
WARNING: [filemgmt 56-199] Attempt to get parsing info during refresh. "On-the-fly" syntax checking information may be incorrect. [C:\Users\skstu\Documents\GitHub\Trabajo-SED-FPGA\Trabajo-FPGA\Trabajo-FPGA.srcs\sources_1\imports\new\ADXL362Ctrl.vhd:]
WARNING: [filemgmt 56-199] Attempt to get parsing info during refresh. "On-the-fly" syntax checking information may be incorrect. [C:\Users\skstu\Documents\GitHub\Trabajo-SED-FPGA\Trabajo-FPGA\Trabajo-FPGA.srcs\sources_1\new\AngleCalculator.vhd:]
WARNING: [filemgmt 56-199] Attempt to get parsing info during refresh. "On-the-fly" syntax checking information may be incorrect. [C:\Users\skstu\Documents\GitHub\Trabajo-SED-FPGA\Trabajo-FPGA\Trabajo-FPGA.srcs\sources_1\new\AngleCalculator.vhd:]
WARNING: [filemgmt 56-199] Attempt to get parsing info during refresh. "On-the-fly" syntax checking information may be incorrect. [C:\Users\skstu\Documents\GitHub\Trabajo-SED-FPGA\Trabajo-FPGA\Trabajo-FPGA.srcs\sources_1\imports\new\AccelerometerCtl.vhd:]
WARNING: [filemgmt 56-199] Attempt to get parsing info during refresh. "On-the-fly" syntax checking information may be incorrect. [C:\Users\skstu\Documents\GitHub\Trabajo-SED-FPGA\Trabajo-FPGA\Trabajo-FPGA.srcs\sources_1\new\AngleCalculator.vhd:]
WARNING: [filemgmt 56-199] Attempt to get parsing info during refresh. "On-the-fly" syntax checking information may be incorrect. [C:\Users\skstu\Documents\GitHub\Trabajo-SED-FPGA\Trabajo-FPGA\Trabajo-FPGA.srcs\sources_1\new\top1.vhd:]
WARNING: [filemgmt 56-199] Attempt to get parsing info during refresh. "On-the-fly" syntax checking information may be incorrect. [C:\Users\skstu\Documents\GitHub\Trabajo-SED-FPGA\Trabajo-FPGA\Trabajo-FPGA.srcs\sources_1\imports\new\SPI_If.vhd:]
WARNING: [filemgmt 56-199] Attempt to get parsing info during refresh. "On-the-fly" syntax checking information may be incorrect. [C:\Users\skstu\Documents\GitHub\Trabajo-SED-FPGA\Trabajo-FPGA\Trabajo-FPGA.srcs\sources_1\imports\new\ADXL362Ctrl.vhd:]
WARNING: [filemgmt 56-199] Attempt to get parsing info during refresh. "On-the-fly" syntax checking information may be incorrect. [C:\Users\skstu\Documents\GitHub\Trabajo-SED-FPGA\Trabajo-FPGA\Trabajo-FPGA.srcs\sources_1\new\top1.vhd:]
WARNING: [filemgmt 56-199] Attempt to get parsing info during refresh. "On-the-fly" syntax checking information may be incorrect. [C:\Users\skstu\Documents\GitHub\Trabajo-SED-FPGA\Trabajo-FPGA\Trabajo-FPGA.srcs\sources_1\new\top1.vhd:]
reset_run synth_1
INFO: [Project 1-1161] Replacing file C:/Users/skstu/Documents/GitHub/Trabajo-SED-FPGA/Trabajo-FPGA/Trabajo-FPGA.srcs/utils_1/imports/synth_1/AccelerometerCtl.dcp with file C:/Users/skstu/Documents/GitHub/Trabajo-SED-FPGA/Trabajo-FPGA/Trabajo-FPGA.runs/synth_1/Top1.dcp
WARNING: [filemgmt 56-199] Attempt to get parsing info during refresh. "On-the-fly" syntax checking information may be incorrect. [C:\Users\skstu\Documents\GitHub\Trabajo-SED-FPGA\Trabajo-FPGA\Trabajo-FPGA.srcs\sources_1\imports\new\AccelerometerCtl.vhd:]
WARNING: [filemgmt 56-199] Attempt to get parsing info during refresh. "On-the-fly" syntax checking information may be incorrect. [C:\Users\skstu\Documents\GitHub\Trabajo-SED-FPGA\Trabajo-FPGA\Trabajo-FPGA.srcs\sources_1\new\AngleCalculator.vhd:]
WARNING: [filemgmt 56-199] Attempt to get parsing info during refresh. "On-the-fly" syntax checking information may be incorrect. [C:\Users\skstu\Documents\GitHub\Trabajo-SED-FPGA\Trabajo-FPGA\Trabajo-FPGA.srcs\sources_1\new\top1.vhd:]
WARNING: [filemgmt 56-199] Attempt to get parsing info during refresh. "On-the-fly" syntax checking information may be incorrect. [C:\Users\skstu\Documents\GitHub\Trabajo-SED-FPGA\Trabajo-FPGA\Trabajo-FPGA.srcs\sources_1\imports\new\SPI_If.vhd:]
WARNING: [filemgmt 56-199] Attempt to get parsing info during refresh. "On-the-fly" syntax checking information may be incorrect. [C:\Users\skstu\Documents\GitHub\Trabajo-SED-FPGA\Trabajo-FPGA\Trabajo-FPGA.srcs\sources_1\imports\new\ADXL362Ctrl.vhd:]
WARNING: [filemgmt 56-199] Attempt to get parsing info during refresh. "On-the-fly" syntax checking information may be incorrect. [C:\Users\skstu\Documents\GitHub\Trabajo-SED-FPGA\Trabajo-FPGA\Trabajo-FPGA.srcs\sources_1\imports\new\ADXL362Ctrl.vhd:]
WARNING: [filemgmt 56-199] Attempt to get parsing info during refresh. "On-the-fly" syntax checking information may be incorrect. [C:\Users\skstu\Documents\GitHub\Trabajo-SED-FPGA\Trabajo-FPGA\Trabajo-FPGA.srcs\sources_1\imports\new\ADXL362Ctrl.vhd:]
WARNING: [filemgmt 56-199] Attempt to get parsing info during refresh. "On-the-fly" syntax checking information may be incorrect. [C:\Users\skstu\Documents\GitHub\Trabajo-SED-FPGA\Trabajo-FPGA\Trabajo-FPGA.srcs\sources_1\imports\new\AccelerometerCtl.vhd:]
WARNING: [filemgmt 56-199] Attempt to get parsing info during refresh. "On-the-fly" syntax checking information may be incorrect. [C:\Users\skstu\Documents\GitHub\Trabajo-SED-FPGA\Trabajo-FPGA\Trabajo-FPGA.srcs\sources_1\new\AngleCalculator.vhd:]
WARNING: [filemgmt 56-199] Attempt to get parsing info during refresh. "On-the-fly" syntax checking information may be incorrect. [C:\Users\skstu\Documents\GitHub\Trabajo-SED-FPGA\Trabajo-FPGA\Trabajo-FPGA.srcs\sources_1\new\top1.vhd:]
WARNING: [filemgmt 56-199] Attempt to get parsing info during refresh. "On-the-fly" syntax checking information may be incorrect. [C:\Users\skstu\Documents\GitHub\Trabajo-SED-FPGA\Trabajo-FPGA\Trabajo-FPGA.srcs\sources_1\imports\new\SPI_If.vhd:]
WARNING: [filemgmt 56-199] Attempt to get parsing info during refresh. "On-the-fly" syntax checking information may be incorrect. [C:\Users\skstu\Documents\GitHub\Trabajo-SED-FPGA\Trabajo-FPGA\Trabajo-FPGA.srcs\sources_1\imports\new\ADXL362Ctrl.vhd:]
WARNING: [filemgmt 56-199] Attempt to get parsing info during refresh. "On-the-fly" syntax checking information may be incorrect. [C:\Users\skstu\Documents\GitHub\Trabajo-SED-FPGA\Trabajo-FPGA\Trabajo-FPGA.srcs\sources_1\imports\new\SPI_If.vhd:]
WARNING: [filemgmt 56-199] Attempt to get parsing info during refresh. "On-the-fly" syntax checking information may be incorrect. [C:\Users\skstu\Documents\GitHub\Trabajo-SED-FPGA\Trabajo-FPGA\Trabajo-FPGA.srcs\sources_1\imports\new\SPI_If.vhd:]
launch_runs impl_1 -to_step write_bitstream -jobs 8
[Fri Dec 13 18:44:13 2024] Launched synth_1...
Run output will be captured here: C:/Users/skstu/Documents/GitHub/Trabajo-SED-FPGA/Trabajo-FPGA/Trabajo-FPGA.runs/synth_1/runme.log
[Fri Dec 13 18:44:13 2024] Launched impl_1...
Run output will be captured here: C:/Users/skstu/Documents/GitHub/Trabajo-SED-FPGA/Trabajo-FPGA/Trabajo-FPGA.runs/impl_1/runme.log
WARNING: [filemgmt 56-199] Attempt to get parsing info during refresh. "On-the-fly" syntax checking information may be incorrect. [C:\Users\skstu\Documents\GitHub\Trabajo-SED-FPGA\Trabajo-FPGA\Trabajo-FPGA.srcs\sources_1\imports\new\AccelerometerCtl.vhd:]
WARNING: [filemgmt 56-199] Attempt to get parsing info during refresh. "On-the-fly" syntax checking information may be incorrect. [C:\Users\skstu\Documents\GitHub\Trabajo-SED-FPGA\Trabajo-FPGA\Trabajo-FPGA.srcs\sources_1\new\AngleCalculator.vhd:]
INFO: [Common 17-14] Message 'filemgmt 56-199' appears 100 times and further instances of the messages will be disabled. Use the Tcl command set_msg_config to change the current settings.
reset_run synth_1
WARNING: [Vivado 12-1017] Problems encountered:
1. Failed to delete one or more files in run directory C:/Users/skstu/Documents/GitHub/Trabajo-SED-FPGA/Trabajo-FPGA/Trabajo-FPGA.runs/synth_1

launch_runs impl_1 -to_step write_bitstream -jobs 8
[Fri Dec 13 18:44:54 2024] Launched synth_1...
Run output will be captured here: C:/Users/skstu/Documents/GitHub/Trabajo-SED-FPGA/Trabajo-FPGA/Trabajo-FPGA.runs/synth_1/runme.log
[Fri Dec 13 18:44:55 2024] Launched impl_1...
Run output will be captured here: C:/Users/skstu/Documents/GitHub/Trabajo-SED-FPGA/Trabajo-FPGA/Trabajo-FPGA.runs/impl_1/runme.log
open_hw_manager
connect_hw_server -allow_non_jtag
INFO: [Labtools 27-2285] Connecting to hw_server url TCP:localhost:3121
INFO: [Labtools 27-2222] Launching hw_server...
INFO: [Labtools 27-2221] Launch Output:

****** Xilinx hw_server v2024.2
  **** Build date : Oct 29 2024 at 10:25:41
    ** Copyright 1986-2022 Xilinx, Inc. All Rights Reserved.


INFO: [Labtools 27-3415] Connecting to cs_server url TCP:localhost:0
INFO: [Labtools 27-3417] Launching cs_server...
INFO: [Labtools 27-2221] Launch Output:


******** Xilinx cs_server v2024.2.0
  ****** Build date   : Oct 30 2024-19:19:07
    **** Build number : 2024.2.1730312347
      ** Copyright 2017-2022 Xilinx, Inc. All Rights Reserved.
      ** Copyright 2022-2024 Advanced Micro Devices, Inc. All Rights Reserved.



connect_hw_server: Time (s): cpu = 00:00:00 ; elapsed = 00:00:17 . Memory (MB): peak = 2869.926 ; gain = 2.660
open_hw_target
INFO: [Labtoolstcl 44-466] Opening hw_target localhost:3121/xilinx_tcf/Digilent/210292AE3C91A
set_property PROGRAM.FILE {C:/Users/skstu/Documents/GitHub/Trabajo-SED-FPGA/Trabajo-FPGA/Trabajo-FPGA.runs/impl_1/Top1.bit} [get_hw_devices xc7a100t_0]
current_hw_device [get_hw_devices xc7a100t_0]
refresh_hw_device -update_hw_probes false [lindex [get_hw_devices xc7a100t_0] 0]
INFO: [Labtools 27-1435] Device xc7a100t (JTAG device index = 0) is not programmed (DONE status = 0).
set_property PROBES.FILE {} [get_hw_devices xc7a100t_0]
set_property FULL_PROBES.FILE {} [get_hw_devices xc7a100t_0]
set_property PROGRAM.FILE {C:/Users/skstu/Documents/GitHub/Trabajo-SED-FPGA/Trabajo-FPGA/Trabajo-FPGA.runs/impl_1/Top1.bit} [get_hw_devices xc7a100t_0]
program_hw_devices [get_hw_devices xc7a100t_0]
INFO: [Labtools 27-3164] End of startup status: HIGH
refresh_hw_device [lindex [get_hw_devices xc7a100t_0] 0]
INFO: [Labtools 27-1434] Device xc7a100t (JTAG device index = 0) is programmed with a design that has no supported debug core(s) in it.
refresh_hw_device [lindex [get_hw_devices xc7a100t_0] 0]
INFO: [Labtools 27-1434] Device xc7a100t (JTAG device index = 0) is programmed with a design that has no supported debug core(s) in it.
set_property PROBES.FILE {} [get_hw_devices xc7a100t_0]
set_property FULL_PROBES.FILE {} [get_hw_devices xc7a100t_0]
set_property PROGRAM.FILE {C:/Users/skstu/Documents/GitHub/Trabajo-SED-FPGA/Trabajo-FPGA/Trabajo-FPGA.runs/impl_1/Top1.bit} [get_hw_devices xc7a100t_0]
program_hw_devices [get_hw_devices xc7a100t_0]
INFO: [Labtools 27-3164] End of startup status: HIGH
refresh_hw_device [lindex [get_hw_devices xc7a100t_0] 0]
INFO: [Labtools 27-1434] Device xc7a100t (JTAG device index = 0) is programmed with a design that has no supported debug core(s) in it.
reset_run impl_1 -prev_step 
launch_runs impl_1 -to_step write_bitstream -jobs 8
[Fri Dec 13 18:54:56 2024] Launched impl_1...
Run output will be captured here: C:/Users/skstu/Documents/GitHub/Trabajo-SED-FPGA/Trabajo-FPGA/Trabajo-FPGA.runs/impl_1/runme.log
set_property PROBES.FILE {} [get_hw_devices xc7a100t_0]
set_property FULL_PROBES.FILE {} [get_hw_devices xc7a100t_0]
set_property PROGRAM.FILE {C:/Users/skstu/Documents/GitHub/Trabajo-SED-FPGA/Trabajo-FPGA/Trabajo-FPGA.runs/impl_1/Top1.bit} [get_hw_devices xc7a100t_0]
program_hw_devices [get_hw_devices xc7a100t_0]
INFO: [Labtools 27-3164] End of startup status: HIGH
refresh_hw_device [lindex [get_hw_devices xc7a100t_0] 0]
INFO: [Labtools 27-1434] Device xc7a100t (JTAG device index = 0) is programmed with a design that has no supported debug core(s) in it.
refresh_hw_device [lindex [get_hw_devices xc7a100t_0] 0]
INFO: [Labtools 27-1434] Device xc7a100t (JTAG device index = 0) is programmed with a design that has no supported debug core(s) in it.
set_property PROBES.FILE {} [get_hw_devices xc7a100t_0]
set_property FULL_PROBES.FILE {} [get_hw_devices xc7a100t_0]
set_property PROGRAM.FILE {C:/Users/skstu/Documents/GitHub/Trabajo-SED-FPGA/Trabajo-FPGA/Trabajo-FPGA.runs/impl_1/Top1.bit} [get_hw_devices xc7a100t_0]
program_hw_devices [get_hw_devices xc7a100t_0]
INFO: [Labtools 27-3164] End of startup status: HIGH
refresh_hw_device [lindex [get_hw_devices xc7a100t_0] 0]
INFO: [Labtools 27-1434] Device xc7a100t (JTAG device index = 0) is programmed with a design that has no supported debug core(s) in it.
ERROR: [Labtoolstcl 44-513] HW Target shutdown. Closing target: localhost:3121/xilinx_tcf/Digilent/210292AE3C91A
INFO: [Labtoolstcl 44-466] Opening hw_target localhost:3121/xilinx_tcf/Digilent/210292AE3C91A
INFO: [Labtools 27-1435] Device xc7a100t (JTAG device index = 0) is not programmed (DONE status = 0).
WARNING: [Labtoolstcl 44-129] No matching hw_ila_data was found.
set_property PROBES.FILE {} [get_hw_devices xc7a100t_0]
set_property FULL_PROBES.FILE {} [get_hw_devices xc7a100t_0]
set_property PROGRAM.FILE {C:/Users/skstu/Documents/GitHub/Trabajo-SED-FPGA/Trabajo-FPGA/Trabajo-FPGA.runs/impl_1/Top1.bit} [get_hw_devices xc7a100t_0]
program_hw_devices [get_hw_devices xc7a100t_0]
INFO: [Labtools 27-3164] End of startup status: HIGH
refresh_hw_device [lindex [get_hw_devices xc7a100t_0] 0]
INFO: [Labtools 27-1434] Device xc7a100t (JTAG device index = 0) is programmed with a design that has no supported debug core(s) in it.
exit
INFO: [Common 17-206] Exiting Vivado at Fri Dec 13 18:58:16 2024...
