#-----------------------------------------------------------
# Vivado v2024.2 (64-bit)
# SW Build 5239630 on Fri Nov 08 22:35:27 MST 2024
# IP Build 5239520 on Sun Nov 10 16:12:51 MST 2024
# SharedData Build 5239561 on Fri Nov 08 14:39:27 MST 2024
# Start of session at: Mon Jan 20 11:47:34 2025
# Process ID         : 116656
# Current directory  : C:/Users/skstu/Documents/GitHub/Trabajo-SED-FPGA/Trabajo-FPGA
# Command line       : vivado.exe -gui_launcher_event rodinguilauncherevent116528 C:\Users\skstu\Documents\GitHub\Trabajo-SED-FPGA\Trabajo-FPGA\Trabajo-FPGA.xpr
# Log file           : C:/Users/skstu/Documents/GitHub/Trabajo-SED-FPGA/Trabajo-FPGA/vivado.log
# Journal file       : C:/Users/skstu/Documents/GitHub/Trabajo-SED-FPGA/Trabajo-FPGA\vivado.jou
# Running On         : Saraa
# Platform           : Windows Server 2016 or Windows 10
# Operating System   : 22631
# Processor Detail   : AMD Ryzen 7 7735HS with Radeon Graphics        
# CPU Frequency      : 3194 MHz
# CPU Physical cores : 8
# CPU Logical cores  : 16
# Host memory        : 16438 MB
# Swap memory        : 16642 MB
# Total Virtual      : 33081 MB
# Available Virtual  : 15865 MB
#-----------------------------------------------------------
start_gui
open_project C:/Users/skstu/Documents/GitHub/Trabajo-SED-FPGA/Trabajo-FPGA/Trabajo-FPGA.xpr
Scanning sources...
Finished scanning sources
INFO: [IP_Flow 19-234] Refreshing IP repositories
INFO: [IP_Flow 19-1704] No user IP repositories specified
INFO: [IP_Flow 19-2313] Loaded Vivado IP repository 'C:/Xilinx/Vivado/2024.2/data/ip'.
synth_design -rtl -rtl_skip_mlo -name rtl_1
Command: synth_design -rtl -rtl_skip_mlo -name rtl_1
Starting synth_design
Using part: xc7a100tcsg324-1
Top: Top
INFO: [Device 21-403] Loading part xc7a100tcsg324-1
INFO: [Synth 8-7079] Multithreading enabled for synth_design using a maximum of 2 processes.
INFO: [Synth 8-7078] Launching helper process for spawning children vivado processes
INFO: [Synth 8-7075] Helper process launched with PID 59840
---------------------------------------------------------------------------------
Starting RTL Elaboration : Time (s): cpu = 00:00:05 ; elapsed = 00:00:06 . Memory (MB): peak = 1772.133 ; gain = 465.188
---------------------------------------------------------------------------------
INFO: [Synth 8-638] synthesizing module 'Top' [C:/Users/skstu/Documents/GitHub/Trabajo-SED-FPGA/Trabajo-FPGA/Trabajo-FPGA.srcs/sources_1/new/top1.vhd:22]
	Parameter SYSCLK_FREQUENCY_HZ bound to: 108000000 - type: integer 
	Parameter SCLK_FREQUENCY_HZ bound to: 1000000 - type: integer 
	Parameter NUM_READS_AVG bound to: 16 - type: integer 
	Parameter UPDATE_FREQUENCY_HZ bound to: 100 - type: integer 
INFO: [Synth 8-3491] module 'AccelerometerCtl' declared at 'C:/Users/skstu/Documents/GitHub/Trabajo-SED-FPGA/Trabajo-FPGA/Trabajo-FPGA.srcs/sources_1/imports/new/AccelerometerCtl.vhd:19' bound to instance 'Accelerometer' of component 'AccelerometerCtl' [C:/Users/skstu/Documents/GitHub/Trabajo-SED-FPGA/Trabajo-FPGA/Trabajo-FPGA.srcs/sources_1/new/top1.vhd:208]
INFO: [Synth 8-638] synthesizing module 'AccelerometerCtl' [C:/Users/skstu/Documents/GitHub/Trabajo-SED-FPGA/Trabajo-FPGA/Trabajo-FPGA.srcs/sources_1/imports/new/AccelerometerCtl.vhd:46]
	Parameter SYSCLK_FREQUENCY_HZ bound to: 108000000 - type: integer 
	Parameter SCLK_FREQUENCY_HZ bound to: 1000000 - type: integer 
	Parameter NUM_READS_AVG bound to: 16 - type: integer 
	Parameter UPDATE_FREQUENCY_HZ bound to: 100 - type: integer 
	Parameter SYSCLK_FREQUENCY_HZ bound to: 108000000 - type: integer 
	Parameter SCLK_FREQUENCY_HZ bound to: 1000000 - type: integer 
	Parameter NUM_READS_AVG bound to: 16 - type: integer 
	Parameter UPDATE_FREQUENCY_HZ bound to: 100 - type: integer 
INFO: [Synth 8-3491] module 'ADXL362Ctrl' declared at 'C:/Users/skstu/Documents/GitHub/Trabajo-SED-FPGA/Trabajo-FPGA/Trabajo-FPGA.srcs/sources_1/imports/new/ADXL362Ctrl.vhd:89' bound to instance 'ADXL_Control' of component 'ADXL362Ctrl' [C:/Users/skstu/Documents/GitHub/Trabajo-SED-FPGA/Trabajo-FPGA/Trabajo-FPGA.srcs/sources_1/imports/new/AccelerometerCtl.vhd:108]
INFO: [Synth 8-638] synthesizing module 'ADXL362Ctrl' [C:/Users/skstu/Documents/GitHub/Trabajo-SED-FPGA/Trabajo-FPGA/Trabajo-FPGA.srcs/sources_1/imports/new/ADXL362Ctrl.vhd:117]
	Parameter SYSCLK_FREQUENCY_HZ bound to: 108000000 - type: integer 
	Parameter SCLK_FREQUENCY_HZ bound to: 1000000 - type: integer 
	Parameter NUM_READS_AVG bound to: 16 - type: integer 
	Parameter UPDATE_FREQUENCY_HZ bound to: 100 - type: integer 
	Parameter SYSCLK_FREQUENCY_HZ bound to: 108000000 - type: integer 
	Parameter SCLK_FREQUENCY_HZ bound to: 1000000 - type: integer 
INFO: [Synth 8-3491] module 'SPI_If' declared at 'C:/Users/skstu/Documents/GitHub/Trabajo-SED-FPGA/Trabajo-FPGA/Trabajo-FPGA.srcs/sources_1/imports/new/SPI_If.vhd:42' bound to instance 'SPI_Interface' of component 'SPI_If' [C:/Users/skstu/Documents/GitHub/Trabajo-SED-FPGA/Trabajo-FPGA/Trabajo-FPGA.srcs/sources_1/imports/new/ADXL362Ctrl.vhd:373]
INFO: [Synth 8-638] synthesizing module 'SPI_If' [C:/Users/skstu/Documents/GitHub/Trabajo-SED-FPGA/Trabajo-FPGA/Trabajo-FPGA.srcs/sources_1/imports/new/SPI_If.vhd:66]
	Parameter SYSCLK_FREQUENCY_HZ bound to: 108000000 - type: integer 
	Parameter SCLK_FREQUENCY_HZ bound to: 1000000 - type: integer 
INFO: [Synth 8-256] done synthesizing module 'SPI_If' (0#1) [C:/Users/skstu/Documents/GitHub/Trabajo-SED-FPGA/Trabajo-FPGA/Trabajo-FPGA.srcs/sources_1/imports/new/SPI_If.vhd:66]
INFO: [Synth 8-256] done synthesizing module 'ADXL362Ctrl' (0#1) [C:/Users/skstu/Documents/GitHub/Trabajo-SED-FPGA/Trabajo-FPGA/Trabajo-FPGA.srcs/sources_1/imports/new/ADXL362Ctrl.vhd:117]
INFO: [Synth 8-256] done synthesizing module 'AccelerometerCtl' (0#1) [C:/Users/skstu/Documents/GitHub/Trabajo-SED-FPGA/Trabajo-FPGA/Trabajo-FPGA.srcs/sources_1/imports/new/AccelerometerCtl.vhd:46]
INFO: [Synth 8-3491] module 'raw_to_fix16_14' declared at 'C:/Users/skstu/Documents/GitHub/Trabajo-SED-FPGA/Trabajo-FPGA/Trabajo-FPGA.srcs/sources_1/new/raw_to_fix16_14.vhd:5' bound to instance 'expander_x' of component 'raw_to_fix16_14' [C:/Users/skstu/Documents/GitHub/Trabajo-SED-FPGA/Trabajo-FPGA/Trabajo-FPGA.srcs/sources_1/new/top1.vhd:229]
INFO: [Synth 8-638] synthesizing module 'raw_to_fix16_14' [C:/Users/skstu/Documents/GitHub/Trabajo-SED-FPGA/Trabajo-FPGA/Trabajo-FPGA.srcs/sources_1/new/raw_to_fix16_14.vhd:12]
INFO: [Synth 8-256] done synthesizing module 'raw_to_fix16_14' (0#1) [C:/Users/skstu/Documents/GitHub/Trabajo-SED-FPGA/Trabajo-FPGA/Trabajo-FPGA.srcs/sources_1/new/raw_to_fix16_14.vhd:12]
INFO: [Synth 8-3491] module 'raw_to_fix16_14' declared at 'C:/Users/skstu/Documents/GitHub/Trabajo-SED-FPGA/Trabajo-FPGA/Trabajo-FPGA.srcs/sources_1/new/raw_to_fix16_14.vhd:5' bound to instance 'expander_y' of component 'raw_to_fix16_14' [C:/Users/skstu/Documents/GitHub/Trabajo-SED-FPGA/Trabajo-FPGA/Trabajo-FPGA.srcs/sources_1/new/top1.vhd:235]
INFO: [Synth 8-3491] module 'raw_to_fix16_14' declared at 'C:/Users/skstu/Documents/GitHub/Trabajo-SED-FPGA/Trabajo-FPGA/Trabajo-FPGA.srcs/sources_1/new/raw_to_fix16_14.vhd:5' bound to instance 'expander_z' of component 'raw_to_fix16_14' [C:/Users/skstu/Documents/GitHub/Trabajo-SED-FPGA/Trabajo-FPGA/Trabajo-FPGA.srcs/sources_1/new/top1.vhd:241]
INFO: [Synth 8-3491] module 'AngleCalculator' declared at 'C:/Users/skstu/Documents/GitHub/Trabajo-SED-FPGA/Trabajo-FPGA/Trabajo-FPGA.srcs/sources_1/new/AngleCalculator.vhd:25' bound to instance 'calc_angle_x' of component 'AngleCalculator' [C:/Users/skstu/Documents/GitHub/Trabajo-SED-FPGA/Trabajo-FPGA/Trabajo-FPGA.srcs/sources_1/new/top1.vhd:250]
INFO: [Synth 8-638] synthesizing module 'AngleCalculator' [C:/Users/skstu/Documents/GitHub/Trabajo-SED-FPGA/Trabajo-FPGA/Trabajo-FPGA.srcs/sources_1/new/AngleCalculator.vhd:33]
INFO: [Synth 8-3491] module 'cordic_0' declared at 'C:/Users/skstu/Documents/GitHub/Trabajo-SED-FPGA/Trabajo-FPGA/.Xil/Vivado-116656-Saraa/realtime/cordic_0_stub.vhdl:6' bound to instance 'cordic_inst' of component 'cordic_0' [C:/Users/skstu/Documents/GitHub/Trabajo-SED-FPGA/Trabajo-FPGA/Trabajo-FPGA.srcs/sources_1/new/AngleCalculator.vhd:54]
INFO: [Synth 8-638] synthesizing module 'cordic_0' [C:/Users/skstu/Documents/GitHub/Trabajo-SED-FPGA/Trabajo-FPGA/.Xil/Vivado-116656-Saraa/realtime/cordic_0_stub.vhdl:22]
INFO: [Synth 8-256] done synthesizing module 'AngleCalculator' (0#1) [C:/Users/skstu/Documents/GitHub/Trabajo-SED-FPGA/Trabajo-FPGA/Trabajo-FPGA.srcs/sources_1/new/AngleCalculator.vhd:33]
INFO: [Synth 8-3491] module 'AngleCalculator' declared at 'C:/Users/skstu/Documents/GitHub/Trabajo-SED-FPGA/Trabajo-FPGA/Trabajo-FPGA.srcs/sources_1/new/AngleCalculator.vhd:25' bound to instance 'calc_angle_y' of component 'AngleCalculator' [C:/Users/skstu/Documents/GitHub/Trabajo-SED-FPGA/Trabajo-FPGA/Trabajo-FPGA.srcs/sources_1/new/top1.vhd:258]
INFO: [Synth 8-3491] module 'Converter' declared at 'C:/Users/skstu/Documents/GitHub/Trabajo-SED-FPGA/Trabajo-FPGA/Trabajo-FPGA.srcs/sources_1/new/Converter.vhd:5' bound to instance 'converter_x' of component 'Converter' [C:/Users/skstu/Documents/GitHub/Trabajo-SED-FPGA/Trabajo-FPGA/Trabajo-FPGA.srcs/sources_1/new/top1.vhd:266]
INFO: [Synth 8-638] synthesizing module 'Converter' [C:/Users/skstu/Documents/GitHub/Trabajo-SED-FPGA/Trabajo-FPGA/Trabajo-FPGA.srcs/sources_1/new/Converter.vhd:13]
INFO: [Synth 8-256] done synthesizing module 'Converter' (0#1) [C:/Users/skstu/Documents/GitHub/Trabajo-SED-FPGA/Trabajo-FPGA/Trabajo-FPGA.srcs/sources_1/new/Converter.vhd:13]
INFO: [Synth 8-3491] module 'Converter' declared at 'C:/Users/skstu/Documents/GitHub/Trabajo-SED-FPGA/Trabajo-FPGA/Trabajo-FPGA.srcs/sources_1/new/Converter.vhd:5' bound to instance 'converter_y' of component 'Converter' [C:/Users/skstu/Documents/GitHub/Trabajo-SED-FPGA/Trabajo-FPGA/Trabajo-FPGA.srcs/sources_1/new/top1.vhd:274]
INFO: [Synth 8-3491] module 'split_integer_number_bin' declared at 'C:/Users/skstu/Documents/GitHub/Trabajo-SED-FPGA/Trabajo-FPGA/Trabajo-FPGA.srcs/sources_1/new/split_real_number_bin.vhd:5' bound to instance 'split_x' of component 'split_integer_number_bin' [C:/Users/skstu/Documents/GitHub/Trabajo-SED-FPGA/Trabajo-FPGA/Trabajo-FPGA.srcs/sources_1/new/top1.vhd:299]
INFO: [Synth 8-638] synthesizing module 'split_integer_number_bin' [C:/Users/skstu/Documents/GitHub/Trabajo-SED-FPGA/Trabajo-FPGA/Trabajo-FPGA.srcs/sources_1/new/split_real_number_bin.vhd:17]
WARNING: [Synth 8-614] signal 'signo_in' is read in the process but is not in the sensitivity list [C:/Users/skstu/Documents/GitHub/Trabajo-SED-FPGA/Trabajo-FPGA/Trabajo-FPGA.srcs/sources_1/new/split_real_number_bin.vhd:20]
INFO: [Synth 8-256] done synthesizing module 'split_integer_number_bin' (0#1) [C:/Users/skstu/Documents/GitHub/Trabajo-SED-FPGA/Trabajo-FPGA/Trabajo-FPGA.srcs/sources_1/new/split_real_number_bin.vhd:17]
INFO: [Synth 8-3491] module 'split_integer_number_bin' declared at 'C:/Users/skstu/Documents/GitHub/Trabajo-SED-FPGA/Trabajo-FPGA/Trabajo-FPGA.srcs/sources_1/new/split_real_number_bin.vhd:5' bound to instance 'split_y' of component 'split_integer_number_bin' [C:/Users/skstu/Documents/GitHub/Trabajo-SED-FPGA/Trabajo-FPGA/Trabajo-FPGA.srcs/sources_1/new/top1.vhd:311]
INFO: [Synth 8-3491] module 'SYNCHRNZR' declared at 'C:/Users/skstu/Documents/GitHub/Trabajo-SED-FPGA/Trabajo-FPGA/Trabajo-FPGA.srcs/sources_1/new/SYNCHRNZR.vhd:5' bound to instance 'INS_SYNCHRNZR' of component 'SYNCHRNZR' [C:/Users/skstu/Documents/GitHub/Trabajo-SED-FPGA/Trabajo-FPGA/Trabajo-FPGA.srcs/sources_1/new/top1.vhd:324]
INFO: [Synth 8-638] synthesizing module 'SYNCHRNZR' [C:/Users/skstu/Documents/GitHub/Trabajo-SED-FPGA/Trabajo-FPGA/Trabajo-FPGA.srcs/sources_1/new/SYNCHRNZR.vhd:12]
INFO: [Synth 8-256] done synthesizing module 'SYNCHRNZR' (0#1) [C:/Users/skstu/Documents/GitHub/Trabajo-SED-FPGA/Trabajo-FPGA/Trabajo-FPGA.srcs/sources_1/new/SYNCHRNZR.vhd:12]
INFO: [Synth 8-3491] module 'EDGEDTCTR' declared at 'C:/Users/skstu/Documents/GitHub/Trabajo-SED-FPGA/Trabajo-FPGA/Trabajo-FPGA.srcs/sources_1/new/EDGEDTCTR.vhd:5' bound to instance 'INS_EDGEDTCTR' of component 'EDGEDTCTR' [C:/Users/skstu/Documents/GitHub/Trabajo-SED-FPGA/Trabajo-FPGA/Trabajo-FPGA.srcs/sources_1/new/top1.vhd:330]
INFO: [Synth 8-638] synthesizing module 'EDGEDTCTR' [C:/Users/skstu/Documents/GitHub/Trabajo-SED-FPGA/Trabajo-FPGA/Trabajo-FPGA.srcs/sources_1/new/EDGEDTCTR.vhd:13]
INFO: [Synth 8-256] done synthesizing module 'EDGEDTCTR' (0#1) [C:/Users/skstu/Documents/GitHub/Trabajo-SED-FPGA/Trabajo-FPGA/Trabajo-FPGA.srcs/sources_1/new/EDGEDTCTR.vhd:13]
INFO: [Synth 8-3491] module 'FSM' declared at 'C:/Users/skstu/Documents/GitHub/Trabajo-SED-FPGA/Trabajo-FPGA/Trabajo-FPGA.srcs/sources_1/new/FSM.vhd:4' bound to instance 'fsm_inst' of component 'FSM' [C:/Users/skstu/Documents/GitHub/Trabajo-SED-FPGA/Trabajo-FPGA/Trabajo-FPGA.srcs/sources_1/new/top1.vhd:337]
INFO: [Synth 8-638] synthesizing module 'FSM' [C:/Users/skstu/Documents/GitHub/Trabajo-SED-FPGA/Trabajo-FPGA/Trabajo-FPGA.srcs/sources_1/new/FSM.vhd:11]
INFO: [Synth 8-226] default block is never used [C:/Users/skstu/Documents/GitHub/Trabajo-SED-FPGA/Trabajo-FPGA/Trabajo-FPGA.srcs/sources_1/new/FSM.vhd:28]
INFO: [Synth 8-226] default block is never used [C:/Users/skstu/Documents/GitHub/Trabajo-SED-FPGA/Trabajo-FPGA/Trabajo-FPGA.srcs/sources_1/new/FSM.vhd:45]
INFO: [Synth 8-256] done synthesizing module 'FSM' (0#1) [C:/Users/skstu/Documents/GitHub/Trabajo-SED-FPGA/Trabajo-FPGA/Trabajo-FPGA.srcs/sources_1/new/FSM.vhd:11]
INFO: [Synth 8-3491] module 'mux_state' declared at 'C:/Users/skstu/Documents/GitHub/Trabajo-SED-FPGA/Trabajo-FPGA/Trabajo-FPGA.srcs/sources_1/new/mux_state.vhd:34' bound to instance 'muxstate' of component 'mux_state' [C:/Users/skstu/Documents/GitHub/Trabajo-SED-FPGA/Trabajo-FPGA/Trabajo-FPGA.srcs/sources_1/new/top1.vhd:345]
INFO: [Synth 8-638] synthesizing module 'mux_state' [C:/Users/skstu/Documents/GitHub/Trabajo-SED-FPGA/Trabajo-FPGA/Trabajo-FPGA.srcs/sources_1/new/mux_state.vhd:56]
WARNING: [Synth 8-614] signal 'centenas_x' is read in the process but is not in the sensitivity list [C:/Users/skstu/Documents/GitHub/Trabajo-SED-FPGA/Trabajo-FPGA/Trabajo-FPGA.srcs/sources_1/new/mux_state.vhd:59]
WARNING: [Synth 8-614] signal 'decenas_x' is read in the process but is not in the sensitivity list [C:/Users/skstu/Documents/GitHub/Trabajo-SED-FPGA/Trabajo-FPGA/Trabajo-FPGA.srcs/sources_1/new/mux_state.vhd:59]
WARNING: [Synth 8-614] signal 'unidades_x' is read in the process but is not in the sensitivity list [C:/Users/skstu/Documents/GitHub/Trabajo-SED-FPGA/Trabajo-FPGA/Trabajo-FPGA.srcs/sources_1/new/mux_state.vhd:59]
WARNING: [Synth 8-614] signal 'decimas_x' is read in the process but is not in the sensitivity list [C:/Users/skstu/Documents/GitHub/Trabajo-SED-FPGA/Trabajo-FPGA/Trabajo-FPGA.srcs/sources_1/new/mux_state.vhd:59]
WARNING: [Synth 8-614] signal 'signo_x_display' is read in the process but is not in the sensitivity list [C:/Users/skstu/Documents/GitHub/Trabajo-SED-FPGA/Trabajo-FPGA/Trabajo-FPGA.srcs/sources_1/new/mux_state.vhd:59]
WARNING: [Synth 8-614] signal 'centenas_y' is read in the process but is not in the sensitivity list [C:/Users/skstu/Documents/GitHub/Trabajo-SED-FPGA/Trabajo-FPGA/Trabajo-FPGA.srcs/sources_1/new/mux_state.vhd:59]
WARNING: [Synth 8-614] signal 'decenas_y' is read in the process but is not in the sensitivity list [C:/Users/skstu/Documents/GitHub/Trabajo-SED-FPGA/Trabajo-FPGA/Trabajo-FPGA.srcs/sources_1/new/mux_state.vhd:59]
WARNING: [Synth 8-614] signal 'unidades_y' is read in the process but is not in the sensitivity list [C:/Users/skstu/Documents/GitHub/Trabajo-SED-FPGA/Trabajo-FPGA/Trabajo-FPGA.srcs/sources_1/new/mux_state.vhd:59]
WARNING: [Synth 8-614] signal 'decimas_y' is read in the process but is not in the sensitivity list [C:/Users/skstu/Documents/GitHub/Trabajo-SED-FPGA/Trabajo-FPGA/Trabajo-FPGA.srcs/sources_1/new/mux_state.vhd:59]
WARNING: [Synth 8-614] signal 'signo_y_display' is read in the process but is not in the sensitivity list [C:/Users/skstu/Documents/GitHub/Trabajo-SED-FPGA/Trabajo-FPGA/Trabajo-FPGA.srcs/sources_1/new/mux_state.vhd:59]
INFO: [Synth 8-256] done synthesizing module 'mux_state' (0#1) [C:/Users/skstu/Documents/GitHub/Trabajo-SED-FPGA/Trabajo-FPGA/Trabajo-FPGA.srcs/sources_1/new/mux_state.vhd:56]
INFO: [Synth 8-3491] module 'FrequencyDivider' declared at 'C:/Users/skstu/Documents/GitHub/Trabajo-SED-FPGA/Trabajo-FPGA/Trabajo-FPGA.srcs/sources_1/new/FrequencyDivider.vhd:5' bound to instance 'FrecDiv' of component 'FrequencyDivider' [C:/Users/skstu/Documents/GitHub/Trabajo-SED-FPGA/Trabajo-FPGA/Trabajo-FPGA.srcs/sources_1/new/top1.vhd:367]
INFO: [Synth 8-638] synthesizing module 'FrequencyDivider' [C:/Users/skstu/Documents/GitHub/Trabajo-SED-FPGA/Trabajo-FPGA/Trabajo-FPGA.srcs/sources_1/new/FrequencyDivider.vhd:13]
INFO: [Synth 8-256] done synthesizing module 'FrequencyDivider' (0#1) [C:/Users/skstu/Documents/GitHub/Trabajo-SED-FPGA/Trabajo-FPGA/Trabajo-FPGA.srcs/sources_1/new/FrequencyDivider.vhd:13]
INFO: [Synth 8-3491] module 'RingCounter' declared at 'C:/Users/skstu/Documents/GitHub/Trabajo-SED-FPGA/Trabajo-FPGA/Trabajo-FPGA.srcs/sources_1/new/RingCounter.vhd:5' bound to instance 'RingCount' of component 'RingCounter' [C:/Users/skstu/Documents/GitHub/Trabajo-SED-FPGA/Trabajo-FPGA/Trabajo-FPGA.srcs/sources_1/new/top1.vhd:374]
INFO: [Synth 8-638] synthesizing module 'RingCounter' [C:/Users/skstu/Documents/GitHub/Trabajo-SED-FPGA/Trabajo-FPGA/Trabajo-FPGA.srcs/sources_1/new/RingCounter.vhd:13]
INFO: [Synth 8-256] done synthesizing module 'RingCounter' (0#1) [C:/Users/skstu/Documents/GitHub/Trabajo-SED-FPGA/Trabajo-FPGA/Trabajo-FPGA.srcs/sources_1/new/RingCounter.vhd:13]
INFO: [Synth 8-3491] module 'mux_display' declared at 'C:/Users/skstu/Documents/GitHub/Trabajo-SED-FPGA/Trabajo-FPGA/Trabajo-FPGA.srcs/sources_1/new/mux_display.vhd:5' bound to instance 'MuxInst' of component 'mux_display' [C:/Users/skstu/Documents/GitHub/Trabajo-SED-FPGA/Trabajo-FPGA/Trabajo-FPGA.srcs/sources_1/new/top1.vhd:381]
INFO: [Synth 8-638] synthesizing module 'mux_display' [C:/Users/skstu/Documents/GitHub/Trabajo-SED-FPGA/Trabajo-FPGA/Trabajo-FPGA.srcs/sources_1/new/mux_display.vhd:14]
INFO: [Synth 8-226] default block is never used [C:/Users/skstu/Documents/GitHub/Trabajo-SED-FPGA/Trabajo-FPGA/Trabajo-FPGA.srcs/sources_1/new/mux_display.vhd:18]
INFO: [Synth 8-256] done synthesizing module 'mux_display' (0#1) [C:/Users/skstu/Documents/GitHub/Trabajo-SED-FPGA/Trabajo-FPGA/Trabajo-FPGA.srcs/sources_1/new/mux_display.vhd:14]
INFO: [Synth 8-3491] module 'SelectorDisplay' declared at 'C:/Users/skstu/Documents/GitHub/Trabajo-SED-FPGA/Trabajo-FPGA/Trabajo-FPGA.srcs/sources_1/new/SelectorDisplay.vhd:4' bound to instance 'Disp' of component 'SelectorDisplay' [C:/Users/skstu/Documents/GitHub/Trabajo-SED-FPGA/Trabajo-FPGA/Trabajo-FPGA.srcs/sources_1/new/top1.vhd:389]
INFO: [Synth 8-638] synthesizing module 'SelectorDisplay' [C:/Users/skstu/Documents/GitHub/Trabajo-SED-FPGA/Trabajo-FPGA/Trabajo-FPGA.srcs/sources_1/new/SelectorDisplay.vhd:11]
INFO: [Synth 8-226] default block is never used [C:/Users/skstu/Documents/GitHub/Trabajo-SED-FPGA/Trabajo-FPGA/Trabajo-FPGA.srcs/sources_1/new/SelectorDisplay.vhd:15]
INFO: [Synth 8-256] done synthesizing module 'SelectorDisplay' (0#1) [C:/Users/skstu/Documents/GitHub/Trabajo-SED-FPGA/Trabajo-FPGA/Trabajo-FPGA.srcs/sources_1/new/SelectorDisplay.vhd:11]
INFO: [Synth 8-3491] module 'decoder' declared at 'C:/Users/skstu/Documents/GitHub/Trabajo-SED-FPGA/Trabajo-FPGA/Trabajo-FPGA.srcs/sources_1/new/decoder.vhd:5' bound to instance 'Dec' of component 'decoder' [C:/Users/skstu/Documents/GitHub/Trabajo-SED-FPGA/Trabajo-FPGA/Trabajo-FPGA.srcs/sources_1/new/top1.vhd:395]
INFO: [Synth 8-638] synthesizing module 'decoder' [C:/Users/skstu/Documents/GitHub/Trabajo-SED-FPGA/Trabajo-FPGA/Trabajo-FPGA.srcs/sources_1/new/decoder.vhd:12]
INFO: [Synth 8-256] done synthesizing module 'decoder' (0#1) [C:/Users/skstu/Documents/GitHub/Trabajo-SED-FPGA/Trabajo-FPGA/Trabajo-FPGA.srcs/sources_1/new/decoder.vhd:12]
INFO: [Synth 8-256] done synthesizing module 'Top' (0#1) [C:/Users/skstu/Documents/GitHub/Trabajo-SED-FPGA/Trabajo-FPGA/Trabajo-FPGA.srcs/sources_1/new/top1.vhd:22]
---------------------------------------------------------------------------------
Finished RTL Elaboration : Time (s): cpu = 00:00:06 ; elapsed = 00:00:08 . Memory (MB): peak = 1882.367 ; gain = 575.422
---------------------------------------------------------------------------------
---------------------------------------------------------------------------------
Start Handling Custom Attributes
---------------------------------------------------------------------------------
---------------------------------------------------------------------------------
Finished Handling Custom Attributes : Time (s): cpu = 00:00:06 ; elapsed = 00:00:09 . Memory (MB): peak = 1882.367 ; gain = 575.422
---------------------------------------------------------------------------------
---------------------------------------------------------------------------------
Finished RTL Optimization Phase 1 : Time (s): cpu = 00:00:06 ; elapsed = 00:00:09 . Memory (MB): peak = 1882.367 ; gain = 575.422
---------------------------------------------------------------------------------
INFO: [Project 1-454] Reading design checkpoint 'c:/Users/skstu/Documents/GitHub/Trabajo-SED-FPGA/Trabajo-FPGA/Trabajo-FPGA.gen/sources_1/ip/cordic_0/cordic_0.dcp' for cell 'calc_angle_x/cordic_inst'
Netlist sorting complete. Time (s): cpu = 00:00:00 ; elapsed = 00:00:00.207 . Memory (MB): peak = 1882.367 ; gain = 0.000
INFO: [Netlist 29-17] Analyzing 454 Unisim elements for replacement
INFO: [Netlist 29-28] Unisim Transformation completed in 0 CPU seconds
INFO: [Project 1-479] Netlist was created with Vivado 2024.2
INFO: [Project 1-570] Preparing netlist for logic optimization

Processing XDC Constraints
Initializing timing engine
Parsing XDC File [C:/Users/skstu/Documents/GitHub/Trabajo-SED-FPGA/Trabajo-FPGA/Trabajo-FPGA.srcs/constrs_1/imports/Trabajo-SED-FPGA/Nexys-4-DDR-Master.xdc]
Finished Parsing XDC File [C:/Users/skstu/Documents/GitHub/Trabajo-SED-FPGA/Trabajo-FPGA/Trabajo-FPGA.srcs/constrs_1/imports/Trabajo-SED-FPGA/Nexys-4-DDR-Master.xdc]
Completed Processing XDC Constraints

Netlist sorting complete. Time (s): cpu = 00:00:00 ; elapsed = 00:00:00.006 . Memory (MB): peak = 1975.875 ; gain = 0.000
INFO: [Project 1-111] Unisim Transformation Summary:
No Unisim elements were transformed.

RTL Elaboration Complete:  : Time (s): cpu = 00:00:15 ; elapsed = 00:00:23 . Memory (MB): peak = 2240.504 ; gain = 933.559
71 Infos, 11 Warnings, 0 Critical Warnings and 0 Errors encountered.
synth_design completed successfully
synth_design: Time (s): cpu = 00:00:17 ; elapsed = 00:00:27 . Memory (MB): peak = 2240.504 ; gain = 1068.105
